<?xml version="1.0" encoding="UTF-8"?>
<robot generator="Robot 5.0.1 (Python 3.7.9 on win32)" generated="20250822 10:45:27.108" rpa="false" schemaversion="3">
<suite id="s1" name="Small Cell for TPT III" source="C:\Users\arnoj885\Robot Framework\Obsolate Transporter\tests\TYPE_Non-Turnkey\Small Cell for TPT III">
<suite id="s1-s1" name="Small Cell for TPT III" source="C:\Users\arnoj885\Robot Framework\Obsolate Transporter\tests\TYPE_Non-Turnkey\Small Cell for TPT III\Small_Cell_for_TPT_III.robot">
<test id="s1-s1-t1" name="ทดสอบระบบการทำงานของ Transporter : Type Non Turnkey [Small Cell for TPT III]" line="8">
<kw name="Log" library="BuiltIn">
<arg>เริ่มการทำงาน Transporter : Type Non Turnkey [Small Cell for TPT III]</arg>
<doc>Logs the given message with the given level.</doc>
<msg timestamp="20250822 10:45:31.979" level="INFO">เริ่มการทำงาน Transporter : Type Non Turnkey [Small Cell for TPT III]</msg>
<status status="PASS" starttime="20250822 10:45:31.977" endtime="20250822 10:45:31.979"/>
</kw>
<kw name="Open Workbook" library="RPA.Excel.Files">
<arg>${SOURCE_FILE For Small Cell}</arg>
<doc>Open an existing Excel workbook.</doc>
<msg timestamp="20250822 10:45:32.142" level="INFO">Opened workbook: &lt;RPA.Excel.Files.XlsxWorkbook object at 0x000001ED3AE7B048&gt;</msg>
<status status="PASS" starttime="20250822 10:45:31.979" endtime="20250822 10:45:32.142"/>
</kw>
<kw name="Read Worksheet As Table" library="RPA.Excel.Files">
<var>${table}</var>
<arg>name=${SHEET_NAME}</arg>
<arg>header=True</arg>
<doc>Read the contents of a worksheet into a Table container. Allows
sorting/filtering/manipulating using the ``RPA.Tables`` library.</doc>
<msg timestamp="20250822 10:45:32.146" level="INFO">Created table: Table(columns=['Test_Case_ID', 'Proferma_No', 'Import_Site_Template_File', 'Project Name', 'Project Owner Company', 'Service System', 'Reference Site Code', 'SSR Type', 'Equipment Type', 'Site Type', 'Site Name', 'Zone MC', 'Region', 'Role Approve1', 'Vendor Name', 'Subcontract Name', 'Proforma No', 'Sub Project', 'Number Of Site', 'Balance QTY', 'Project Type', 'Project Detail', 'Purchase Cat Group', 'Purchase Cat', 'Action Type', 'System Type', 'Service Code', 'Company Code', 'Procurator Workflow Type', 'Procurator SSR Type', 'Procurator Region', 'SSR_Submitted_Upload_File', 'Drawing_Submitted_Upload_File', 'BOQ_Document_Upload_File', 'Date_Time', 'Run_Status', 'Reference_Site_Code', 'SSR_ID', 'Pre-PR', 'PO', 'Result'], rows=3)</msg>
<msg timestamp="20250822 10:45:32.146" level="INFO">${table} = Table(columns=['Test_Case_ID', 'Proferma_No', 'Import_Site_Template_File', 'Project Name', 'Project Owner Company', 'Service System', 'Reference Site Code', 'SSR Type', 'Equipment Type', 'Site Type', ...</msg>
<status status="PASS" starttime="20250822 10:45:32.142" endtime="20250822 10:45:32.146"/>
</kw>
<kw name="Get Length" library="BuiltIn">
<var>${row_count}</var>
<arg>${table}</arg>
<doc>Returns and logs the length of the given item as an integer.</doc>
<msg timestamp="20250822 10:45:32.146" level="INFO">Length is 3</msg>
<msg timestamp="20250822 10:45:32.146" level="INFO">${row_count} = 3</msg>
<status status="PASS" starttime="20250822 10:45:32.146" endtime="20250822 10:45:32.146"/>
</kw>
<for flavor="IN RANGE">
<var>${i}</var>
<value>1</value>
<value>${row_count + 1}</value>
<iter>
<var name="${i}">1</var>
<kw name="Open Browser To Login Page" library="login_keywords">
<kw name="Open Browser" library="SeleniumLibrary">
<arg>${URL}</arg>
<arg>${BROWSER}</arg>
<doc>Opens a new browser instance to the optional ``url``.</doc>
<msg timestamp="20250822 10:45:32.162" level="INFO">Opening browser 'Chrome' to base url 'https://test-transporter.intra.ais/TPTWeb/login.jsf'.</msg>
<status status="PASS" starttime="20250822 10:45:32.162" endtime="20250822 10:45:39.849"/>
</kw>
<kw name="Maximize Browser Window" library="SeleniumLibrary">
<doc>Maximizes current browser window.</doc>
<status status="PASS" starttime="20250822 10:45:39.850" endtime="20250822 10:45:39.984"/>
</kw>
<kw name="Set Selenium Timeout" library="SeleniumLibrary">
<arg>10 seconds</arg>
<doc>Sets the timeout that is used by various keywords.</doc>
<status status="PASS" starttime="20250822 10:45:39.984" endtime="20250822 10:45:39.989"/>
</kw>
<status status="PASS" starttime="20250822 10:45:32.162" endtime="20250822 10:45:39.989"/>
</kw>
<try>
<branch type="TRY">
<kw name="Get Column Values By Name File" library="Excel_Temp_New">
<var>${Test_Case_ID List}</var>
<arg>${SOURCE_FILE For Small Cell}</arg>
<arg>Test_Case_ID</arg>
<kw name="Open Workbook" library="RPA.Excel.Files">
<arg>${SOURCE_FILE}</arg>
<doc>Open an existing Excel workbook.</doc>
<msg timestamp="20250822 10:45:39.996" level="INFO">Closing workbook: &lt;RPA.Excel.Files.XlsxWorkbook object at 0x000001ED3AE7B048&gt;</msg>
<msg timestamp="20250822 10:45:40.376" level="INFO">Opened workbook: &lt;RPA.Excel.Files.XlsxWorkbook object at 0x000001ED4A81A9C8&gt;</msg>
<status status="PASS" starttime="20250822 10:45:39.992" endtime="20250822 10:45:40.376"/>
</kw>
<kw name="Read Worksheet As Table" library="RPA.Excel.Files">
<var>${rows}</var>
<arg>header=True</arg>
<doc>Read the contents of a worksheet into a Table container. Allows
sorting/filtering/manipulating using the ``RPA.Tables`` library.</doc>
<msg timestamp="20250822 10:45:40.382" level="INFO">Created table: Table(columns=['Test_Case_ID', 'Proferma_No', 'Import_Site_Template_File', 'Project Name', 'Project Owner Company', 'Service System', 'Reference Site Code', 'SSR Type', 'Equipment Type', 'Site Type', 'Site Name', 'Zone MC', 'Region', 'Role Approve1', 'Vendor Name', 'Subcontract Name', 'Proforma No', 'Sub Project', 'Number Of Site', 'Balance QTY', 'Project Type', 'Project Detail', 'Purchase Cat Group', 'Purchase Cat', 'Action Type', 'System Type', 'Service Code', 'Company Code', 'Procurator Workflow Type', 'Procurator SSR Type', 'Procurator Region', 'SSR_Submitted_Upload_File', 'Drawing_Submitted_Upload_File', 'BOQ_Document_Upload_File', 'Date_Time', 'Run_Status', 'Reference_Site_Code', 'SSR_ID', 'Pre-PR', 'PO', 'Result'], rows=3)</msg>
<msg timestamp="20250822 10:45:40.382" level="INFO">${rows} = Table(columns=['Test_Case_ID', 'Proferma_No', 'Import_Site_Template_File', 'Project Name', 'Project Owner Company', 'Service System', 'Reference Site Code', 'SSR Type', 'Equipment Type', 'Site Type', ...</msg>
<status status="PASS" starttime="20250822 10:45:40.376" endtime="20250822 10:45:40.382"/>
</kw>
<kw name="Create List" library="BuiltIn">
<var>${values}</var>
<doc>Returns a list containing given items.</doc>
<msg timestamp="20250822 10:45:40.382" level="INFO">${values} = []</msg>
<status status="PASS" starttime="20250822 10:45:40.382" endtime="20250822 10:45:40.382"/>
</kw>
<for flavor="IN">
<var>${row}</var>
<value>@{rows}</value>
<iter>
<var name="${row}">{'Test_Case_ID': 'TC_001', 'Proferma_No': 1010001075, 'Import_Site_Template_File': 'Import_Site_Template_Proforma Small Cell for TPT III.xls', 'Project Name': 'Test Interface Send/Approve/Cancel PR [Y...</var>
<kw name="Get From Dictionary" library="Collections">
<var>${value}</var>
<arg>${row}</arg>
<arg>${column_name}</arg>
<doc>Returns a value from the given ``dictionary`` based on the given ``key``.</doc>
<msg timestamp="20250822 10:45:40.382" level="INFO">${value} = TC_001</msg>
<status status="PASS" starttime="20250822 10:45:40.382" endtime="20250822 10:45:40.382"/>
</kw>
<kw name="Append To List" library="Collections">
<arg>${values}</arg>
<arg>${value}</arg>
<doc>Adds ``values`` to the end of ``list``.</doc>
<status status="PASS" starttime="20250822 10:45:40.382" endtime="20250822 10:45:40.382"/>
</kw>
<status status="PASS" starttime="20250822 10:45:40.382" endtime="20250822 10:45:40.382"/>
</iter>
<iter>
<var name="${row}">{'Test_Case_ID': 'TC_002', 'Proferma_No': 1010001075, 'Import_Site_Template_File': 'Import_Site_Template_Proforma Small Cell for TPT III.xls', 'Project Name': 'Test Interface Send/Approve/Cancel PR [Y...</var>
<kw name="Get From Dictionary" library="Collections">
<var>${value}</var>
<arg>${row}</arg>
<arg>${column_name}</arg>
<doc>Returns a value from the given ``dictionary`` based on the given ``key``.</doc>
<msg timestamp="20250822 10:45:40.382" level="INFO">${value} = TC_002</msg>
<status status="PASS" starttime="20250822 10:45:40.382" endtime="20250822 10:45:40.382"/>
</kw>
<kw name="Append To List" library="Collections">
<arg>${values}</arg>
<arg>${value}</arg>
<doc>Adds ``values`` to the end of ``list``.</doc>
<status status="PASS" starttime="20250822 10:45:40.382" endtime="20250822 10:45:40.392"/>
</kw>
<status status="PASS" starttime="20250822 10:45:40.382" endtime="20250822 10:45:40.392"/>
</iter>
<iter>
<var name="${row}">{'Test_Case_ID': 'TC_003', 'Proferma_No': 1010001075, 'Import_Site_Template_File': 'Import_Site_Template_Proforma Small Cell for TPT III.xls', 'Project Name': 'Test Interface Send/Approve/Cancel PR [Y...</var>
<kw name="Get From Dictionary" library="Collections">
<var>${value}</var>
<arg>${row}</arg>
<arg>${column_name}</arg>
<doc>Returns a value from the given ``dictionary`` based on the given ``key``.</doc>
<msg timestamp="20250822 10:45:40.392" level="INFO">${value} = TC_003</msg>
<status status="PASS" starttime="20250822 10:45:40.392" endtime="20250822 10:45:40.392"/>
</kw>
<kw name="Append To List" library="Collections">
<arg>${values}</arg>
<arg>${value}</arg>
<doc>Adds ``values`` to the end of ``list``.</doc>
<status status="PASS" starttime="20250822 10:45:40.392" endtime="20250822 10:45:40.396"/>
</kw>
<status status="PASS" starttime="20250822 10:45:40.392" endtime="20250822 10:45:40.396"/>
</iter>
<status status="PASS" starttime="20250822 10:45:40.382" endtime="20250822 10:45:40.396"/>
</for>
<kw name="Close Workbook" library="RPA.Excel.Files">
<doc>Close the active workbook.</doc>
<msg timestamp="20250822 10:45:40.398" level="INFO">Closing workbook: &lt;RPA.Excel.Files.XlsxWorkbook object at 0x000001ED4A81A9C8&gt;</msg>
<status status="PASS" starttime="20250822 10:45:40.396" endtime="20250822 10:45:40.398"/>
</kw>
<msg timestamp="20250822 10:45:40.398" level="INFO">${Test_Case_ID List} = ['TC_001', 'TC_002', 'TC_003']</msg>
<status status="PASS" starttime="20250822 10:45:39.990" endtime="20250822 10:45:40.398"/>
</kw>
<kw name="Set Variable" library="BuiltIn">
<var>${Test_Case_ID}</var>
<arg>${Test_Case_ID List[${i - 1}]}</arg>
<doc>Returns the given values which can then be assigned to a variables.</doc>
<msg timestamp="20250822 10:45:40.419" level="INFO">${Test_Case_ID} = TC_001</msg>
<status status="PASS" starttime="20250822 10:45:40.398" endtime="20250822 10:45:40.419"/>
</kw>
<kw name="Get Column Values By Name File" library="Excel_Temp_New">
<var>${Proferma_No List}</var>
<arg>${SOURCE_FILE For Small Cell}</arg>
<arg>Proferma_No</arg>
<kw name="Open Workbook" library="RPA.Excel.Files">
<arg>${SOURCE_FILE}</arg>
<doc>Open an existing Excel workbook.</doc>
<msg timestamp="20250822 10:45:40.661" level="INFO">Opened workbook: &lt;RPA.Excel.Files.XlsxWorkbook object at 0x000001ED4AA2DBC8&gt;</msg>
<status status="PASS" starttime="20250822 10:45:40.419" endtime="20250822 10:45:40.662"/>
</kw>
<kw name="Read Worksheet As Table" library="RPA.Excel.Files">
<var>${rows}</var>
<arg>header=True</arg>
<doc>Read the contents of a worksheet into a Table container. Allows
sorting/filtering/manipulating using the ``RPA.Tables`` library.</doc>
<msg timestamp="20250822 10:45:40.669" level="INFO">Created table: Table(columns=['Test_Case_ID', 'Proferma_No', 'Import_Site_Template_File', 'Project Name', 'Project Owner Company', 'Service System', 'Reference Site Code', 'SSR Type', 'Equipment Type', 'Site Type', 'Site Name', 'Zone MC', 'Region', 'Role Approve1', 'Vendor Name', 'Subcontract Name', 'Proforma No', 'Sub Project', 'Number Of Site', 'Balance QTY', 'Project Type', 'Project Detail', 'Purchase Cat Group', 'Purchase Cat', 'Action Type', 'System Type', 'Service Code', 'Company Code', 'Procurator Workflow Type', 'Procurator SSR Type', 'Procurator Region', 'SSR_Submitted_Upload_File', 'Drawing_Submitted_Upload_File', 'BOQ_Document_Upload_File', 'Date_Time', 'Run_Status', 'Reference_Site_Code', 'SSR_ID', 'Pre-PR', 'PO', 'Result'], rows=3)</msg>
<msg timestamp="20250822 10:45:40.669" level="INFO">${rows} = Table(columns=['Test_Case_ID', 'Proferma_No', 'Import_Site_Template_File', 'Project Name', 'Project Owner Company', 'Service System', 'Reference Site Code', 'SSR Type', 'Equipment Type', 'Site Type', ...</msg>
<status status="PASS" starttime="20250822 10:45:40.663" endtime="20250822 10:45:40.669"/>
</kw>
<kw name="Create List" library="BuiltIn">
<var>${values}</var>
<doc>Returns a list containing given items.</doc>
<msg timestamp="20250822 10:45:40.669" level="INFO">${values} = []</msg>
<status status="PASS" starttime="20250822 10:45:40.669" endtime="20250822 10:45:40.669"/>
</kw>
<for flavor="IN">
<var>${row}</var>
<value>@{rows}</value>
<iter>
<var name="${row}">{'Test_Case_ID': 'TC_001', 'Proferma_No': 1010001075, 'Import_Site_Template_File': 'Import_Site_Template_Proforma Small Cell for TPT III.xls', 'Project Name': 'Test Interface Send/Approve/Cancel PR [Y...</var>
<kw name="Get From Dictionary" library="Collections">
<var>${value}</var>
<arg>${row}</arg>
<arg>${column_name}</arg>
<doc>Returns a value from the given ``dictionary`` based on the given ``key``.</doc>
<msg timestamp="20250822 10:45:40.674" level="INFO">${value} = 1010001075</msg>
<status status="PASS" starttime="20250822 10:45:40.669" endtime="20250822 10:45:40.674"/>
</kw>
<kw name="Append To List" library="Collections">
<arg>${values}</arg>
<arg>${value}</arg>
<doc>Adds ``values`` to the end of ``list``.</doc>
<status status="PASS" starttime="20250822 10:45:40.674" endtime="20250822 10:45:40.674"/>
</kw>
<status status="PASS" starttime="20250822 10:45:40.669" endtime="20250822 10:45:40.674"/>
</iter>
<iter>
<var name="${row}">{'Test_Case_ID': 'TC_002', 'Proferma_No': 1010001075, 'Import_Site_Template_File': 'Import_Site_Template_Proforma Small Cell for TPT III.xls', 'Project Name': 'Test Interface Send/Approve/Cancel PR [Y...</var>
<kw name="Get From Dictionary" library="Collections">
<var>${value}</var>
<arg>${row}</arg>
<arg>${column_name}</arg>
<doc>Returns a value from the given ``dictionary`` based on the given ``key``.</doc>
<msg timestamp="20250822 10:45:40.679" level="INFO">${value} = 1010001075</msg>
<status status="PASS" starttime="20250822 10:45:40.677" endtime="20250822 10:45:40.679"/>
</kw>
<kw name="Append To List" library="Collections">
<arg>${values}</arg>
<arg>${value}</arg>
<doc>Adds ``values`` to the end of ``list``.</doc>
<status status="PASS" starttime="20250822 10:45:40.679" endtime="20250822 10:45:40.680"/>
</kw>
<status status="PASS" starttime="20250822 10:45:40.674" endtime="20250822 10:45:40.680"/>
</iter>
<iter>
<var name="${row}">{'Test_Case_ID': 'TC_003', 'Proferma_No': 1010001075, 'Import_Site_Template_File': 'Import_Site_Template_Proforma Small Cell for TPT III.xls', 'Project Name': 'Test Interface Send/Approve/Cancel PR [Y...</var>
<kw name="Get From Dictionary" library="Collections">
<var>${value}</var>
<arg>${row}</arg>
<arg>${column_name}</arg>
<doc>Returns a value from the given ``dictionary`` based on the given ``key``.</doc>
<msg timestamp="20250822 10:45:40.682" level="INFO">${value} = 1010001075</msg>
<status status="PASS" starttime="20250822 10:45:40.680" endtime="20250822 10:45:40.682"/>
</kw>
<kw name="Append To List" library="Collections">
<arg>${values}</arg>
<arg>${value}</arg>
<doc>Adds ``values`` to the end of ``list``.</doc>
<status status="PASS" starttime="20250822 10:45:40.682" endtime="20250822 10:45:40.682"/>
</kw>
<status status="PASS" starttime="20250822 10:45:40.680" endtime="20250822 10:45:40.682"/>
</iter>
<status status="PASS" starttime="20250822 10:45:40.669" endtime="20250822 10:45:40.682"/>
</for>
<kw name="Close Workbook" library="RPA.Excel.Files">
<doc>Close the active workbook.</doc>
<msg timestamp="20250822 10:45:40.682" level="INFO">Closing workbook: &lt;RPA.Excel.Files.XlsxWorkbook object at 0x000001ED4AA2DBC8&gt;</msg>
<status status="PASS" starttime="20250822 10:45:40.682" endtime="20250822 10:45:40.682"/>
</kw>
<msg timestamp="20250822 10:45:40.685" level="INFO">${Proferma_No List} = [1010001075, 1010001075, 1010001075]</msg>
<status status="PASS" starttime="20250822 10:45:40.419" endtime="20250822 10:45:40.685"/>
</kw>
<kw name="Set Variable" library="BuiltIn">
<var>${Proferma_No}</var>
<arg>${Proferma_No List[${i - 1}]}</arg>
<doc>Returns the given values which can then be assigned to a variables.</doc>
<msg timestamp="20250822 10:45:40.700" level="INFO">${Proferma_No} = 1010001075</msg>
<status status="PASS" starttime="20250822 10:45:40.685" endtime="20250822 10:45:40.700"/>
</kw>
<kw name="Log" library="BuiltIn">
<arg>Proferma_No :&gt;&gt;&gt;${Proferma_No}</arg>
<doc>Logs the given message with the given level.</doc>
<msg timestamp="20250822 10:45:40.700" level="INFO">Proferma_No :&gt;&gt;&gt;1010001075</msg>
<status status="PASS" starttime="20250822 10:45:40.700" endtime="20250822 10:45:40.700"/>
</kw>
<kw name="Log" library="BuiltIn">
<arg>=== เริ่มการทำงาน Test Case ID : ${Test_Case_ID} ===</arg>
<doc>Logs the given message with the given level.</doc>
<msg timestamp="20250822 10:45:40.700" level="INFO">=== เริ่มการทำงาน Test Case ID : TC_001 ===</msg>
<status status="PASS" starttime="20250822 10:45:40.700" endtime="20250822 10:45:40.700"/>
</kw>
<kw name="Clear Excel Value File" library="Excel_Temp_New">
<arg>${SOURCE_FILE For Small Cell}</arg>
<arg>${i + 1}</arg>
<kw name="Log" library="BuiltIn">
<arg>Clear Excel Value File = ${Row_Index}</arg>
<doc>Logs the given message with the given level.</doc>
<msg timestamp="20250822 10:45:40.714" level="INFO">Clear Excel Value File = 2</msg>
<status status="PASS" starttime="20250822 10:45:40.714" endtime="20250822 10:45:40.714"/>
</kw>
<kw name="Write Value From Column Name" library="Excel_Temp_New">
<arg>${SOURCE_FILE}</arg>
<arg>${Row_Index}</arg>
<arg>Date_Time</arg>
<arg>${EMPTY}</arg>
<kw name="Open Workbook" library="RPA.Excel.Files">
<arg>${SOURCE_FILE}</arg>
<doc>Open an existing Excel workbook.</doc>
<msg timestamp="20250822 10:45:40.947" level="INFO">Opened workbook: &lt;RPA.Excel.Files.XlsxWorkbook object at 0x000001ED4A72D308&gt;</msg>
<status status="PASS" starttime="20250822 10:45:40.725" endtime="20250822 10:45:40.947"/>
</kw>
<kw name="Log" library="BuiltIn">
<arg>Write Value From Column Name = ${ROW}</arg>
<doc>Logs the given message with the given level.</doc>
<msg timestamp="20250822 10:45:40.947" level="INFO">Write Value From Column Name = 2</msg>
<status status="PASS" starttime="20250822 10:45:40.947" endtime="20250822 10:45:40.947"/>
</kw>
<kw name="Read Worksheet As Table" library="RPA.Excel.Files">
<var>${rows}</var>
<arg>header=False</arg>
<doc>Read the contents of a worksheet into a Table container. Allows
sorting/filtering/manipulating using the ``RPA.Tables`` library.</doc>
<msg timestamp="20250822 10:45:40.956" level="INFO">Created table: Table(columns=['A', 'B', 'C', 'D', 'E', 'F', 'G', 'H', 'I', 'J', 'K', 'L', 'M', 'N', 'O', 'P', 'Q', 'R', 'S', 'T', 'U', 'V', 'W', 'X', 'Y', 'Z', 'AA', 'AB', 'AC', 'AD', 'AE', 'AF', 'AG', 'AH', 'AI', 'AJ', 'AK', 'AL', 'AM', 'AN', 'AO', 'AP', 'AQ', 'AR', 'AS', 'AT', 'AU', 'AV'], rows=4)</msg>
<msg timestamp="20250822 10:45:40.956" level="INFO">${rows} = Table(columns=['A', 'B', 'C', 'D', 'E', 'F', 'G', 'H', 'I', 'J', 'K', 'L', 'M', 'N', 'O', 'P', 'Q', 'R', 'S', 'T', 'U', 'V', 'W', 'X', 'Y', 'Z', 'AA', 'AB', 'AC', 'AD', 'AE', 'AF', 'AG', 'AH', 'AI', '...</msg>
<status status="PASS" starttime="20250822 10:45:40.947" endtime="20250822 10:45:40.956"/>
</kw>
<kw name="Set Variable" library="BuiltIn">
<var>${headers}</var>
<arg>${rows}[0]</arg>
<doc>Returns the given values which can then be assigned to a variables.</doc>
<msg timestamp="20250822 10:45:40.958" level="INFO">${headers} = ['Test_Case_ID', 'Proferma_No', 'Import_Site_Template_File', 'Project Name', 'Project Owner Company', 'Service System', 'Reference Site Code', 'SSR Type', 'Equipment Type', 'Site Type ', 'Site Name', ...</msg>
<status status="PASS" starttime="20250822 10:45:40.957" endtime="20250822 10:45:40.958"/>
</kw>
<kw name="Write Cell Value" library="Excel_Temp_New">
<var>${col_index}</var>
<arg>${headers}</arg>
<arg>${HEADER}</arg>
<arg>${ROW}</arg>
<arg>${VALUE}</arg>
<kw name="Log" library="BuiltIn">
<arg>Row Write Cell Value = ${ROW}</arg>
<doc>Logs the given message with the given level.</doc>
<msg timestamp="20250822 10:45:40.960" level="INFO">Row Write Cell Value = 2</msg>
<status status="PASS" starttime="20250822 10:45:40.960" endtime="20250822 10:45:40.960"/>
</kw>
<kw name="Get Index From List" library="Collections">
<var>${col_index}</var>
<arg>${headers}</arg>
<arg>${HEADER_NAME}</arg>
<doc>Returns the index of the first occurrence of the ``value`` on the list.</doc>
<msg timestamp="20250822 10:45:40.963" level="INFO">${col_index} = 34</msg>
<status status="PASS" starttime="20250822 10:45:40.960" endtime="20250822 10:45:40.963"/>
</kw>
<kw name="Evaluate" library="BuiltIn">
<var>${col_number}</var>
<arg>${col_index} + 1</arg>
<doc>Evaluates the given expression in Python and returns the result.</doc>
<msg timestamp="20250822 10:45:40.965" level="INFO">${col_number} = 35</msg>
<status status="PASS" starttime="20250822 10:45:40.963" endtime="20250822 10:45:40.965"/>
</kw>
<kw name="Set Cell Value" library="RPA.Excel.Files">
<arg>row=${ROW}</arg>
<arg>column=${col_number}</arg>
<arg>value=${VALUE}</arg>
<doc>Set a cell value in the given worksheet.</doc>
<status status="PASS" starttime="20250822 10:45:40.965" endtime="20250822 10:45:40.965"/>
</kw>
<msg timestamp="20250822 10:45:40.965" level="INFO">${col_index} = None</msg>
<status status="PASS" starttime="20250822 10:45:40.958" endtime="20250822 10:45:40.965"/>
</kw>
<kw name="Log" library="BuiltIn">
<arg>Column index of ${HEADER} is ${col_index}</arg>
<doc>Logs the given message with the given level.</doc>
<msg timestamp="20250822 10:45:40.965" level="INFO">Column index of Date_Time is None</msg>
<status status="PASS" starttime="20250822 10:45:40.965" endtime="20250822 10:45:40.965"/>
</kw>
<kw name="Save Workbook" library="RPA.Excel.Files">
<doc>Save the active workbook.</doc>
<status status="PASS" starttime="20250822 10:45:40.965" endtime="20250822 10:45:41.265"/>
</kw>
<kw name="Close Workbook" library="RPA.Excel.Files">
<doc>Close the active workbook.</doc>
<msg timestamp="20250822 10:45:41.267" level="INFO">Closing workbook: &lt;RPA.Excel.Files.XlsxWorkbook object at 0x000001ED4A72D308&gt;</msg>
<status status="PASS" starttime="20250822 10:45:41.267" endtime="20250822 10:45:41.267"/>
</kw>
<status status="PASS" starttime="20250822 10:45:40.714" endtime="20250822 10:45:41.267"/>
</kw>
<kw name="Write Value From Column Name" library="Excel_Temp_New">
<arg>${SOURCE_FILE}</arg>
<arg>${Row_Index}</arg>
<arg>Run_Status</arg>
<arg>${EMPTY}</arg>
<kw name="Open Workbook" library="RPA.Excel.Files">
<arg>${SOURCE_FILE}</arg>
<doc>Open an existing Excel workbook.</doc>
<msg timestamp="20250822 10:45:41.512" level="INFO">Opened workbook: &lt;RPA.Excel.Files.XlsxWorkbook object at 0x000001ED4AA0B7C8&gt;</msg>
<status status="PASS" starttime="20250822 10:45:41.267" endtime="20250822 10:45:41.512"/>
</kw>
<kw name="Log" library="BuiltIn">
<arg>Write Value From Column Name = ${ROW}</arg>
<doc>Logs the given message with the given level.</doc>
<msg timestamp="20250822 10:45:41.512" level="INFO">Write Value From Column Name = 2</msg>
<status status="PASS" starttime="20250822 10:45:41.512" endtime="20250822 10:45:41.512"/>
</kw>
<kw name="Read Worksheet As Table" library="RPA.Excel.Files">
<var>${rows}</var>
<arg>header=False</arg>
<doc>Read the contents of a worksheet into a Table container. Allows
sorting/filtering/manipulating using the ``RPA.Tables`` library.</doc>
<msg timestamp="20250822 10:45:41.521" level="INFO">Created table: Table(columns=['A', 'B', 'C', 'D', 'E', 'F', 'G', 'H', 'I', 'J', 'K', 'L', 'M', 'N', 'O', 'P', 'Q', 'R', 'S', 'T', 'U', 'V', 'W', 'X', 'Y', 'Z', 'AA', 'AB', 'AC', 'AD', 'AE', 'AF', 'AG', 'AH', 'AI', 'AJ', 'AK', 'AL', 'AM', 'AN', 'AO', 'AP', 'AQ', 'AR', 'AS', 'AT', 'AU', 'AV'], rows=4)</msg>
<msg timestamp="20250822 10:45:41.521" level="INFO">${rows} = Table(columns=['A', 'B', 'C', 'D', 'E', 'F', 'G', 'H', 'I', 'J', 'K', 'L', 'M', 'N', 'O', 'P', 'Q', 'R', 'S', 'T', 'U', 'V', 'W', 'X', 'Y', 'Z', 'AA', 'AB', 'AC', 'AD', 'AE', 'AF', 'AG', 'AH', 'AI', '...</msg>
<status status="PASS" starttime="20250822 10:45:41.515" endtime="20250822 10:45:41.521"/>
</kw>
<kw name="Set Variable" library="BuiltIn">
<var>${headers}</var>
<arg>${rows}[0]</arg>
<doc>Returns the given values which can then be assigned to a variables.</doc>
<msg timestamp="20250822 10:45:41.523" level="INFO">${headers} = ['Test_Case_ID', 'Proferma_No', 'Import_Site_Template_File', 'Project Name', 'Project Owner Company', 'Service System', 'Reference Site Code', 'SSR Type', 'Equipment Type', 'Site Type ', 'Site Name', ...</msg>
<status status="PASS" starttime="20250822 10:45:41.523" endtime="20250822 10:45:41.523"/>
</kw>
<kw name="Write Cell Value" library="Excel_Temp_New">
<var>${col_index}</var>
<arg>${headers}</arg>
<arg>${HEADER}</arg>
<arg>${ROW}</arg>
<arg>${VALUE}</arg>
<kw name="Log" library="BuiltIn">
<arg>Row Write Cell Value = ${ROW}</arg>
<doc>Logs the given message with the given level.</doc>
<msg timestamp="20250822 10:45:41.527" level="INFO">Row Write Cell Value = 2</msg>
<status status="PASS" starttime="20250822 10:45:41.527" endtime="20250822 10:45:41.527"/>
</kw>
<kw name="Get Index From List" library="Collections">
<var>${col_index}</var>
<arg>${headers}</arg>
<arg>${HEADER_NAME}</arg>
<doc>Returns the index of the first occurrence of the ``value`` on the list.</doc>
<msg timestamp="20250822 10:45:41.530" level="INFO">${col_index} = 35</msg>
<status status="PASS" starttime="20250822 10:45:41.529" endtime="20250822 10:45:41.530"/>
</kw>
<kw name="Evaluate" library="BuiltIn">
<var>${col_number}</var>
<arg>${col_index} + 1</arg>
<doc>Evaluates the given expression in Python and returns the result.</doc>
<msg timestamp="20250822 10:45:41.532" level="INFO">${col_number} = 36</msg>
<status status="PASS" starttime="20250822 10:45:41.530" endtime="20250822 10:45:41.532"/>
</kw>
<kw name="Set Cell Value" library="RPA.Excel.Files">
<arg>row=${ROW}</arg>
<arg>column=${col_number}</arg>
<arg>value=${VALUE}</arg>
<doc>Set a cell value in the given worksheet.</doc>
<status status="PASS" starttime="20250822 10:45:41.532" endtime="20250822 10:45:41.535"/>
</kw>
<msg timestamp="20250822 10:45:41.535" level="INFO">${col_index} = None</msg>
<status status="PASS" starttime="20250822 10:45:41.525" endtime="20250822 10:45:41.535"/>
</kw>
<kw name="Log" library="BuiltIn">
<arg>Column index of ${HEADER} is ${col_index}</arg>
<doc>Logs the given message with the given level.</doc>
<msg timestamp="20250822 10:45:41.537" level="INFO">Column index of Run_Status is None</msg>
<status status="PASS" starttime="20250822 10:45:41.535" endtime="20250822 10:45:41.537"/>
</kw>
<kw name="Save Workbook" library="RPA.Excel.Files">
<doc>Save the active workbook.</doc>
<status status="PASS" starttime="20250822 10:45:41.537" endtime="20250822 10:45:41.926"/>
</kw>
<kw name="Close Workbook" library="RPA.Excel.Files">
<doc>Close the active workbook.</doc>
<msg timestamp="20250822 10:45:41.928" level="INFO">Closing workbook: &lt;RPA.Excel.Files.XlsxWorkbook object at 0x000001ED4AA0B7C8&gt;</msg>
<status status="PASS" starttime="20250822 10:45:41.926" endtime="20250822 10:45:41.928"/>
</kw>
<status status="PASS" starttime="20250822 10:45:41.267" endtime="20250822 10:45:41.928"/>
</kw>
<kw name="Write Value From Column Name" library="Excel_Temp_New">
<arg>${SOURCE_FILE}</arg>
<arg>${Row_Index}</arg>
<arg>Reference_Site_Code</arg>
<arg>${EMPTY}</arg>
<kw name="Open Workbook" library="RPA.Excel.Files">
<arg>${SOURCE_FILE}</arg>
<doc>Open an existing Excel workbook.</doc>
<msg timestamp="20250822 10:45:42.337" level="INFO">Opened workbook: &lt;RPA.Excel.Files.XlsxWorkbook object at 0x000001ED4ADC0D88&gt;</msg>
<status status="PASS" starttime="20250822 10:45:41.945" endtime="20250822 10:45:42.337"/>
</kw>
<kw name="Log" library="BuiltIn">
<arg>Write Value From Column Name = ${ROW}</arg>
<doc>Logs the given message with the given level.</doc>
<msg timestamp="20250822 10:45:42.339" level="INFO">Write Value From Column Name = 2</msg>
<status status="PASS" starttime="20250822 10:45:42.337" endtime="20250822 10:45:42.339"/>
</kw>
<kw name="Read Worksheet As Table" library="RPA.Excel.Files">
<var>${rows}</var>
<arg>header=False</arg>
<doc>Read the contents of a worksheet into a Table container. Allows
sorting/filtering/manipulating using the ``RPA.Tables`` library.</doc>
<msg timestamp="20250822 10:45:42.350" level="INFO">Created table: Table(columns=['A', 'B', 'C', 'D', 'E', 'F', 'G', 'H', 'I', 'J', 'K', 'L', 'M', 'N', 'O', 'P', 'Q', 'R', 'S', 'T', 'U', 'V', 'W', 'X', 'Y', 'Z', 'AA', 'AB', 'AC', 'AD', 'AE', 'AF', 'AG', 'AH', 'AI', 'AJ', 'AK', 'AL', 'AM', 'AN', 'AO', 'AP', 'AQ', 'AR', 'AS', 'AT', 'AU', 'AV'], rows=4)</msg>
<msg timestamp="20250822 10:45:42.351" level="INFO">${rows} = Table(columns=['A', 'B', 'C', 'D', 'E', 'F', 'G', 'H', 'I', 'J', 'K', 'L', 'M', 'N', 'O', 'P', 'Q', 'R', 'S', 'T', 'U', 'V', 'W', 'X', 'Y', 'Z', 'AA', 'AB', 'AC', 'AD', 'AE', 'AF', 'AG', 'AH', 'AI', '...</msg>
<status status="PASS" starttime="20250822 10:45:42.339" endtime="20250822 10:45:42.351"/>
</kw>
<kw name="Set Variable" library="BuiltIn">
<var>${headers}</var>
<arg>${rows}[0]</arg>
<doc>Returns the given values which can then be assigned to a variables.</doc>
<msg timestamp="20250822 10:45:42.352" level="INFO">${headers} = ['Test_Case_ID', 'Proferma_No', 'Import_Site_Template_File', 'Project Name', 'Project Owner Company', 'Service System', 'Reference Site Code', 'SSR Type', 'Equipment Type', 'Site Type ', 'Site Name', ...</msg>
<status status="PASS" starttime="20250822 10:45:42.352" endtime="20250822 10:45:42.352"/>
</kw>
<kw name="Write Cell Value" library="Excel_Temp_New">
<var>${col_index}</var>
<arg>${headers}</arg>
<arg>${HEADER}</arg>
<arg>${ROW}</arg>
<arg>${VALUE}</arg>
<kw name="Log" library="BuiltIn">
<arg>Row Write Cell Value = ${ROW}</arg>
<doc>Logs the given message with the given level.</doc>
<msg timestamp="20250822 10:45:42.358" level="INFO">Row Write Cell Value = 2</msg>
<status status="PASS" starttime="20250822 10:45:42.356" endtime="20250822 10:45:42.358"/>
</kw>
<kw name="Get Index From List" library="Collections">
<var>${col_index}</var>
<arg>${headers}</arg>
<arg>${HEADER_NAME}</arg>
<doc>Returns the index of the first occurrence of the ``value`` on the list.</doc>
<msg timestamp="20250822 10:45:42.359" level="INFO">${col_index} = 36</msg>
<status status="PASS" starttime="20250822 10:45:42.359" endtime="20250822 10:45:42.359"/>
</kw>
<kw name="Evaluate" library="BuiltIn">
<var>${col_number}</var>
<arg>${col_index} + 1</arg>
<doc>Evaluates the given expression in Python and returns the result.</doc>
<msg timestamp="20250822 10:45:42.361" level="INFO">${col_number} = 37</msg>
<status status="PASS" starttime="20250822 10:45:42.361" endtime="20250822 10:45:42.361"/>
</kw>
<kw name="Set Cell Value" library="RPA.Excel.Files">
<arg>row=${ROW}</arg>
<arg>column=${col_number}</arg>
<arg>value=${VALUE}</arg>
<doc>Set a cell value in the given worksheet.</doc>
<status status="PASS" starttime="20250822 10:45:42.363" endtime="20250822 10:45:42.363"/>
</kw>
<msg timestamp="20250822 10:45:42.363" level="INFO">${col_index} = None</msg>
<status status="PASS" starttime="20250822 10:45:42.354" endtime="20250822 10:45:42.363"/>
</kw>
<kw name="Log" library="BuiltIn">
<arg>Column index of ${HEADER} is ${col_index}</arg>
<doc>Logs the given message with the given level.</doc>
<msg timestamp="20250822 10:45:42.367" level="INFO">Column index of Reference_Site_Code is None</msg>
<status status="PASS" starttime="20250822 10:45:42.366" endtime="20250822 10:45:42.367"/>
</kw>
<kw name="Save Workbook" library="RPA.Excel.Files">
<doc>Save the active workbook.</doc>
<status status="PASS" starttime="20250822 10:45:42.367" endtime="20250822 10:45:42.694"/>
</kw>
<kw name="Close Workbook" library="RPA.Excel.Files">
<doc>Close the active workbook.</doc>
<msg timestamp="20250822 10:45:42.694" level="INFO">Closing workbook: &lt;RPA.Excel.Files.XlsxWorkbook object at 0x000001ED4ADC0D88&gt;</msg>
<status status="PASS" starttime="20250822 10:45:42.694" endtime="20250822 10:45:42.694"/>
</kw>
<status status="PASS" starttime="20250822 10:45:41.931" endtime="20250822 10:45:42.698"/>
</kw>
<kw name="Write Value From Column Name" library="Excel_Temp_New">
<arg>${SOURCE_FILE}</arg>
<arg>${Row_Index}</arg>
<arg>SSR_ID</arg>
<arg>${EMPTY}</arg>
<kw name="Open Workbook" library="RPA.Excel.Files">
<arg>${SOURCE_FILE}</arg>
<doc>Open an existing Excel workbook.</doc>
<msg timestamp="20250822 10:45:43.022" level="INFO">Opened workbook: &lt;RPA.Excel.Files.XlsxWorkbook object at 0x000001ED3ADD2608&gt;</msg>
<status status="PASS" starttime="20250822 10:45:42.707" endtime="20250822 10:45:43.022"/>
</kw>
<kw name="Log" library="BuiltIn">
<arg>Write Value From Column Name = ${ROW}</arg>
<doc>Logs the given message with the given level.</doc>
<msg timestamp="20250822 10:45:43.026" level="INFO">Write Value From Column Name = 2</msg>
<status status="PASS" starttime="20250822 10:45:43.026" endtime="20250822 10:45:43.027"/>
</kw>
<kw name="Read Worksheet As Table" library="RPA.Excel.Files">
<var>${rows}</var>
<arg>header=False</arg>
<doc>Read the contents of a worksheet into a Table container. Allows
sorting/filtering/manipulating using the ``RPA.Tables`` library.</doc>
<msg timestamp="20250822 10:45:43.036" level="INFO">Created table: Table(columns=['A', 'B', 'C', 'D', 'E', 'F', 'G', 'H', 'I', 'J', 'K', 'L', 'M', 'N', 'O', 'P', 'Q', 'R', 'S', 'T', 'U', 'V', 'W', 'X', 'Y', 'Z', 'AA', 'AB', 'AC', 'AD', 'AE', 'AF', 'AG', 'AH', 'AI', 'AJ', 'AK', 'AL', 'AM', 'AN', 'AO', 'AP', 'AQ', 'AR', 'AS', 'AT', 'AU', 'AV'], rows=4)</msg>
<msg timestamp="20250822 10:45:43.040" level="INFO">${rows} = Table(columns=['A', 'B', 'C', 'D', 'E', 'F', 'G', 'H', 'I', 'J', 'K', 'L', 'M', 'N', 'O', 'P', 'Q', 'R', 'S', 'T', 'U', 'V', 'W', 'X', 'Y', 'Z', 'AA', 'AB', 'AC', 'AD', 'AE', 'AF', 'AG', 'AH', 'AI', '...</msg>
<status status="PASS" starttime="20250822 10:45:43.027" endtime="20250822 10:45:43.040"/>
</kw>
<kw name="Set Variable" library="BuiltIn">
<var>${headers}</var>
<arg>${rows}[0]</arg>
<doc>Returns the given values which can then be assigned to a variables.</doc>
<msg timestamp="20250822 10:45:43.041" level="INFO">${headers} = ['Test_Case_ID', 'Proferma_No', 'Import_Site_Template_File', 'Project Name', 'Project Owner Company', 'Service System', 'Reference Site Code', 'SSR Type', 'Equipment Type', 'Site Type ', 'Site Name', ...</msg>
<status status="PASS" starttime="20250822 10:45:43.040" endtime="20250822 10:45:43.041"/>
</kw>
<kw name="Write Cell Value" library="Excel_Temp_New">
<var>${col_index}</var>
<arg>${headers}</arg>
<arg>${HEADER}</arg>
<arg>${ROW}</arg>
<arg>${VALUE}</arg>
<kw name="Log" library="BuiltIn">
<arg>Row Write Cell Value = ${ROW}</arg>
<doc>Logs the given message with the given level.</doc>
<msg timestamp="20250822 10:45:43.046" level="INFO">Row Write Cell Value = 2</msg>
<status status="PASS" starttime="20250822 10:45:43.046" endtime="20250822 10:45:43.048"/>
</kw>
<kw name="Get Index From List" library="Collections">
<var>${col_index}</var>
<arg>${headers}</arg>
<arg>${HEADER_NAME}</arg>
<doc>Returns the index of the first occurrence of the ``value`` on the list.</doc>
<msg timestamp="20250822 10:45:43.048" level="INFO">${col_index} = 37</msg>
<status status="PASS" starttime="20250822 10:45:43.048" endtime="20250822 10:45:43.048"/>
</kw>
<kw name="Evaluate" library="BuiltIn">
<var>${col_number}</var>
<arg>${col_index} + 1</arg>
<doc>Evaluates the given expression in Python and returns the result.</doc>
<msg timestamp="20250822 10:45:43.050" level="INFO">${col_number} = 38</msg>
<status status="PASS" starttime="20250822 10:45:43.050" endtime="20250822 10:45:43.050"/>
</kw>
<kw name="Set Cell Value" library="RPA.Excel.Files">
<arg>row=${ROW}</arg>
<arg>column=${col_number}</arg>
<arg>value=${VALUE}</arg>
<doc>Set a cell value in the given worksheet.</doc>
<status status="PASS" starttime="20250822 10:45:43.052" endtime="20250822 10:45:43.053"/>
</kw>
<msg timestamp="20250822 10:45:43.055" level="INFO">${col_index} = None</msg>
<status status="PASS" starttime="20250822 10:45:43.043" endtime="20250822 10:45:43.055"/>
</kw>
<kw name="Log" library="BuiltIn">
<arg>Column index of ${HEADER} is ${col_index}</arg>
<doc>Logs the given message with the given level.</doc>
<msg timestamp="20250822 10:45:43.055" level="INFO">Column index of SSR_ID is None</msg>
<status status="PASS" starttime="20250822 10:45:43.055" endtime="20250822 10:45:43.057"/>
</kw>
<kw name="Save Workbook" library="RPA.Excel.Files">
<doc>Save the active workbook.</doc>
<status status="PASS" starttime="20250822 10:45:43.057" endtime="20250822 10:45:43.446"/>
</kw>
<kw name="Close Workbook" library="RPA.Excel.Files">
<doc>Close the active workbook.</doc>
<msg timestamp="20250822 10:45:43.448" level="INFO">Closing workbook: &lt;RPA.Excel.Files.XlsxWorkbook object at 0x000001ED3ADD2608&gt;</msg>
<status status="PASS" starttime="20250822 10:45:43.446" endtime="20250822 10:45:43.448"/>
</kw>
<status status="PASS" starttime="20250822 10:45:42.698" endtime="20250822 10:45:43.448"/>
</kw>
<kw name="Write Value From Column Name" library="Excel_Temp_New">
<arg>${SOURCE_FILE}</arg>
<arg>${Row_Index}</arg>
<arg>Pre-PR</arg>
<arg>${EMPTY}</arg>
<kw name="Open Workbook" library="RPA.Excel.Files">
<arg>${SOURCE_FILE}</arg>
<doc>Open an existing Excel workbook.</doc>
<msg timestamp="20250822 10:45:43.743" level="INFO">Opened workbook: &lt;RPA.Excel.Files.XlsxWorkbook object at 0x000001ED4A874248&gt;</msg>
<status status="PASS" starttime="20250822 10:45:43.461" endtime="20250822 10:45:43.743"/>
</kw>
<kw name="Log" library="BuiltIn">
<arg>Write Value From Column Name = ${ROW}</arg>
<doc>Logs the given message with the given level.</doc>
<msg timestamp="20250822 10:45:43.745" level="INFO">Write Value From Column Name = 2</msg>
<status status="PASS" starttime="20250822 10:45:43.745" endtime="20250822 10:45:43.745"/>
</kw>
<kw name="Read Worksheet As Table" library="RPA.Excel.Files">
<var>${rows}</var>
<arg>header=False</arg>
<doc>Read the contents of a worksheet into a Table container. Allows
sorting/filtering/manipulating using the ``RPA.Tables`` library.</doc>
<msg timestamp="20250822 10:45:43.751" level="INFO">Created table: Table(columns=['A', 'B', 'C', 'D', 'E', 'F', 'G', 'H', 'I', 'J', 'K', 'L', 'M', 'N', 'O', 'P', 'Q', 'R', 'S', 'T', 'U', 'V', 'W', 'X', 'Y', 'Z', 'AA', 'AB', 'AC', 'AD', 'AE', 'AF', 'AG', 'AH', 'AI', 'AJ', 'AK', 'AL', 'AM', 'AN', 'AO', 'AP', 'AQ', 'AR', 'AS', 'AT', 'AU', 'AV'], rows=4)</msg>
<msg timestamp="20250822 10:45:43.754" level="INFO">${rows} = Table(columns=['A', 'B', 'C', 'D', 'E', 'F', 'G', 'H', 'I', 'J', 'K', 'L', 'M', 'N', 'O', 'P', 'Q', 'R', 'S', 'T', 'U', 'V', 'W', 'X', 'Y', 'Z', 'AA', 'AB', 'AC', 'AD', 'AE', 'AF', 'AG', 'AH', 'AI', '...</msg>
<status status="PASS" starttime="20250822 10:45:43.745" endtime="20250822 10:45:43.754"/>
</kw>
<kw name="Set Variable" library="BuiltIn">
<var>${headers}</var>
<arg>${rows}[0]</arg>
<doc>Returns the given values which can then be assigned to a variables.</doc>
<msg timestamp="20250822 10:45:43.756" level="INFO">${headers} = ['Test_Case_ID', 'Proferma_No', 'Import_Site_Template_File', 'Project Name', 'Project Owner Company', 'Service System', 'Reference Site Code', 'SSR Type', 'Equipment Type', 'Site Type ', 'Site Name', ...</msg>
<status status="PASS" starttime="20250822 10:45:43.754" endtime="20250822 10:45:43.756"/>
</kw>
<kw name="Write Cell Value" library="Excel_Temp_New">
<var>${col_index}</var>
<arg>${headers}</arg>
<arg>${HEADER}</arg>
<arg>${ROW}</arg>
<arg>${VALUE}</arg>
<kw name="Log" library="BuiltIn">
<arg>Row Write Cell Value = ${ROW}</arg>
<doc>Logs the given message with the given level.</doc>
<msg timestamp="20250822 10:45:43.758" level="INFO">Row Write Cell Value = 2</msg>
<status status="PASS" starttime="20250822 10:45:43.758" endtime="20250822 10:45:43.758"/>
</kw>
<kw name="Get Index From List" library="Collections">
<var>${col_index}</var>
<arg>${headers}</arg>
<arg>${HEADER_NAME}</arg>
<doc>Returns the index of the first occurrence of the ``value`` on the list.</doc>
<msg timestamp="20250822 10:45:43.762" level="INFO">${col_index} = 38</msg>
<status status="PASS" starttime="20250822 10:45:43.760" endtime="20250822 10:45:43.762"/>
</kw>
<kw name="Evaluate" library="BuiltIn">
<var>${col_number}</var>
<arg>${col_index} + 1</arg>
<doc>Evaluates the given expression in Python and returns the result.</doc>
<msg timestamp="20250822 10:45:43.764" level="INFO">${col_number} = 39</msg>
<status status="PASS" starttime="20250822 10:45:43.762" endtime="20250822 10:45:43.764"/>
</kw>
<kw name="Set Cell Value" library="RPA.Excel.Files">
<arg>row=${ROW}</arg>
<arg>column=${col_number}</arg>
<arg>value=${VALUE}</arg>
<doc>Set a cell value in the given worksheet.</doc>
<status status="PASS" starttime="20250822 10:45:43.764" endtime="20250822 10:45:43.768"/>
</kw>
<msg timestamp="20250822 10:45:43.768" level="INFO">${col_index} = None</msg>
<status status="PASS" starttime="20250822 10:45:43.756" endtime="20250822 10:45:43.768"/>
</kw>
<kw name="Log" library="BuiltIn">
<arg>Column index of ${HEADER} is ${col_index}</arg>
<doc>Logs the given message with the given level.</doc>
<msg timestamp="20250822 10:45:43.768" level="INFO">Column index of Pre-PR is None</msg>
<status status="PASS" starttime="20250822 10:45:43.768" endtime="20250822 10:45:43.770"/>
</kw>
<kw name="Save Workbook" library="RPA.Excel.Files">
<doc>Save the active workbook.</doc>
<status status="PASS" starttime="20250822 10:45:43.770" endtime="20250822 10:45:44.106"/>
</kw>
<kw name="Close Workbook" library="RPA.Excel.Files">
<doc>Close the active workbook.</doc>
<msg timestamp="20250822 10:45:44.106" level="INFO">Closing workbook: &lt;RPA.Excel.Files.XlsxWorkbook object at 0x000001ED4A874248&gt;</msg>
<status status="PASS" starttime="20250822 10:45:44.106" endtime="20250822 10:45:44.106"/>
</kw>
<status status="PASS" starttime="20250822 10:45:43.448" endtime="20250822 10:45:44.108"/>
</kw>
<kw name="Write Value From Column Name" library="Excel_Temp_New">
<arg>${SOURCE_FILE}</arg>
<arg>${Row_Index}</arg>
<arg>PO</arg>
<arg>${EMPTY}</arg>
<kw name="Open Workbook" library="RPA.Excel.Files">
<arg>${SOURCE_FILE}</arg>
<doc>Open an existing Excel workbook.</doc>
<msg timestamp="20250822 10:45:44.421" level="INFO">Opened workbook: &lt;RPA.Excel.Files.XlsxWorkbook object at 0x000001ED4BDF8908&gt;</msg>
<status status="PASS" starttime="20250822 10:45:44.116" endtime="20250822 10:45:44.421"/>
</kw>
<kw name="Log" library="BuiltIn">
<arg>Write Value From Column Name = ${ROW}</arg>
<doc>Logs the given message with the given level.</doc>
<msg timestamp="20250822 10:45:44.421" level="INFO">Write Value From Column Name = 2</msg>
<status status="PASS" starttime="20250822 10:45:44.421" endtime="20250822 10:45:44.421"/>
</kw>
<kw name="Read Worksheet As Table" library="RPA.Excel.Files">
<var>${rows}</var>
<arg>header=False</arg>
<doc>Read the contents of a worksheet into a Table container. Allows
sorting/filtering/manipulating using the ``RPA.Tables`` library.</doc>
<msg timestamp="20250822 10:45:44.429" level="INFO">Created table: Table(columns=['A', 'B', 'C', 'D', 'E', 'F', 'G', 'H', 'I', 'J', 'K', 'L', 'M', 'N', 'O', 'P', 'Q', 'R', 'S', 'T', 'U', 'V', 'W', 'X', 'Y', 'Z', 'AA', 'AB', 'AC', 'AD', 'AE', 'AF', 'AG', 'AH', 'AI', 'AJ', 'AK', 'AL', 'AM', 'AN', 'AO', 'AP', 'AQ', 'AR', 'AS', 'AT', 'AU', 'AV'], rows=4)</msg>
<msg timestamp="20250822 10:45:44.431" level="INFO">${rows} = Table(columns=['A', 'B', 'C', 'D', 'E', 'F', 'G', 'H', 'I', 'J', 'K', 'L', 'M', 'N', 'O', 'P', 'Q', 'R', 'S', 'T', 'U', 'V', 'W', 'X', 'Y', 'Z', 'AA', 'AB', 'AC', 'AD', 'AE', 'AF', 'AG', 'AH', 'AI', '...</msg>
<status status="PASS" starttime="20250822 10:45:44.425" endtime="20250822 10:45:44.431"/>
</kw>
<kw name="Set Variable" library="BuiltIn">
<var>${headers}</var>
<arg>${rows}[0]</arg>
<doc>Returns the given values which can then be assigned to a variables.</doc>
<msg timestamp="20250822 10:45:44.432" level="INFO">${headers} = ['Test_Case_ID', 'Proferma_No', 'Import_Site_Template_File', 'Project Name', 'Project Owner Company', 'Service System', 'Reference Site Code', 'SSR Type', 'Equipment Type', 'Site Type ', 'Site Name', ...</msg>
<status status="PASS" starttime="20250822 10:45:44.431" endtime="20250822 10:45:44.432"/>
</kw>
<kw name="Write Cell Value" library="Excel_Temp_New">
<var>${col_index}</var>
<arg>${headers}</arg>
<arg>${HEADER}</arg>
<arg>${ROW}</arg>
<arg>${VALUE}</arg>
<kw name="Log" library="BuiltIn">
<arg>Row Write Cell Value = ${ROW}</arg>
<doc>Logs the given message with the given level.</doc>
<msg timestamp="20250822 10:45:44.436" level="INFO">Row Write Cell Value = 2</msg>
<status status="PASS" starttime="20250822 10:45:44.436" endtime="20250822 10:45:44.436"/>
</kw>
<kw name="Get Index From List" library="Collections">
<var>${col_index}</var>
<arg>${headers}</arg>
<arg>${HEADER_NAME}</arg>
<doc>Returns the index of the first occurrence of the ``value`` on the list.</doc>
<msg timestamp="20250822 10:45:44.436" level="INFO">${col_index} = 39</msg>
<status status="PASS" starttime="20250822 10:45:44.436" endtime="20250822 10:45:44.436"/>
</kw>
<kw name="Evaluate" library="BuiltIn">
<var>${col_number}</var>
<arg>${col_index} + 1</arg>
<doc>Evaluates the given expression in Python and returns the result.</doc>
<msg timestamp="20250822 10:45:44.440" level="INFO">${col_number} = 40</msg>
<status status="PASS" starttime="20250822 10:45:44.436" endtime="20250822 10:45:44.440"/>
</kw>
<kw name="Set Cell Value" library="RPA.Excel.Files">
<arg>row=${ROW}</arg>
<arg>column=${col_number}</arg>
<arg>value=${VALUE}</arg>
<doc>Set a cell value in the given worksheet.</doc>
<status status="PASS" starttime="20250822 10:45:44.440" endtime="20250822 10:45:44.444"/>
</kw>
<msg timestamp="20250822 10:45:44.444" level="INFO">${col_index} = None</msg>
<status status="PASS" starttime="20250822 10:45:44.432" endtime="20250822 10:45:44.444"/>
</kw>
<kw name="Log" library="BuiltIn">
<arg>Column index of ${HEADER} is ${col_index}</arg>
<doc>Logs the given message with the given level.</doc>
<msg timestamp="20250822 10:45:44.446" level="INFO">Column index of PO is None</msg>
<status status="PASS" starttime="20250822 10:45:44.444" endtime="20250822 10:45:44.446"/>
</kw>
<kw name="Save Workbook" library="RPA.Excel.Files">
<doc>Save the active workbook.</doc>
<status status="PASS" starttime="20250822 10:45:44.446" endtime="20250822 10:45:44.772"/>
</kw>
<kw name="Close Workbook" library="RPA.Excel.Files">
<doc>Close the active workbook.</doc>
<msg timestamp="20250822 10:45:44.774" level="INFO">Closing workbook: &lt;RPA.Excel.Files.XlsxWorkbook object at 0x000001ED4BDF8908&gt;</msg>
<status status="PASS" starttime="20250822 10:45:44.773" endtime="20250822 10:45:44.774"/>
</kw>
<status status="PASS" starttime="20250822 10:45:44.108" endtime="20250822 10:45:44.774"/>
</kw>
<kw name="Write Value From Column Name" library="Excel_Temp_New">
<arg>${SOURCE_FILE}</arg>
<arg>${Row_Index}</arg>
<arg>Result</arg>
<arg>${EMPTY}</arg>
<kw name="Open Workbook" library="RPA.Excel.Files">
<arg>${SOURCE_FILE}</arg>
<doc>Open an existing Excel workbook.</doc>
<msg timestamp="20250822 10:45:45.010" level="INFO">Opened workbook: &lt;RPA.Excel.Files.XlsxWorkbook object at 0x000001ED4ADD9F88&gt;</msg>
<status status="PASS" starttime="20250822 10:45:44.786" endtime="20250822 10:45:45.010"/>
</kw>
<kw name="Log" library="BuiltIn">
<arg>Write Value From Column Name = ${ROW}</arg>
<doc>Logs the given message with the given level.</doc>
<msg timestamp="20250822 10:45:45.010" level="INFO">Write Value From Column Name = 2</msg>
<status status="PASS" starttime="20250822 10:45:45.010" endtime="20250822 10:45:45.010"/>
</kw>
<kw name="Read Worksheet As Table" library="RPA.Excel.Files">
<var>${rows}</var>
<arg>header=False</arg>
<doc>Read the contents of a worksheet into a Table container. Allows
sorting/filtering/manipulating using the ``RPA.Tables`` library.</doc>
<msg timestamp="20250822 10:45:45.020" level="INFO">Created table: Table(columns=['A', 'B', 'C', 'D', 'E', 'F', 'G', 'H', 'I', 'J', 'K', 'L', 'M', 'N', 'O', 'P', 'Q', 'R', 'S', 'T', 'U', 'V', 'W', 'X', 'Y', 'Z', 'AA', 'AB', 'AC', 'AD', 'AE', 'AF', 'AG', 'AH', 'AI', 'AJ', 'AK', 'AL', 'AM', 'AN', 'AO', 'AP', 'AQ', 'AR', 'AS', 'AT', 'AU', 'AV'], rows=4)</msg>
<msg timestamp="20250822 10:45:45.024" level="INFO">${rows} = Table(columns=['A', 'B', 'C', 'D', 'E', 'F', 'G', 'H', 'I', 'J', 'K', 'L', 'M', 'N', 'O', 'P', 'Q', 'R', 'S', 'T', 'U', 'V', 'W', 'X', 'Y', 'Z', 'AA', 'AB', 'AC', 'AD', 'AE', 'AF', 'AG', 'AH', 'AI', '...</msg>
<status status="PASS" starttime="20250822 10:45:45.010" endtime="20250822 10:45:45.024"/>
</kw>
<kw name="Set Variable" library="BuiltIn">
<var>${headers}</var>
<arg>${rows}[0]</arg>
<doc>Returns the given values which can then be assigned to a variables.</doc>
<msg timestamp="20250822 10:45:45.025" level="INFO">${headers} = ['Test_Case_ID', 'Proferma_No', 'Import_Site_Template_File', 'Project Name', 'Project Owner Company', 'Service System', 'Reference Site Code', 'SSR Type', 'Equipment Type', 'Site Type ', 'Site Name', ...</msg>
<status status="PASS" starttime="20250822 10:45:45.024" endtime="20250822 10:45:45.025"/>
</kw>
<kw name="Write Cell Value" library="Excel_Temp_New">
<var>${col_index}</var>
<arg>${headers}</arg>
<arg>${HEADER}</arg>
<arg>${ROW}</arg>
<arg>${VALUE}</arg>
<kw name="Log" library="BuiltIn">
<arg>Row Write Cell Value = ${ROW}</arg>
<doc>Logs the given message with the given level.</doc>
<msg timestamp="20250822 10:45:45.028" level="INFO">Row Write Cell Value = 2</msg>
<status status="PASS" starttime="20250822 10:45:45.028" endtime="20250822 10:45:45.030"/>
</kw>
<kw name="Get Index From List" library="Collections">
<var>${col_index}</var>
<arg>${headers}</arg>
<arg>${HEADER_NAME}</arg>
<doc>Returns the index of the first occurrence of the ``value`` on the list.</doc>
<msg timestamp="20250822 10:45:45.030" level="INFO">${col_index} = 40</msg>
<status status="PASS" starttime="20250822 10:45:45.030" endtime="20250822 10:45:45.030"/>
</kw>
<kw name="Evaluate" library="BuiltIn">
<var>${col_number}</var>
<arg>${col_index} + 1</arg>
<doc>Evaluates the given expression in Python and returns the result.</doc>
<msg timestamp="20250822 10:45:45.030" level="INFO">${col_number} = 41</msg>
<status status="PASS" starttime="20250822 10:45:45.030" endtime="20250822 10:45:45.030"/>
</kw>
<kw name="Set Cell Value" library="RPA.Excel.Files">
<arg>row=${ROW}</arg>
<arg>column=${col_number}</arg>
<arg>value=${VALUE}</arg>
<doc>Set a cell value in the given worksheet.</doc>
<status status="PASS" starttime="20250822 10:45:45.030" endtime="20250822 10:45:45.030"/>
</kw>
<msg timestamp="20250822 10:45:45.035" level="INFO">${col_index} = None</msg>
<status status="PASS" starttime="20250822 10:45:45.025" endtime="20250822 10:45:45.035"/>
</kw>
<kw name="Log" library="BuiltIn">
<arg>Column index of ${HEADER} is ${col_index}</arg>
<doc>Logs the given message with the given level.</doc>
<msg timestamp="20250822 10:45:45.037" level="INFO">Column index of Result is None</msg>
<status status="PASS" starttime="20250822 10:45:45.035" endtime="20250822 10:45:45.037"/>
</kw>
<kw name="Save Workbook" library="RPA.Excel.Files">
<doc>Save the active workbook.</doc>
<status status="PASS" starttime="20250822 10:45:45.037" endtime="20250822 10:45:45.318"/>
</kw>
<kw name="Close Workbook" library="RPA.Excel.Files">
<doc>Close the active workbook.</doc>
<msg timestamp="20250822 10:45:45.318" level="INFO">Closing workbook: &lt;RPA.Excel.Files.XlsxWorkbook object at 0x000001ED4ADD9F88&gt;</msg>
<status status="PASS" starttime="20250822 10:45:45.318" endtime="20250822 10:45:45.318"/>
</kw>
<status status="PASS" starttime="20250822 10:45:44.775" endtime="20250822 10:45:45.318"/>
</kw>
<status status="PASS" starttime="20250822 10:45:40.700" endtime="20250822 10:45:45.318"/>
</kw>
<kw name="Gennerate Reference Site Code File" library="Excel_Temp_New">
<arg>${SOURCE_FILE For Small Cell}</arg>
<arg>${i + 1}</arg>
<kw name="Get Current Date" library="DateTime">
<var>${current_datetime}</var>
<arg>result_format=%Y%m%d%H%M</arg>
<doc>Returns current local or UTC time with an optional increment.</doc>
<msg timestamp="20250822 10:45:45.329" level="INFO">${current_datetime} = 202508221045</msg>
<status status="PASS" starttime="20250822 10:45:45.329" endtime="20250822 10:45:45.329"/>
</kw>
<kw name="Length Should Be" library="BuiltIn">
<arg>${current_datetime}</arg>
<arg>12</arg>
<doc>Verifies that the length of the given item is correct.</doc>
<msg timestamp="20250822 10:45:45.332" level="INFO">Length is 12</msg>
<status status="PASS" starttime="20250822 10:45:45.329" endtime="20250822 10:45:45.333"/>
</kw>
<kw name="Catenate" library="BuiltIn">
<var>${Reference Site Code}</var>
<arg>SEPARATOR=</arg>
<arg>BSIF_</arg>
<arg>${current_datetime}</arg>
<doc>Catenates the given items together and returns the resulted string.</doc>
<msg timestamp="20250822 10:45:45.333" level="INFO">${Reference Site Code} = BSIF_202508221045</msg>
<status status="PASS" starttime="20250822 10:45:45.333" endtime="20250822 10:45:45.333"/>
</kw>
<kw name="Set Global Variable" library="BuiltIn">
<arg>${Reference Site Code}</arg>
<doc>Makes a variable available globally in all tests and suites.</doc>
<msg timestamp="20250822 10:45:45.333" level="INFO">${Reference Site Code} = BSIF_202508221045</msg>
<status status="PASS" starttime="20250822 10:45:45.333" endtime="20250822 10:45:45.333"/>
</kw>
<kw name="Log" library="BuiltIn">
<arg>${Reference Site Code}</arg>
<doc>Logs the given message with the given level.</doc>
<msg timestamp="20250822 10:45:45.333" level="INFO">BSIF_202508221045</msg>
<status status="PASS" starttime="20250822 10:45:45.333" endtime="20250822 10:45:45.338"/>
</kw>
<kw name="Write Value From Column Name" library="Excel_Temp_New">
<arg>${DESTINATION_FILE}</arg>
<arg>${Row_Index}</arg>
<arg>Reference Site Code</arg>
<arg>${Reference Site Code}</arg>
<kw name="Open Workbook" library="RPA.Excel.Files">
<arg>${SOURCE_FILE}</arg>
<doc>Open an existing Excel workbook.</doc>
<msg timestamp="20250822 10:45:45.668" level="INFO">Opened workbook: &lt;RPA.Excel.Files.XlsxWorkbook object at 0x000001ED4A8742C8&gt;</msg>
<status status="PASS" starttime="20250822 10:45:45.340" endtime="20250822 10:45:45.668"/>
</kw>
<kw name="Log" library="BuiltIn">
<arg>Write Value From Column Name = ${ROW}</arg>
<doc>Logs the given message with the given level.</doc>
<msg timestamp="20250822 10:45:45.671" level="INFO">Write Value From Column Name = 2</msg>
<status status="PASS" starttime="20250822 10:45:45.670" endtime="20250822 10:45:45.671"/>
</kw>
<kw name="Read Worksheet As Table" library="RPA.Excel.Files">
<var>${rows}</var>
<arg>header=False</arg>
<doc>Read the contents of a worksheet into a Table container. Allows
sorting/filtering/manipulating using the ``RPA.Tables`` library.</doc>
<msg timestamp="20250822 10:45:45.679" level="INFO">Created table: Table(columns=['A', 'B', 'C', 'D', 'E', 'F', 'G', 'H', 'I', 'J', 'K', 'L', 'M', 'N', 'O', 'P', 'Q', 'R', 'S', 'T', 'U', 'V', 'W', 'X', 'Y', 'Z', 'AA', 'AB', 'AC', 'AD', 'AE', 'AF', 'AG', 'AH', 'AI', 'AJ', 'AK', 'AL', 'AM', 'AN', 'AO', 'AP', 'AQ', 'AR', 'AS', 'AT', 'AU', 'AV'], rows=4)</msg>
<msg timestamp="20250822 10:45:45.679" level="INFO">${rows} = Table(columns=['A', 'B', 'C', 'D', 'E', 'F', 'G', 'H', 'I', 'J', 'K', 'L', 'M', 'N', 'O', 'P', 'Q', 'R', 'S', 'T', 'U', 'V', 'W', 'X', 'Y', 'Z', 'AA', 'AB', 'AC', 'AD', 'AE', 'AF', 'AG', 'AH', 'AI', '...</msg>
<status status="PASS" starttime="20250822 10:45:45.673" endtime="20250822 10:45:45.679"/>
</kw>
<kw name="Set Variable" library="BuiltIn">
<var>${headers}</var>
<arg>${rows}[0]</arg>
<doc>Returns the given values which can then be assigned to a variables.</doc>
<msg timestamp="20250822 10:45:45.684" level="INFO">${headers} = ['Test_Case_ID', 'Proferma_No', 'Import_Site_Template_File', 'Project Name', 'Project Owner Company', 'Service System', 'Reference Site Code', 'SSR Type', 'Equipment Type', 'Site Type ', 'Site Name', ...</msg>
<status status="PASS" starttime="20250822 10:45:45.683" endtime="20250822 10:45:45.684"/>
</kw>
<kw name="Write Cell Value" library="Excel_Temp_New">
<var>${col_index}</var>
<arg>${headers}</arg>
<arg>${HEADER}</arg>
<arg>${ROW}</arg>
<arg>${VALUE}</arg>
<kw name="Log" library="BuiltIn">
<arg>Row Write Cell Value = ${ROW}</arg>
<doc>Logs the given message with the given level.</doc>
<msg timestamp="20250822 10:45:45.688" level="INFO">Row Write Cell Value = 2</msg>
<status status="PASS" starttime="20250822 10:45:45.685" endtime="20250822 10:45:45.688"/>
</kw>
<kw name="Get Index From List" library="Collections">
<var>${col_index}</var>
<arg>${headers}</arg>
<arg>${HEADER_NAME}</arg>
<doc>Returns the index of the first occurrence of the ``value`` on the list.</doc>
<msg timestamp="20250822 10:45:45.689" level="INFO">${col_index} = 6</msg>
<status status="PASS" starttime="20250822 10:45:45.689" endtime="20250822 10:45:45.689"/>
</kw>
<kw name="Evaluate" library="BuiltIn">
<var>${col_number}</var>
<arg>${col_index} + 1</arg>
<doc>Evaluates the given expression in Python and returns the result.</doc>
<msg timestamp="20250822 10:45:45.694" level="INFO">${col_number} = 7</msg>
<status status="PASS" starttime="20250822 10:45:45.689" endtime="20250822 10:45:45.694"/>
</kw>
<kw name="Set Cell Value" library="RPA.Excel.Files">
<arg>row=${ROW}</arg>
<arg>column=${col_number}</arg>
<arg>value=${VALUE}</arg>
<doc>Set a cell value in the given worksheet.</doc>
<status status="PASS" starttime="20250822 10:45:45.695" endtime="20250822 10:45:45.698"/>
</kw>
<msg timestamp="20250822 10:45:45.698" level="INFO">${col_index} = None</msg>
<status status="PASS" starttime="20250822 10:45:45.685" endtime="20250822 10:45:45.698"/>
</kw>
<kw name="Log" library="BuiltIn">
<arg>Column index of ${HEADER} is ${col_index}</arg>
<doc>Logs the given message with the given level.</doc>
<msg timestamp="20250822 10:45:45.700" level="INFO">Column index of Reference Site Code is None</msg>
<status status="PASS" starttime="20250822 10:45:45.700" endtime="20250822 10:45:45.702"/>
</kw>
<kw name="Save Workbook" library="RPA.Excel.Files">
<doc>Save the active workbook.</doc>
<status status="PASS" starttime="20250822 10:45:45.703" endtime="20250822 10:45:46.083"/>
</kw>
<kw name="Close Workbook" library="RPA.Excel.Files">
<doc>Close the active workbook.</doc>
<msg timestamp="20250822 10:45:46.084" level="INFO">Closing workbook: &lt;RPA.Excel.Files.XlsxWorkbook object at 0x000001ED4A8742C8&gt;</msg>
<status status="PASS" starttime="20250822 10:45:46.084" endtime="20250822 10:45:46.086"/>
</kw>
<status status="PASS" starttime="20250822 10:45:45.338" endtime="20250822 10:45:46.086"/>
</kw>
<status status="PASS" starttime="20250822 10:45:45.318" endtime="20250822 10:45:46.086"/>
</kw>
<kw name="Prepare the template file data" library="Excel_Temp_New">
<arg>${SOURCE_FILE For Small Cell}</arg>
<arg>${DESTINATION_FILE For Small Cell}</arg>
<arg>${i + 1}</arg>
<kw name="Log" library="BuiltIn">
<arg>Row Prepare the template file data = ${Row_Index}</arg>
<doc>Logs the given message with the given level.</doc>
<msg timestamp="20250822 10:45:46.097" level="INFO">Row Prepare the template file data = 2</msg>
<status status="PASS" starttime="20250822 10:45:46.097" endtime="20250822 10:45:46.097"/>
</kw>
<kw name="Get Column Values By Name File" library="Excel_Temp_New">
<var>${Project Name List}</var>
<arg>${SOURCE_FILE For Small Cell}</arg>
<arg>Project Name</arg>
<kw name="Open Workbook" library="RPA.Excel.Files">
<arg>${SOURCE_FILE}</arg>
<doc>Open an existing Excel workbook.</doc>
<msg timestamp="20250822 10:45:46.381" level="INFO">Opened workbook: &lt;RPA.Excel.Files.XlsxWorkbook object at 0x000001ED4BFAD808&gt;</msg>
<status status="PASS" starttime="20250822 10:45:46.101" endtime="20250822 10:45:46.381"/>
</kw>
<kw name="Read Worksheet As Table" library="RPA.Excel.Files">
<var>${rows}</var>
<arg>header=True</arg>
<doc>Read the contents of a worksheet into a Table container. Allows
sorting/filtering/manipulating using the ``RPA.Tables`` library.</doc>
<msg timestamp="20250822 10:45:46.390" level="INFO">Created table: Table(columns=['Test_Case_ID', 'Proferma_No', 'Import_Site_Template_File', 'Project Name', 'Project Owner Company', 'Service System', 'Reference Site Code', 'SSR Type', 'Equipment Type', 'Site Type', 'Site Name', 'Zone MC', 'Region', 'Role Approve1', 'Vendor Name', 'Subcontract Name', 'Proforma No', 'Sub Project', 'Number Of Site', 'Balance QTY', 'Project Type', 'Project Detail', 'Purchase Cat Group', 'Purchase Cat', 'Action Type', 'System Type', 'Service Code', 'Company Code', 'Procurator Workflow Type', 'Procurator SSR Type', 'Procurator Region', 'SSR_Submitted_Upload_File', 'Drawing_Submitted_Upload_File', 'BOQ_Document_Upload_File', 'Date_Time', 'Run_Status', 'Reference_Site_Code', 'SSR_ID', 'Pre-PR', 'PO', 'Result'], rows=3)</msg>
<msg timestamp="20250822 10:45:46.390" level="INFO">${rows} = Table(columns=['Test_Case_ID', 'Proferma_No', 'Import_Site_Template_File', 'Project Name', 'Project Owner Company', 'Service System', 'Reference Site Code', 'SSR Type', 'Equipment Type', 'Site Type', ...</msg>
<status status="PASS" starttime="20250822 10:45:46.383" endtime="20250822 10:45:46.390"/>
</kw>
<kw name="Create List" library="BuiltIn">
<var>${values}</var>
<doc>Returns a list containing given items.</doc>
<msg timestamp="20250822 10:45:46.392" level="INFO">${values} = []</msg>
<status status="PASS" starttime="20250822 10:45:46.392" endtime="20250822 10:45:46.392"/>
</kw>
<for flavor="IN">
<var>${row}</var>
<value>@{rows}</value>
<iter>
<var name="${row}">{'Test_Case_ID': 'TC_001', 'Proferma_No': 1010001075, 'Import_Site_Template_File': 'Import_Site_Template_Proforma Small Cell for TPT III.xls', 'Project Name': 'Test Interface Send/Approve/Cancel PR [Y...</var>
<kw name="Get From Dictionary" library="Collections">
<var>${value}</var>
<arg>${row}</arg>
<arg>${column_name}</arg>
<doc>Returns a value from the given ``dictionary`` based on the given ``key``.</doc>
<msg timestamp="20250822 10:45:46.395" level="INFO">${value} = Test Interface Send/Approve/Cancel PR [Y]</msg>
<status status="PASS" starttime="20250822 10:45:46.395" endtime="20250822 10:45:46.395"/>
</kw>
<kw name="Append To List" library="Collections">
<arg>${values}</arg>
<arg>${value}</arg>
<doc>Adds ``values`` to the end of ``list``.</doc>
<status status="PASS" starttime="20250822 10:45:46.397" endtime="20250822 10:45:46.397"/>
</kw>
<status status="PASS" starttime="20250822 10:45:46.394" endtime="20250822 10:45:46.397"/>
</iter>
<iter>
<var name="${row}">{'Test_Case_ID': 'TC_002', 'Proferma_No': 1010001075, 'Import_Site_Template_File': 'Import_Site_Template_Proforma Small Cell for TPT III.xls', 'Project Name': 'Test Interface Send/Approve/Cancel PR [Y...</var>
<kw name="Get From Dictionary" library="Collections">
<var>${value}</var>
<arg>${row}</arg>
<arg>${column_name}</arg>
<doc>Returns a value from the given ``dictionary`` based on the given ``key``.</doc>
<msg timestamp="20250822 10:45:46.399" level="INFO">${value} = Test Interface Send/Approve/Cancel PR [Y]</msg>
<status status="PASS" starttime="20250822 10:45:46.399" endtime="20250822 10:45:46.399"/>
</kw>
<kw name="Append To List" library="Collections">
<arg>${values}</arg>
<arg>${value}</arg>
<doc>Adds ``values`` to the end of ``list``.</doc>
<status status="PASS" starttime="20250822 10:45:46.401" endtime="20250822 10:45:46.401"/>
</kw>
<status status="PASS" starttime="20250822 10:45:46.397" endtime="20250822 10:45:46.401"/>
</iter>
<iter>
<var name="${row}">{'Test_Case_ID': 'TC_003', 'Proferma_No': 1010001075, 'Import_Site_Template_File': 'Import_Site_Template_Proforma Small Cell for TPT III.xls', 'Project Name': 'Test Interface Send/Approve/Cancel PR [Y...</var>
<kw name="Get From Dictionary" library="Collections">
<var>${value}</var>
<arg>${row}</arg>
<arg>${column_name}</arg>
<doc>Returns a value from the given ``dictionary`` based on the given ``key``.</doc>
<msg timestamp="20250822 10:45:46.403" level="INFO">${value} = Test Interface Send/Approve/Cancel PR [Y]</msg>
<status status="PASS" starttime="20250822 10:45:46.401" endtime="20250822 10:45:46.403"/>
</kw>
<kw name="Append To List" library="Collections">
<arg>${values}</arg>
<arg>${value}</arg>
<doc>Adds ``values`` to the end of ``list``.</doc>
<status status="PASS" starttime="20250822 10:45:46.405" endtime="20250822 10:45:46.405"/>
</kw>
<status status="PASS" starttime="20250822 10:45:46.401" endtime="20250822 10:45:46.405"/>
</iter>
<status status="PASS" starttime="20250822 10:45:46.392" endtime="20250822 10:45:46.405"/>
</for>
<kw name="Close Workbook" library="RPA.Excel.Files">
<doc>Close the active workbook.</doc>
<msg timestamp="20250822 10:45:46.407" level="INFO">Closing workbook: &lt;RPA.Excel.Files.XlsxWorkbook object at 0x000001ED4BFAD808&gt;</msg>
<status status="PASS" starttime="20250822 10:45:46.407" endtime="20250822 10:45:46.407"/>
</kw>
<msg timestamp="20250822 10:45:46.407" level="INFO">${Project Name List} = ['Test Interface Send/Approve/Cancel PR [Y]', 'Test Interface Send/Approve/Cancel PR [Y]', 'Test Interface Send/Approve/Cancel PR [Y]']</msg>
<status status="PASS" starttime="20250822 10:45:46.097" endtime="20250822 10:45:46.409"/>
</kw>
<kw name="Set Variable" library="BuiltIn">
<var>${Project Name}</var>
<arg>${Project Name List[0]}</arg>
<doc>Returns the given values which can then be assigned to a variables.</doc>
<msg timestamp="20250822 10:45:46.425" level="INFO">${Project Name} = Test Interface Send/Approve/Cancel PR [Y]</msg>
<status status="PASS" starttime="20250822 10:45:46.409" endtime="20250822 10:45:46.425"/>
</kw>
<kw name="Write Value From Column Name At Row 3" library="Excel_Temp_New">
<arg>${DESTINATION_FILE}</arg>
<arg>3</arg>
<arg>Project Name*</arg>
<arg>${Project Name}</arg>
<kw name="Log" library="BuiltIn">
<arg>Write Value From Column Name At Row 3 = ${ROW}</arg>
<doc>Logs the given message with the given level.</doc>
<msg timestamp="20250822 10:45:46.429" level="INFO">Write Value From Column Name At Row 3 = 3</msg>
<status status="PASS" starttime="20250822 10:45:46.427" endtime="20250822 10:45:46.429"/>
</kw>
<kw name="Open Workbook" library="RPA.Excel.Files">
<arg>${SOURCE_FILE}</arg>
<doc>Open an existing Excel workbook.</doc>
<msg timestamp="20250822 10:45:46.463" level="INFO">Opened workbook: &lt;RPA.Excel.Files.XlsWorkbook object at 0x000001ED4ABBB388&gt;</msg>
<status status="PASS" starttime="20250822 10:45:46.429" endtime="20250822 10:45:46.463"/>
</kw>
<kw name="Read Worksheet As Table" library="RPA.Excel.Files">
<var>${rows}</var>
<arg>header=False</arg>
<arg>start=2</arg>
<doc>Read the contents of a worksheet into a Table container. Allows
sorting/filtering/manipulating using the ``RPA.Tables`` library.</doc>
<msg timestamp="20250822 10:45:46.486" level="INFO">Created table: Table(columns=['A', 'B', 'C', 'D', 'E', 'F', 'G', 'H', 'I', 'J', 'K', 'L', 'M', 'N', 'O', 'P', 'Q', 'R', 'S', 'T', 'U', 'V', 'W', 'X', 'Y', 'Z', 'AA', 'AB', 'AC', 'AD'], rows=2)</msg>
<msg timestamp="20250822 10:45:46.486" level="INFO">${rows} = Table(columns=['A', 'B', 'C', 'D', 'E', 'F', 'G', 'H', 'I', 'J', 'K', 'L', 'M', 'N', 'O', 'P', 'Q', 'R', 'S', 'T', 'U', 'V', 'W', 'X', 'Y', 'Z', 'AA', 'AB', 'AC', 'AD'], rows=2)</msg>
<status status="PASS" starttime="20250822 10:45:46.463" endtime="20250822 10:45:46.486"/>
</kw>
<kw name="Set Variable" library="BuiltIn">
<var>${headers}</var>
<arg>${rows}[0]</arg>
<doc>Returns the given values which can then be assigned to a variables.</doc>
<msg timestamp="20250822 10:45:46.490" level="INFO">${headers} = ['Project Name*', 'Project Owner Company*', 'Service System*', 'Site Code* (Reference Site Code)', 'SSR Type*', 'Equipment', 'Equipment Type*', 'Site Code*(Site Type)', 'Site Name(EN)*', 'Site Name(TH...</msg>
<status status="PASS" starttime="20250822 10:45:46.490" endtime="20250822 10:45:46.490"/>
</kw>
<kw name="Write Cell Value" library="Excel_Temp_New">
<var>${col_index}</var>
<arg>${headers}</arg>
<arg>${HEADER}</arg>
<arg>${ROW}</arg>
<arg>${VALUE}</arg>
<kw name="Log" library="BuiltIn">
<arg>Row Write Cell Value = ${ROW}</arg>
<doc>Logs the given message with the given level.</doc>
<msg timestamp="20250822 10:45:46.492" level="INFO">Row Write Cell Value = 3</msg>
<status status="PASS" starttime="20250822 10:45:46.492" endtime="20250822 10:45:46.492"/>
</kw>
<kw name="Get Index From List" library="Collections">
<var>${col_index}</var>
<arg>${headers}</arg>
<arg>${HEADER_NAME}</arg>
<doc>Returns the index of the first occurrence of the ``value`` on the list.</doc>
<msg timestamp="20250822 10:45:46.492" level="INFO">${col_index} = 0</msg>
<status status="PASS" starttime="20250822 10:45:46.492" endtime="20250822 10:45:46.492"/>
</kw>
<kw name="Evaluate" library="BuiltIn">
<var>${col_number}</var>
<arg>${col_index} + 1</arg>
<doc>Evaluates the given expression in Python and returns the result.</doc>
<msg timestamp="20250822 10:45:46.492" level="INFO">${col_number} = 1</msg>
<status status="PASS" starttime="20250822 10:45:46.492" endtime="20250822 10:45:46.492"/>
</kw>
<kw name="Set Cell Value" library="RPA.Excel.Files">
<arg>row=${ROW}</arg>
<arg>column=${col_number}</arg>
<arg>value=${VALUE}</arg>
<doc>Set a cell value in the given worksheet.</doc>
<status status="PASS" starttime="20250822 10:45:46.492" endtime="20250822 10:45:46.662"/>
</kw>
<msg timestamp="20250822 10:45:46.663" level="INFO">${col_index} = None</msg>
<status status="PASS" starttime="20250822 10:45:46.490" endtime="20250822 10:45:46.663"/>
</kw>
<kw name="Log" library="BuiltIn">
<arg>Column index of ${HEADER} is ${col_index}</arg>
<doc>Logs the given message with the given level.</doc>
<msg timestamp="20250822 10:45:46.663" level="INFO">Column index of Project Name* is None</msg>
<status status="PASS" starttime="20250822 10:45:46.663" endtime="20250822 10:45:46.663"/>
</kw>
<kw name="Save Workbook" library="RPA.Excel.Files">
<doc>Save the active workbook.</doc>
<status status="PASS" starttime="20250822 10:45:46.663" endtime="20250822 10:45:46.833"/>
</kw>
<kw name="Close Workbook" library="RPA.Excel.Files">
<doc>Close the active workbook.</doc>
<msg timestamp="20250822 10:45:46.833" level="INFO">Closing workbook: &lt;RPA.Excel.Files.XlsWorkbook object at 0x000001ED4ABBB388&gt;</msg>
<status status="PASS" starttime="20250822 10:45:46.833" endtime="20250822 10:45:46.833"/>
</kw>
<status status="PASS" starttime="20250822 10:45:46.425" endtime="20250822 10:45:46.835"/>
</kw>
<kw name="Get Column Values By Name File" library="Excel_Temp_New">
<var>${Project Owner Company List}</var>
<arg>${SOURCE_FILE For Small Cell}</arg>
<arg>Project Owner Company</arg>
<kw name="Open Workbook" library="RPA.Excel.Files">
<arg>${SOURCE_FILE}</arg>
<doc>Open an existing Excel workbook.</doc>
<msg timestamp="20250822 10:45:47.091" level="INFO">Opened workbook: &lt;RPA.Excel.Files.XlsxWorkbook object at 0x000001ED4C0049C8&gt;</msg>
<status status="PASS" starttime="20250822 10:45:46.837" endtime="20250822 10:45:47.091"/>
</kw>
<kw name="Read Worksheet As Table" library="RPA.Excel.Files">
<var>${rows}</var>
<arg>header=True</arg>
<doc>Read the contents of a worksheet into a Table container. Allows
sorting/filtering/manipulating using the ``RPA.Tables`` library.</doc>
<msg timestamp="20250822 10:45:47.096" level="INFO">Created table: Table(columns=['Test_Case_ID', 'Proferma_No', 'Import_Site_Template_File', 'Project Name', 'Project Owner Company', 'Service System', 'Reference Site Code', 'SSR Type', 'Equipment Type', 'Site Type', 'Site Name', 'Zone MC', 'Region', 'Role Approve1', 'Vendor Name', 'Subcontract Name', 'Proforma No', 'Sub Project', 'Number Of Site', 'Balance QTY', 'Project Type', 'Project Detail', 'Purchase Cat Group', 'Purchase Cat', 'Action Type', 'System Type', 'Service Code', 'Company Code', 'Procurator Workflow Type', 'Procurator SSR Type', 'Procurator Region', 'SSR_Submitted_Upload_File', 'Drawing_Submitted_Upload_File', 'BOQ_Document_Upload_File', 'Date_Time', 'Run_Status', 'Reference_Site_Code', 'SSR_ID', 'Pre-PR', 'PO', 'Result'], rows=3)</msg>
<msg timestamp="20250822 10:45:47.096" level="INFO">${rows} = Table(columns=['Test_Case_ID', 'Proferma_No', 'Import_Site_Template_File', 'Project Name', 'Project Owner Company', 'Service System', 'Reference Site Code', 'SSR Type', 'Equipment Type', 'Site Type', ...</msg>
<status status="PASS" starttime="20250822 10:45:47.091" endtime="20250822 10:45:47.096"/>
</kw>
<kw name="Create List" library="BuiltIn">
<var>${values}</var>
<doc>Returns a list containing given items.</doc>
<msg timestamp="20250822 10:45:47.098" level="INFO">${values} = []</msg>
<status status="PASS" starttime="20250822 10:45:47.096" endtime="20250822 10:45:47.098"/>
</kw>
<for flavor="IN">
<var>${row}</var>
<value>@{rows}</value>
<iter>
<var name="${row}">{'Test_Case_ID': 'TC_001', 'Proferma_No': 1010001075, 'Import_Site_Template_File': 'Import_Site_Template_Proforma Small Cell for TPT III.xls', 'Project Name': 'Test Interface Send/Approve/Cancel PR [Y...</var>
<kw name="Get From Dictionary" library="Collections">
<var>${value}</var>
<arg>${row}</arg>
<arg>${column_name}</arg>
<doc>Returns a value from the given ``dictionary`` based on the given ``key``.</doc>
<msg timestamp="20250822 10:45:47.103" level="INFO">${value} = AWN</msg>
<status status="PASS" starttime="20250822 10:45:47.100" endtime="20250822 10:45:47.103"/>
</kw>
<kw name="Append To List" library="Collections">
<arg>${values}</arg>
<arg>${value}</arg>
<doc>Adds ``values`` to the end of ``list``.</doc>
<status status="PASS" starttime="20250822 10:45:47.103" endtime="20250822 10:45:47.104"/>
</kw>
<status status="PASS" starttime="20250822 10:45:47.100" endtime="20250822 10:45:47.104"/>
</iter>
<iter>
<var name="${row}">{'Test_Case_ID': 'TC_002', 'Proferma_No': 1010001075, 'Import_Site_Template_File': 'Import_Site_Template_Proforma Small Cell for TPT III.xls', 'Project Name': 'Test Interface Send/Approve/Cancel PR [Y...</var>
<kw name="Get From Dictionary" library="Collections">
<var>${value}</var>
<arg>${row}</arg>
<arg>${column_name}</arg>
<doc>Returns a value from the given ``dictionary`` based on the given ``key``.</doc>
<msg timestamp="20250822 10:45:47.107" level="INFO">${value} = AWN</msg>
<status status="PASS" starttime="20250822 10:45:47.106" endtime="20250822 10:45:47.107"/>
</kw>
<kw name="Append To List" library="Collections">
<arg>${values}</arg>
<arg>${value}</arg>
<doc>Adds ``values`` to the end of ``list``.</doc>
<status status="PASS" starttime="20250822 10:45:47.107" endtime="20250822 10:45:47.107"/>
</kw>
<status status="PASS" starttime="20250822 10:45:47.104" endtime="20250822 10:45:47.107"/>
</iter>
<iter>
<var name="${row}">{'Test_Case_ID': 'TC_003', 'Proferma_No': 1010001075, 'Import_Site_Template_File': 'Import_Site_Template_Proforma Small Cell for TPT III.xls', 'Project Name': 'Test Interface Send/Approve/Cancel PR [Y...</var>
<kw name="Get From Dictionary" library="Collections">
<var>${value}</var>
<arg>${row}</arg>
<arg>${column_name}</arg>
<doc>Returns a value from the given ``dictionary`` based on the given ``key``.</doc>
<msg timestamp="20250822 10:45:47.107" level="INFO">${value} = AWN</msg>
<status status="PASS" starttime="20250822 10:45:47.107" endtime="20250822 10:45:47.107"/>
</kw>
<kw name="Append To List" library="Collections">
<arg>${values}</arg>
<arg>${value}</arg>
<doc>Adds ``values`` to the end of ``list``.</doc>
<status status="PASS" starttime="20250822 10:45:47.112" endtime="20250822 10:45:47.112"/>
</kw>
<status status="PASS" starttime="20250822 10:45:47.107" endtime="20250822 10:45:47.112"/>
</iter>
<status status="PASS" starttime="20250822 10:45:47.098" endtime="20250822 10:45:47.112"/>
</for>
<kw name="Close Workbook" library="RPA.Excel.Files">
<doc>Close the active workbook.</doc>
<msg timestamp="20250822 10:45:47.114" level="INFO">Closing workbook: &lt;RPA.Excel.Files.XlsxWorkbook object at 0x000001ED4C0049C8&gt;</msg>
<status status="PASS" starttime="20250822 10:45:47.112" endtime="20250822 10:45:47.114"/>
</kw>
<msg timestamp="20250822 10:45:47.114" level="INFO">${Project Owner Company List} = ['AWN', 'AWN', 'AWN']</msg>
<status status="PASS" starttime="20250822 10:45:46.835" endtime="20250822 10:45:47.114"/>
</kw>
<kw name="Set Variable" library="BuiltIn">
<var>${Project Owner Company}</var>
<arg>${Project Owner Company List[0]}</arg>
<doc>Returns the given values which can then be assigned to a variables.</doc>
<msg timestamp="20250822 10:45:47.128" level="INFO">${Project Owner Company} = AWN</msg>
<status status="PASS" starttime="20250822 10:45:47.114" endtime="20250822 10:45:47.128"/>
</kw>
<kw name="Write Value From Column Name At Row 3" library="Excel_Temp_New">
<arg>${DESTINATION_FILE}</arg>
<arg>3</arg>
<arg>Project Owner Company*</arg>
<arg>${Project Owner Company}</arg>
<kw name="Log" library="BuiltIn">
<arg>Write Value From Column Name At Row 3 = ${ROW}</arg>
<doc>Logs the given message with the given level.</doc>
<msg timestamp="20250822 10:45:47.129" level="INFO">Write Value From Column Name At Row 3 = 3</msg>
<status status="PASS" starttime="20250822 10:45:47.129" endtime="20250822 10:45:47.129"/>
</kw>
<kw name="Open Workbook" library="RPA.Excel.Files">
<arg>${SOURCE_FILE}</arg>
<doc>Open an existing Excel workbook.</doc>
<msg timestamp="20250822 10:45:47.144" level="INFO">Opened workbook: &lt;RPA.Excel.Files.XlsWorkbook object at 0x000001ED4C048408&gt;</msg>
<status status="PASS" starttime="20250822 10:45:47.129" endtime="20250822 10:45:47.145"/>
</kw>
<kw name="Read Worksheet As Table" library="RPA.Excel.Files">
<var>${rows}</var>
<arg>header=False</arg>
<arg>start=2</arg>
<doc>Read the contents of a worksheet into a Table container. Allows
sorting/filtering/manipulating using the ``RPA.Tables`` library.</doc>
<msg timestamp="20250822 10:45:47.162" level="INFO">Created table: Table(columns=['A', 'B', 'C', 'D', 'E', 'F', 'G', 'H', 'I', 'J', 'K', 'L', 'M', 'N', 'O', 'P', 'Q', 'R', 'S', 'T', 'U', 'V', 'W', 'X', 'Y', 'Z', 'AA', 'AB', 'AC', 'AD'], rows=2)</msg>
<msg timestamp="20250822 10:45:47.165" level="INFO">${rows} = Table(columns=['A', 'B', 'C', 'D', 'E', 'F', 'G', 'H', 'I', 'J', 'K', 'L', 'M', 'N', 'O', 'P', 'Q', 'R', 'S', 'T', 'U', 'V', 'W', 'X', 'Y', 'Z', 'AA', 'AB', 'AC', 'AD'], rows=2)</msg>
<status status="PASS" starttime="20250822 10:45:47.145" endtime="20250822 10:45:47.165"/>
</kw>
<kw name="Set Variable" library="BuiltIn">
<var>${headers}</var>
<arg>${rows}[0]</arg>
<doc>Returns the given values which can then be assigned to a variables.</doc>
<msg timestamp="20250822 10:45:47.165" level="INFO">${headers} = ['Project Name*', 'Project Owner Company*', 'Service System*', 'Site Code* (Reference Site Code)', 'SSR Type*', 'Equipment', 'Equipment Type*', 'Site Code*(Site Type)', 'Site Name(EN)*', 'Site Name(TH...</msg>
<status status="PASS" starttime="20250822 10:45:47.165" endtime="20250822 10:45:47.165"/>
</kw>
<kw name="Write Cell Value" library="Excel_Temp_New">
<var>${col_index}</var>
<arg>${headers}</arg>
<arg>${HEADER}</arg>
<arg>${ROW}</arg>
<arg>${VALUE}</arg>
<kw name="Log" library="BuiltIn">
<arg>Row Write Cell Value = ${ROW}</arg>
[...]
<arg>row=${ROW}</arg>
<arg>column=${col_number}</arg>
<arg>value=${VALUE}</arg>
<doc>Set a cell value in the given worksheet.</doc>
<status status="PASS" starttime="20250822 10:46:05.661" endtime="20250822 10:46:05.828"/>
</kw>
<msg timestamp="20250822 10:46:05.828" level="INFO">${col_index} = None</msg>
<status status="PASS" starttime="20250822 10:46:05.653" endtime="20250822 10:46:05.828"/>
</kw>
<kw name="Log" library="BuiltIn">
<arg>Column index of ${HEADER} is ${col_index}</arg>
<doc>Logs the given message with the given level.</doc>
<msg timestamp="20250822 10:46:05.830" level="INFO">Column index of Company Code* is None</msg>
<status status="PASS" starttime="20250822 10:46:05.829" endtime="20250822 10:46:05.830"/>
</kw>
<kw name="Save Workbook" library="RPA.Excel.Files">
<doc>Save the active workbook.</doc>
<status status="PASS" starttime="20250822 10:46:05.830" endtime="20250822 10:46:06.024"/>
</kw>
<kw name="Close Workbook" library="RPA.Excel.Files">
<doc>Close the active workbook.</doc>
<msg timestamp="20250822 10:46:06.026" level="INFO">Closing workbook: &lt;RPA.Excel.Files.XlsWorkbook object at 0x000001ED4C073548&gt;</msg>
<status status="PASS" starttime="20250822 10:46:06.025" endtime="20250822 10:46:06.026"/>
</kw>
<status status="PASS" starttime="20250822 10:46:05.598" endtime="20250822 10:46:06.026"/>
</kw>
<status status="PASS" starttime="20250822 10:45:46.086" endtime="20250822 10:46:06.026"/>
</kw>
<kw name="Write Value Running Date File" library="Excel_Temp_New">
<arg>${SOURCE_FILE For Small Cell}</arg>
<arg>${i + 1}</arg>
<kw name="Get Current Date" library="DateTime">
<var>${current_datetime}</var>
<arg>result_format=%Y-%m-%d_%H:%M</arg>
<doc>Returns current local or UTC time with an optional increment.</doc>
<msg timestamp="20250822 10:46:06.039" level="INFO">${current_datetime} = 2025-08-22_10:46</msg>
<status status="PASS" starttime="20250822 10:46:06.037" endtime="20250822 10:46:06.039"/>
</kw>
<kw name="Set Test Variable" library="BuiltIn">
<arg>${current_datetime}</arg>
<doc>Makes a variable available everywhere within the scope of the current test.</doc>
<msg timestamp="20250822 10:46:06.041" level="INFO">${current_datetime} = 2025-08-22_10:46</msg>
<status status="PASS" starttime="20250822 10:46:06.039" endtime="20250822 10:46:06.042"/>
</kw>
<kw name="Write Value From Column Name" library="Excel_Temp_New">
<arg>${SOURCE_FILE}</arg>
<arg>${Row_index}</arg>
<arg>Date_Time</arg>
<arg>${current_datetime}</arg>
<kw name="Open Workbook" library="RPA.Excel.Files">
<arg>${SOURCE_FILE}</arg>
<doc>Open an existing Excel workbook.</doc>
<msg timestamp="20250822 10:46:06.417" level="INFO">Opened workbook: &lt;RPA.Excel.Files.XlsxWorkbook object at 0x000001ED4C3B53C8&gt;</msg>
<status status="PASS" starttime="20250822 10:46:06.074" endtime="20250822 10:46:06.417"/>
</kw>
<kw name="Log" library="BuiltIn">
<arg>Write Value From Column Name = ${ROW}</arg>
<doc>Logs the given message with the given level.</doc>
<msg timestamp="20250822 10:46:06.419" level="INFO">Write Value From Column Name = 2</msg>
<status status="PASS" starttime="20250822 10:46:06.419" endtime="20250822 10:46:06.419"/>
</kw>
<kw name="Read Worksheet As Table" library="RPA.Excel.Files">
<var>${rows}</var>
<arg>header=False</arg>
<doc>Read the contents of a worksheet into a Table container. Allows
sorting/filtering/manipulating using the ``RPA.Tables`` library.</doc>
<msg timestamp="20250822 10:46:06.429" level="INFO">Created table: Table(columns=['A', 'B', 'C', 'D', 'E', 'F', 'G', 'H', 'I', 'J', 'K', 'L', 'M', 'N', 'O', 'P', 'Q', 'R', 'S', 'T', 'U', 'V', 'W', 'X', 'Y', 'Z', 'AA', 'AB', 'AC', 'AD', 'AE', 'AF', 'AG', 'AH', 'AI', 'AJ', 'AK', 'AL', 'AM', 'AN', 'AO', 'AP', 'AQ', 'AR', 'AS', 'AT', 'AU', 'AV'], rows=4)</msg>
<msg timestamp="20250822 10:46:06.430" level="INFO">${rows} = Table(columns=['A', 'B', 'C', 'D', 'E', 'F', 'G', 'H', 'I', 'J', 'K', 'L', 'M', 'N', 'O', 'P', 'Q', 'R', 'S', 'T', 'U', 'V', 'W', 'X', 'Y', 'Z', 'AA', 'AB', 'AC', 'AD', 'AE', 'AF', 'AG', 'AH', 'AI', '...</msg>
<status status="PASS" starttime="20250822 10:46:06.419" endtime="20250822 10:46:06.430"/>
</kw>
<kw name="Set Variable" library="BuiltIn">
<var>${headers}</var>
<arg>${rows}[0]</arg>
<doc>Returns the given values which can then be assigned to a variables.</doc>
<msg timestamp="20250822 10:46:06.432" level="INFO">${headers} = ['Test_Case_ID', 'Proferma_No', 'Import_Site_Template_File', 'Project Name', 'Project Owner Company', 'Service System', 'Reference Site Code', 'SSR Type', 'Equipment Type', 'Site Type ', 'Site Name', ...</msg>
<status status="PASS" starttime="20250822 10:46:06.431" endtime="20250822 10:46:06.432"/>
</kw>
<kw name="Write Cell Value" library="Excel_Temp_New">
<var>${col_index}</var>
<arg>${headers}</arg>
<arg>${HEADER}</arg>
<arg>${ROW}</arg>
<arg>${VALUE}</arg>
<kw name="Log" library="BuiltIn">
<arg>Row Write Cell Value = ${ROW}</arg>
<doc>Logs the given message with the given level.</doc>
<msg timestamp="20250822 10:46:06.436" level="INFO">Row Write Cell Value = 2</msg>
<status status="PASS" starttime="20250822 10:46:06.436" endtime="20250822 10:46:06.436"/>
</kw>
<kw name="Get Index From List" library="Collections">
<var>${col_index}</var>
<arg>${headers}</arg>
<arg>${HEADER_NAME}</arg>
<doc>Returns the index of the first occurrence of the ``value`` on the list.</doc>
<msg timestamp="20250822 10:46:06.438" level="INFO">${col_index} = 34</msg>
<status status="PASS" starttime="20250822 10:46:06.437" endtime="20250822 10:46:06.438"/>
</kw>
<kw name="Evaluate" library="BuiltIn">
<var>${col_number}</var>
<arg>${col_index} + 1</arg>
<doc>Evaluates the given expression in Python and returns the result.</doc>
<msg timestamp="20250822 10:46:06.440" level="INFO">${col_number} = 35</msg>
<status status="PASS" starttime="20250822 10:46:06.439" endtime="20250822 10:46:06.440"/>
</kw>
<kw name="Set Cell Value" library="RPA.Excel.Files">
<arg>row=${ROW}</arg>
<arg>column=${col_number}</arg>
<arg>value=${VALUE}</arg>
<doc>Set a cell value in the given worksheet.</doc>
<status status="PASS" starttime="20250822 10:46:06.441" endtime="20250822 10:46:06.442"/>
</kw>
<msg timestamp="20250822 10:46:06.442" level="INFO">${col_index} = None</msg>
<status status="PASS" starttime="20250822 10:46:06.433" endtime="20250822 10:46:06.442"/>
</kw>
<kw name="Log" library="BuiltIn">
<arg>Column index of ${HEADER} is ${col_index}</arg>
<doc>Logs the given message with the given level.</doc>
<msg timestamp="20250822 10:46:06.444" level="INFO">Column index of Date_Time is None</msg>
<status status="PASS" starttime="20250822 10:46:06.443" endtime="20250822 10:46:06.444"/>
</kw>
<kw name="Save Workbook" library="RPA.Excel.Files">
<doc>Save the active workbook.</doc>
<status status="PASS" starttime="20250822 10:46:06.445" endtime="20250822 10:46:06.794"/>
</kw>
<kw name="Close Workbook" library="RPA.Excel.Files">
<doc>Close the active workbook.</doc>
<msg timestamp="20250822 10:46:06.795" level="INFO">Closing workbook: &lt;RPA.Excel.Files.XlsxWorkbook object at 0x000001ED4C3B53C8&gt;</msg>
<status status="PASS" starttime="20250822 10:46:06.795" endtime="20250822 10:46:06.795"/>
</kw>
<status status="PASS" starttime="20250822 10:46:06.048" endtime="20250822 10:46:06.796"/>
</kw>
<status status="PASS" starttime="20250822 10:46:06.028" endtime="20250822 10:46:06.796"/>
</kw>
<kw name="Write Value From Column Name" library="Excel_Temp_New">
<arg>${SOURCE_FILE For Small Cell}</arg>
<arg>${i + 1}</arg>
<arg>Result</arg>
<arg>Fail</arg>
<kw name="Open Workbook" library="RPA.Excel.Files">
<arg>${SOURCE_FILE}</arg>
<doc>Open an existing Excel workbook.</doc>
<msg timestamp="20250822 10:46:07.085" level="INFO">Opened workbook: &lt;RPA.Excel.Files.XlsxWorkbook object at 0x000001ED4ABC9B88&gt;</msg>
<status status="PASS" starttime="20250822 10:46:06.810" endtime="20250822 10:46:07.085"/>
</kw>
<kw name="Log" library="BuiltIn">
<arg>Write Value From Column Name = ${ROW}</arg>
<doc>Logs the given message with the given level.</doc>
<msg timestamp="20250822 10:46:07.085" level="INFO">Write Value From Column Name = 2</msg>
<status status="PASS" starttime="20250822 10:46:07.085" endtime="20250822 10:46:07.085"/>
</kw>
<kw name="Read Worksheet As Table" library="RPA.Excel.Files">
<var>${rows}</var>
<arg>header=False</arg>
<doc>Read the contents of a worksheet into a Table container. Allows
sorting/filtering/manipulating using the ``RPA.Tables`` library.</doc>
<msg timestamp="20250822 10:46:07.095" level="INFO">Created table: Table(columns=['A', 'B', 'C', 'D', 'E', 'F', 'G', 'H', 'I', 'J', 'K', 'L', 'M', 'N', 'O', 'P', 'Q', 'R', 'S', 'T', 'U', 'V', 'W', 'X', 'Y', 'Z', 'AA', 'AB', 'AC', 'AD', 'AE', 'AF', 'AG', 'AH', 'AI', 'AJ', 'AK', 'AL', 'AM', 'AN', 'AO', 'AP', 'AQ', 'AR', 'AS', 'AT', 'AU', 'AV'], rows=4)</msg>
<msg timestamp="20250822 10:46:07.098" level="INFO">${rows} = Table(columns=['A', 'B', 'C', 'D', 'E', 'F', 'G', 'H', 'I', 'J', 'K', 'L', 'M', 'N', 'O', 'P', 'Q', 'R', 'S', 'T', 'U', 'V', 'W', 'X', 'Y', 'Z', 'AA', 'AB', 'AC', 'AD', 'AE', 'AF', 'AG', 'AH', 'AI', '...</msg>
<status status="PASS" starttime="20250822 10:46:07.085" endtime="20250822 10:46:07.098"/>
</kw>
<kw name="Set Variable" library="BuiltIn">
<var>${headers}</var>
<arg>${rows}[0]</arg>
<doc>Returns the given values which can then be assigned to a variables.</doc>
<msg timestamp="20250822 10:46:07.099" level="INFO">${headers} = ['Test_Case_ID', 'Proferma_No', 'Import_Site_Template_File', 'Project Name', 'Project Owner Company', 'Service System', 'Reference Site Code', 'SSR Type', 'Equipment Type', 'Site Type ', 'Site Name', ...</msg>
<status status="PASS" starttime="20250822 10:46:07.098" endtime="20250822 10:46:07.099"/>
</kw>
<kw name="Write Cell Value" library="Excel_Temp_New">
<var>${col_index}</var>
<arg>${headers}</arg>
<arg>${HEADER}</arg>
<arg>${ROW}</arg>
<arg>${VALUE}</arg>
<kw name="Log" library="BuiltIn">
<arg>Row Write Cell Value = ${ROW}</arg>
<doc>Logs the given message with the given level.</doc>
<msg timestamp="20250822 10:46:07.102" level="INFO">Row Write Cell Value = 2</msg>
<status status="PASS" starttime="20250822 10:46:07.102" endtime="20250822 10:46:07.102"/>
</kw>
<kw name="Get Index From List" library="Collections">
<var>${col_index}</var>
<arg>${headers}</arg>
<arg>${HEADER_NAME}</arg>
<doc>Returns the index of the first occurrence of the ``value`` on the list.</doc>
<msg timestamp="20250822 10:46:07.104" level="INFO">${col_index} = 40</msg>
<status status="PASS" starttime="20250822 10:46:07.104" endtime="20250822 10:46:07.104"/>
</kw>
<kw name="Evaluate" library="BuiltIn">
<var>${col_number}</var>
<arg>${col_index} + 1</arg>
<doc>Evaluates the given expression in Python and returns the result.</doc>
<msg timestamp="20250822 10:46:07.106" level="INFO">${col_number} = 41</msg>
<status status="PASS" starttime="20250822 10:46:07.104" endtime="20250822 10:46:07.106"/>
</kw>
<kw name="Set Cell Value" library="RPA.Excel.Files">
<arg>row=${ROW}</arg>
<arg>column=${col_number}</arg>
<arg>value=${VALUE}</arg>
<doc>Set a cell value in the given worksheet.</doc>
<status status="PASS" starttime="20250822 10:46:07.106" endtime="20250822 10:46:07.109"/>
</kw>
<msg timestamp="20250822 10:46:07.109" level="INFO">${col_index} = None</msg>
<status status="PASS" starttime="20250822 10:46:07.099" endtime="20250822 10:46:07.109"/>
</kw>
<kw name="Log" library="BuiltIn">
<arg>Column index of ${HEADER} is ${col_index}</arg>
<doc>Logs the given message with the given level.</doc>
<msg timestamp="20250822 10:46:07.110" level="INFO">Column index of Result is None</msg>
<status status="PASS" starttime="20250822 10:46:07.110" endtime="20250822 10:46:07.110"/>
</kw>
<kw name="Save Workbook" library="RPA.Excel.Files">
<doc>Save the active workbook.</doc>
<status status="PASS" starttime="20250822 10:46:07.110" endtime="20250822 10:46:07.403"/>
</kw>
<kw name="Close Workbook" library="RPA.Excel.Files">
<doc>Close the active workbook.</doc>
<msg timestamp="20250822 10:46:07.405" level="INFO">Closing workbook: &lt;RPA.Excel.Files.XlsxWorkbook object at 0x000001ED4ABC9B88&gt;</msg>
<status status="PASS" starttime="20250822 10:46:07.405" endtime="20250822 10:46:07.405"/>
</kw>
<status status="PASS" starttime="20250822 10:46:06.797" endtime="20250822 10:46:07.407"/>
</kw>
<kw name="Write Value From Column Name" library="Excel_Temp_New">
<arg>${SOURCE_FILE For Small Cell}</arg>
<arg>${i + 1}</arg>
<arg>Run_Status</arg>
<arg>${i}</arg>
<kw name="Open Workbook" library="RPA.Excel.Files">
<arg>${SOURCE_FILE}</arg>
<doc>Open an existing Excel workbook.</doc>
<msg timestamp="20250822 10:46:07.632" level="INFO">Opened workbook: &lt;RPA.Excel.Files.XlsxWorkbook object at 0x000001ED3AED5948&gt;</msg>
<status status="PASS" starttime="20250822 10:46:07.418" endtime="20250822 10:46:07.632"/>
</kw>
<kw name="Log" library="BuiltIn">
<arg>Write Value From Column Name = ${ROW}</arg>
<doc>Logs the given message with the given level.</doc>
<msg timestamp="20250822 10:46:07.632" level="INFO">Write Value From Column Name = 2</msg>
<status status="PASS" starttime="20250822 10:46:07.632" endtime="20250822 10:46:07.634"/>
</kw>
<kw name="Read Worksheet As Table" library="RPA.Excel.Files">
<var>${rows}</var>
<arg>header=False</arg>
<doc>Read the contents of a worksheet into a Table container. Allows
sorting/filtering/manipulating using the ``RPA.Tables`` library.</doc>
<msg timestamp="20250822 10:46:07.640" level="INFO">Created table: Table(columns=['A', 'B', 'C', 'D', 'E', 'F', 'G', 'H', 'I', 'J', 'K', 'L', 'M', 'N', 'O', 'P', 'Q', 'R', 'S', 'T', 'U', 'V', 'W', 'X', 'Y', 'Z', 'AA', 'AB', 'AC', 'AD', 'AE', 'AF', 'AG', 'AH', 'AI', 'AJ', 'AK', 'AL', 'AM', 'AN', 'AO', 'AP', 'AQ', 'AR', 'AS', 'AT', 'AU', 'AV'], rows=4)</msg>
<msg timestamp="20250822 10:46:07.640" level="INFO">${rows} = Table(columns=['A', 'B', 'C', 'D', 'E', 'F', 'G', 'H', 'I', 'J', 'K', 'L', 'M', 'N', 'O', 'P', 'Q', 'R', 'S', 'T', 'U', 'V', 'W', 'X', 'Y', 'Z', 'AA', 'AB', 'AC', 'AD', 'AE', 'AF', 'AG', 'AH', 'AI', '...</msg>
<status status="PASS" starttime="20250822 10:46:07.634" endtime="20250822 10:46:07.640"/>
</kw>
<kw name="Set Variable" library="BuiltIn">
<var>${headers}</var>
<arg>${rows}[0]</arg>
<doc>Returns the given values which can then be assigned to a variables.</doc>
<msg timestamp="20250822 10:46:07.642" level="INFO">${headers} = ['Test_Case_ID', 'Proferma_No', 'Import_Site_Template_File', 'Project Name', 'Project Owner Company', 'Service System', 'Reference Site Code', 'SSR Type', 'Equipment Type', 'Site Type ', 'Site Name', ...</msg>
<status status="PASS" starttime="20250822 10:46:07.642" endtime="20250822 10:46:07.642"/>
</kw>
<kw name="Write Cell Value" library="Excel_Temp_New">
<var>${col_index}</var>
<arg>${headers}</arg>
<arg>${HEADER}</arg>
<arg>${ROW}</arg>
<arg>${VALUE}</arg>
<kw name="Log" library="BuiltIn">
<arg>Row Write Cell Value = ${ROW}</arg>
<doc>Logs the given message with the given level.</doc>
<msg timestamp="20250822 10:46:07.646" level="INFO">Row Write Cell Value = 2</msg>
<status status="PASS" starttime="20250822 10:46:07.644" endtime="20250822 10:46:07.646"/>
</kw>
<kw name="Get Index From List" library="Collections">
<var>${col_index}</var>
<arg>${headers}</arg>
<arg>${HEADER_NAME}</arg>
<doc>Returns the index of the first occurrence of the ``value`` on the list.</doc>
<msg timestamp="20250822 10:46:07.646" level="INFO">${col_index} = 35</msg>
<status status="PASS" starttime="20250822 10:46:07.646" endtime="20250822 10:46:07.648"/>
</kw>
<kw name="Evaluate" library="BuiltIn">
<var>${col_number}</var>
<arg>${col_index} + 1</arg>
<doc>Evaluates the given expression in Python and returns the result.</doc>
<msg timestamp="20250822 10:46:07.648" level="INFO">${col_number} = 36</msg>
<status status="PASS" starttime="20250822 10:46:07.648" endtime="20250822 10:46:07.648"/>
</kw>
<kw name="Set Cell Value" library="RPA.Excel.Files">
<arg>row=${ROW}</arg>
<arg>column=${col_number}</arg>
<arg>value=${VALUE}</arg>
<doc>Set a cell value in the given worksheet.</doc>
<status status="PASS" starttime="20250822 10:46:07.648" endtime="20250822 10:46:07.648"/>
</kw>
<msg timestamp="20250822 10:46:07.648" level="INFO">${col_index} = None</msg>
<status status="PASS" starttime="20250822 10:46:07.642" endtime="20250822 10:46:07.648"/>
</kw>
<kw name="Log" library="BuiltIn">
<arg>Column index of ${HEADER} is ${col_index}</arg>
<doc>Logs the given message with the given level.</doc>
<msg timestamp="20250822 10:46:07.648" level="INFO">Column index of Run_Status is None</msg>
<status status="PASS" starttime="20250822 10:46:07.648" endtime="20250822 10:46:07.648"/>
</kw>
<kw name="Save Workbook" library="RPA.Excel.Files">
<doc>Save the active workbook.</doc>
<status status="PASS" starttime="20250822 10:46:07.648" endtime="20250822 10:46:07.911"/>
</kw>
<kw name="Close Workbook" library="RPA.Excel.Files">
<doc>Close the active workbook.</doc>
<msg timestamp="20250822 10:46:07.916" level="INFO">Closing workbook: &lt;RPA.Excel.Files.XlsxWorkbook object at 0x000001ED3AED5948&gt;</msg>
<status status="PASS" starttime="20250822 10:46:07.916" endtime="20250822 10:46:07.916"/>
</kw>
<status status="PASS" starttime="20250822 10:46:07.407" endtime="20250822 10:46:07.916"/>
</kw>
<kw name="Your connection is not private" library="login_keywords">
<kw name="Click Button" library="SeleniumLibrary">
<arg>id=details-button</arg>
<doc>Clicks the button identified by ``locator``.</doc>
<msg timestamp="20250822 10:46:07.916" level="INFO">Clicking button 'id=details-button'.</msg>
<status status="PASS" starttime="20250822 10:46:07.916" endtime="20250822 10:46:08.054"/>
</kw>
<kw name="Set Selenium Timeout" library="SeleniumLibrary">
<arg>3 seconds</arg>
<doc>Sets the timeout that is used by various keywords.</doc>
<status status="PASS" starttime="20250822 10:46:08.054" endtime="20250822 10:46:08.056"/>
</kw>
<kw name="Click Link" library="SeleniumLibrary">
<arg>id=proceed-link</arg>
<doc>Clicks a link identified by ``locator``.</doc>
<msg timestamp="20250822 10:46:08.056" level="INFO">Clicking link 'id=proceed-link'.</msg>
<status status="PASS" starttime="20250822 10:46:08.056" endtime="20250822 10:46:08.181"/>
</kw>
<kw name="Set Selenium Timeout" library="SeleniumLibrary">
<arg>3 seconds</arg>
<doc>Sets the timeout that is used by various keywords.</doc>
<status status="PASS" starttime="20250822 10:46:08.182" endtime="20250822 10:46:08.186"/>
</kw>
<status status="PASS" starttime="20250822 10:46:07.916" endtime="20250822 10:46:08.186"/>
</kw>
<kw name="Transporter_Login" library="login_keywords">
<arg>${SSR Create Code USER}</arg>
<arg>${SSR Create Code PASS}</arg>
<kw name="Input Text" library="SeleniumLibrary">
<arg>id=loginForm:username</arg>
<arg>${username}</arg>
<doc>Types the given ``text`` into the text field identified by ``locator``.</doc>
<msg timestamp="20250822 10:46:08.189" level="INFO">Typing text 'vutthipp' into text field 'id=loginForm:username'.</msg>
<msg timestamp="20250822 10:49:08.149" level="WARN">Retrying (Retry(total=2, connect=None, read=None, redirect=None, status=None)) after connection broken by 'NewConnectionError('&lt;urllib3.connection.HTTPConnection object at 0x000001ED4AA408C8&gt;: Failed to establish a new connection: [WinError 10061] No connection could be made because the target machine actively refused it')': /session/d552f2a5447b787894402cdfc908d7c7/screenshot</msg>
<errors>
<msg timestamp="20250822 10:49:08.149" level="WARN">Retrying (Retry(total=2, connect=None, read=None, redirect=None, status=None)) after connection broken by 'NewConnectionError('&lt;urllib3.connection.HTTPConnection object at 0x000001ED4AA408C8&gt;: Failed to establish a new connection: [WinError 10061] No connection could be made because the target machine actively refused it')': /session/d552f2a5447b787894402cdfc908d7c7/screenshot</msg>
<msg timestamp="20250822 10:49:10.205" level="ERROR">Execution stopped by user.</msg>
</errors>
</robot>
