<?xml version="1.0" encoding="UTF-8"?>
<robot generator="Robot 5.0.1 (Python 3.7.9 on win32)" generated="20250806 09:48:30.819" rpa="false" schemaversion="3">
<suite id="s1" name="FBB OSP for TPT III" source="C:\Users\arnoj885\Robot Framework\Obsolate Transporter\tests\TYPE_Non-Turnkey\FBB OSP for TPT III">
<suite id="s1-s1" name="FBB OSP for TPT III" source="C:\Users\arnoj885\Robot Framework\Obsolate Transporter\tests\TYPE_Non-Turnkey\FBB OSP for TPT III\FBB_OSP_for_TPT_III.robot">
<kw name="Open Browser To Login Page" library="login_keywords" type="SETUP">
<kw name="Open Browser" library="SeleniumLibrary">
<arg>${URL}</arg>
<arg>${BROWSER}</arg>
<doc>Opens a new browser instance to the optional ``url``.</doc>
<msg timestamp="20250806 09:48:32.311" level="INFO">Opening browser 'Chrome' to base url 'https://test-transporter.intra.ais/TPTWeb/login.jsf'.</msg>
<status status="PASS" starttime="20250806 09:48:32.311" endtime="20250806 09:48:37.611"/>
</kw>
<kw name="Maximize Browser Window" library="SeleniumLibrary">
<doc>Maximizes current browser window.</doc>
<status status="PASS" starttime="20250806 09:48:37.611" endtime="20250806 09:48:37.733"/>
</kw>
<kw name="Set Selenium Timeout" library="SeleniumLibrary">
<arg>10 seconds</arg>
<doc>Sets the timeout that is used by various keywords.</doc>
<status status="PASS" starttime="20250806 09:48:37.733" endtime="20250806 09:48:37.735"/>
</kw>
<status status="PASS" starttime="20250806 09:48:32.311" endtime="20250806 09:48:37.735"/>
</kw>
<test id="s1-s1-t1" name="[1] เตรียมข้อมูลสำหรับทดสอบระบบ" line="9">
<kw name="Clear Excel Value" library="Excel_Template">
<kw name="Open Workbook" library="RPA.Excel.Files">
<arg>${SOURCE_FILE}</arg>
<doc>Open an existing Excel workbook.</doc>
<msg timestamp="20250806 09:48:37.759" level="INFO">Opened workbook: &lt;RPA.Excel.Files.XlsxWorkbook object at 0x00000186E7124108&gt;</msg>
<status status="PASS" starttime="20250806 09:48:37.743" endtime="20250806 09:48:37.759"/>
</kw>
<kw name="Set Cell Value" library="RPA.Excel.Files">
<arg>row=2</arg>
<arg>column=14</arg>
<arg>value=${EMPTY}</arg>
<doc>Set a cell value in the given worksheet.</doc>
<status status="PASS" starttime="20250806 09:48:37.759" endtime="20250806 09:48:37.763"/>
</kw>
<kw name="Set Cell Value" library="RPA.Excel.Files">
<arg>row=2</arg>
<arg>column=15</arg>
<arg>value=${EMPTY}</arg>
<doc>Set a cell value in the given worksheet.</doc>
<status status="PASS" starttime="20250806 09:48:37.763" endtime="20250806 09:48:37.767"/>
</kw>
<kw name="Set Cell Value" library="RPA.Excel.Files">
<arg>row=2</arg>
<arg>column=16</arg>
<arg>value=${EMPTY}</arg>
<doc>Set a cell value in the given worksheet.</doc>
<status status="PASS" starttime="20250806 09:48:37.767" endtime="20250806 09:48:37.770"/>
</kw>
<kw name="Set Cell Value" library="RPA.Excel.Files">
<arg>row=2</arg>
<arg>column=17</arg>
<arg>value=${EMPTY}</arg>
<doc>Set a cell value in the given worksheet.</doc>
<status status="PASS" starttime="20250806 09:48:37.770" endtime="20250806 09:48:37.774"/>
</kw>
<kw name="Set Cell Value" library="RPA.Excel.Files">
<arg>row=2</arg>
<arg>column=18</arg>
<arg>value=${EMPTY}</arg>
<doc>Set a cell value in the given worksheet.</doc>
<status status="PASS" starttime="20250806 09:48:37.774" endtime="20250806 09:48:37.776"/>
</kw>
<kw name="Set Cell Value" library="RPA.Excel.Files">
<arg>row=2</arg>
<arg>column=19</arg>
<arg>value=${EMPTY}</arg>
<doc>Set a cell value in the given worksheet.</doc>
<status status="PASS" starttime="20250806 09:48:37.776" endtime="20250806 09:48:37.776"/>
</kw>
<kw name="Set Cell Value" library="RPA.Excel.Files">
<arg>row=2</arg>
<arg>column=20</arg>
<arg>value=${EMPTY}</arg>
<doc>Set a cell value in the given worksheet.</doc>
<status status="PASS" starttime="20250806 09:48:37.776" endtime="20250806 09:48:37.776"/>
</kw>
<kw name="Save Workbook" library="RPA.Excel.Files">
<doc>Save the active workbook.</doc>
<status status="PASS" starttime="20250806 09:48:37.776" endtime="20250806 09:48:37.845"/>
</kw>
<kw name="Close Workbook" library="RPA.Excel.Files">
<doc>Close the active workbook.</doc>
<msg timestamp="20250806 09:48:37.845" level="INFO">Closing workbook: &lt;RPA.Excel.Files.XlsxWorkbook object at 0x00000186E7124108&gt;</msg>
<status status="PASS" starttime="20250806 09:48:37.845" endtime="20250806 09:48:37.845"/>
</kw>
<status status="PASS" starttime="20250806 09:48:37.735" endtime="20250806 09:48:37.845"/>
</kw>
<kw name="Gennerate Reference Site Code" library="Excel_Template">
<kw name="Get Current Date" library="DateTime">
<var>${current_datetime}</var>
<arg>result_format=%Y%m%d%H%M</arg>
<doc>Returns current local or UTC time with an optional increment.</doc>
<msg timestamp="20250806 09:48:37.845" level="INFO">${current_datetime} = 202508060948</msg>
<status status="PASS" starttime="20250806 09:48:37.845" endtime="20250806 09:48:37.845"/>
</kw>
<kw name="Length Should Be" library="BuiltIn">
<arg>${current_datetime}</arg>
<arg>12</arg>
<doc>Verifies that the length of the given item is correct.</doc>
<msg timestamp="20250806 09:48:37.845" level="INFO">Length is 12</msg>
<status status="PASS" starttime="20250806 09:48:37.845" endtime="20250806 09:48:37.845"/>
</kw>
<kw name="Catenate" library="BuiltIn">
<var>${Reference Site Code Value}</var>
<arg>SEPARATOR=</arg>
<arg>BSIF_</arg>
<arg>${current_datetime}</arg>
<doc>Catenates the given items together and returns the resulted string.</doc>
<msg timestamp="20250806 09:48:37.845" level="INFO">${Reference Site Code Value} = BSIF_202508060948</msg>
<status status="PASS" starttime="20250806 09:48:37.845" endtime="20250806 09:48:37.845"/>
</kw>
<kw name="Set Global Variable" library="BuiltIn">
<arg>${Reference Site Code Value}</arg>
<doc>Makes a variable available globally in all tests and suites.</doc>
<msg timestamp="20250806 09:48:37.845" level="INFO">${Reference Site Code Value} = BSIF_202508060948</msg>
<status status="PASS" starttime="20250806 09:48:37.845" endtime="20250806 09:48:37.845"/>
</kw>
<kw name="Log" library="BuiltIn">
<arg>${Reference Site Code Value}</arg>
<doc>Logs the given message with the given level.</doc>
<msg timestamp="20250806 09:48:37.845" level="INFO">BSIF_202508060948</msg>
<status status="PASS" starttime="20250806 09:48:37.845" endtime="20250806 09:48:37.845"/>
</kw>
<status status="PASS" starttime="20250806 09:48:37.845" endtime="20250806 09:48:37.845"/>
</kw>
<kw name="Write Value To Excel" library="Excel_Template">
<kw name="Open Workbook" library="RPA.Excel.Files">
<arg>${DESTINATION_FILE}</arg>
<doc>Open an existing Excel workbook.</doc>
<msg timestamp="20250806 09:48:37.863" level="INFO">Opened workbook: &lt;RPA.Excel.Files.XlsWorkbook object at 0x00000186F698D088&gt;</msg>
<status status="PASS" starttime="20250806 09:48:37.845" endtime="20250806 09:48:37.863"/>
</kw>
<kw name="Set Cell Value" library="RPA.Excel.Files">
<arg>row=3</arg>
<arg>column=4</arg>
<arg>value=${Reference Site Code Value}</arg>
<doc>Set a cell value in the given worksheet.</doc>
<status status="PASS" starttime="20250806 09:48:37.863" endtime="20250806 09:48:37.926"/>
</kw>
<kw name="Save Workbook" library="RPA.Excel.Files">
<doc>Save the active workbook.</doc>
<status status="PASS" starttime="20250806 09:48:37.926" endtime="20250806 09:48:38.009"/>
</kw>
<kw name="Close Workbook" library="RPA.Excel.Files">
<doc>Close the active workbook.</doc>
<msg timestamp="20250806 09:48:38.009" level="INFO">Closing workbook: &lt;RPA.Excel.Files.XlsWorkbook object at 0x00000186F698D088&gt;</msg>
<status status="PASS" starttime="20250806 09:48:38.009" endtime="20250806 09:48:38.009"/>
</kw>
<status status="PASS" starttime="20250806 09:48:37.845" endtime="20250806 09:48:38.009"/>
</kw>
<kw name="Log" library="BuiltIn">
<arg>${FULL_TIMESTAMP}</arg>
<doc>Logs the given message with the given level.</doc>
<msg timestamp="20250806 09:48:38.009" level="INFO">2025-08-06_09:48</msg>
<status status="PASS" starttime="20250806 09:48:38.009" endtime="20250806 09:48:38.009"/>
</kw>
<kw name="Write Value Reference Site Code" library="Excel_Template">
<kw name="Open Workbook" library="RPA.Excel.Files">
<arg>${SOURCE_FILE}</arg>
<doc>Open an existing Excel workbook.</doc>
<msg timestamp="20250806 09:48:38.023" level="INFO">Opened workbook: &lt;RPA.Excel.Files.XlsxWorkbook object at 0x00000186F6B0BB08&gt;</msg>
<status status="PASS" starttime="20250806 09:48:38.016" endtime="20250806 09:48:38.023"/>
</kw>
<kw name="Set Cell Value" library="RPA.Excel.Files">
<arg>row=2</arg>
<arg>column=16</arg>
<arg>value=${Reference Site Code Value}</arg>
<doc>Set a cell value in the given worksheet.</doc>
<status status="PASS" starttime="20250806 09:48:38.023" endtime="20250806 09:48:38.023"/>
</kw>
<kw name="Save Workbook" library="RPA.Excel.Files">
<doc>Save the active workbook.</doc>
<status status="PASS" starttime="20250806 09:48:38.023" endtime="20250806 09:48:38.095"/>
</kw>
<kw name="Close Workbook" library="RPA.Excel.Files">
<doc>Close the active workbook.</doc>
<msg timestamp="20250806 09:48:38.095" level="INFO">Closing workbook: &lt;RPA.Excel.Files.XlsxWorkbook object at 0x00000186F6B0BB08&gt;</msg>
<status status="PASS" starttime="20250806 09:48:38.095" endtime="20250806 09:48:38.095"/>
</kw>
<status status="PASS" starttime="20250806 09:48:38.016" endtime="20250806 09:48:38.095"/>
</kw>
<kw name="Write Value Running Date" library="Excel_Template">
<arg>${FULL_TIMESTAMP}</arg>
<kw name="Open Workbook" library="RPA.Excel.Files">
<arg>${SOURCE_FILE}</arg>
<doc>Open an existing Excel workbook.</doc>
<msg timestamp="20250806 09:48:38.100" level="INFO">Opened workbook: &lt;RPA.Excel.Files.XlsxWorkbook object at 0x00000186F6BF2308&gt;</msg>
<status status="PASS" starttime="20250806 09:48:38.095" endtime="20250806 09:48:38.100"/>
</kw>
<kw name="Set Cell Value" library="RPA.Excel.Files">
<arg>row=2</arg>
<arg>column=14</arg>
<arg>value=${current_datetime}</arg>
<doc>Set a cell value in the given worksheet.</doc>
<status status="PASS" starttime="20250806 09:48:38.100" endtime="20250806 09:48:38.100"/>
</kw>
<kw name="Save Workbook" library="RPA.Excel.Files">
<doc>Save the active workbook.</doc>
<status status="PASS" starttime="20250806 09:48:38.100" endtime="20250806 09:48:38.201"/>
</kw>
<kw name="Close Workbook" library="RPA.Excel.Files">
<doc>Close the active workbook.</doc>
<msg timestamp="20250806 09:48:38.201" level="INFO">Closing workbook: &lt;RPA.Excel.Files.XlsxWorkbook object at 0x00000186F6BF2308&gt;</msg>
<status status="PASS" starttime="20250806 09:48:38.201" endtime="20250806 09:48:38.201"/>
</kw>
<status status="PASS" starttime="20250806 09:48:38.095" endtime="20250806 09:48:38.201"/>
</kw>
<kw name="Write Value To Excel Result" library="Excel_Template">
<arg>Fail</arg>
<kw name="Open Workbook" library="RPA.Excel.Files">
<arg>${SOURCE_FILE}</arg>
<doc>Open an existing Excel workbook.</doc>
<msg timestamp="20250806 09:48:38.211" level="INFO">Opened workbook: &lt;RPA.Excel.Files.XlsxWorkbook object at 0x00000186F6C0CF08&gt;</msg>
<status status="PASS" starttime="20250806 09:48:38.202" endtime="20250806 09:48:38.211"/>
</kw>
<kw name="Set Cell Value" library="RPA.Excel.Files">
<arg>row=2</arg>
<arg>column=20</arg>
<arg>value=${Step}</arg>
<doc>Set a cell value in the given worksheet.</doc>
<status status="PASS" starttime="20250806 09:48:38.214" endtime="20250806 09:48:38.214"/>
</kw>
<kw name="Save Workbook" library="RPA.Excel.Files">
<doc>Save the active workbook.</doc>
<status status="PASS" starttime="20250806 09:48:38.214" endtime="20250806 09:48:38.277"/>
</kw>
<kw name="Close Workbook" library="RPA.Excel.Files">
<doc>Close the active workbook.</doc>
<msg timestamp="20250806 09:48:38.279" level="INFO">Closing workbook: &lt;RPA.Excel.Files.XlsxWorkbook object at 0x00000186F6C0CF08&gt;</msg>
<status status="PASS" starttime="20250806 09:48:38.279" endtime="20250806 09:48:38.279"/>
</kw>
<status status="PASS" starttime="20250806 09:48:38.202" endtime="20250806 09:48:38.279"/>
</kw>
<doc>เตรียมข้อมูลสำหรับทดสอบ 1.สร้าง Reference Site Code 2.สร้างวันที่และเวลา</doc>
<tag>Standard_Test</tag>
<status status="PASS" starttime="20250806 09:48:37.735" endtime="20250806 09:48:38.279"/>
</test>
<test id="s1-s1-t2" name="[2] สามารถล็อคอินเข้าสู่ระบบ Transporter" line="21">
<kw name="Your connection is not private" library="login_keywords">
<kw name="Click Button" library="SeleniumLibrary">
<arg>id=details-button</arg>
<doc>Clicks the button identified by ``locator``.</doc>
<msg timestamp="20250806 09:48:38.282" level="INFO">Clicking button 'id=details-button'.</msg>
<status status="PASS" starttime="20250806 09:48:38.282" endtime="20250806 09:48:38.353"/>
</kw>
<kw name="Set Selenium Timeout" library="SeleniumLibrary">
<arg>3 seconds</arg>
<doc>Sets the timeout that is used by various keywords.</doc>
<status status="PASS" starttime="20250806 09:48:38.353" endtime="20250806 09:48:38.353"/>
</kw>
<kw name="Click Link" library="SeleniumLibrary">
<arg>id=proceed-link</arg>
<doc>Clicks a link identified by ``locator``.</doc>
<msg timestamp="20250806 09:48:38.353" level="INFO">Clicking link 'id=proceed-link'.</msg>
<status status="PASS" starttime="20250806 09:48:38.353" endtime="20250806 09:48:38.412"/>
</kw>
<kw name="Set Selenium Timeout" library="SeleniumLibrary">
<arg>3 seconds</arg>
<doc>Sets the timeout that is used by various keywords.</doc>
<status status="PASS" starttime="20250806 09:48:38.412" endtime="20250806 09:48:38.414"/>
</kw>
<status status="PASS" starttime="20250806 09:48:38.282" endtime="20250806 09:48:38.414"/>
</kw>
<kw name="Transporter_Login" library="login_keywords">
<arg>${SSR Create Draft Site Code USER}</arg>
<arg>${SSR Create Draft Site Code PASS}</arg>
<kw name="Input Text" library="SeleniumLibrary">
<arg>id=loginForm:username</arg>
<arg>${username}</arg>
<doc>Types the given ``text`` into the text field identified by ``locator``.</doc>
<msg timestamp="20250806 09:48:38.417" level="INFO">Typing text 'arnonkus' into text field 'id=loginForm:username'.</msg>
<status status="PASS" starttime="20250806 09:48:38.416" endtime="20250806 09:48:38.968"/>
</kw>
<kw name="Input Text" library="SeleniumLibrary">
<arg>id=loginForm:password</arg>
<arg>${password}</arg>
<doc>Types the given ``text`` into the text field identified by ``locator``.</doc>
<msg timestamp="20250806 09:48:38.968" level="INFO">Typing text '123' into text field 'id=loginForm:password'.</msg>
<status status="PASS" starttime="20250806 09:48:38.968" endtime="20250806 09:48:39.061"/>
</kw>
<kw name="Click Button" library="SeleniumLibrary">
<arg>xpath=${LOGIN BUTTON}</arg>
<doc>Clicks the button identified by ``locator``.</doc>
<msg timestamp="20250806 09:48:39.061" level="INFO">Clicking button 'xpath=//*[@id="loginForm:login"]'.</msg>
<status status="PASS" starttime="20250806 09:48:39.061" endtime="20250806 09:48:39.856"/>
</kw>
<status status="PASS" starttime="20250806 09:48:38.415" endtime="20250806 09:48:39.856"/>
</kw>
<kw name="Welcome Page Should Be Open" library="login_keywords">
<arg>${LOGIN TITLE}</arg>
<kw name="Title Should Be" library="SeleniumLibrary">
<arg>${Title}</arg>
<doc>Verifies that the current page title equals ``title``.</doc>
<msg timestamp="20250806 09:48:39.864" level="INFO">Page title is 'Transporter Web (TPT)'.</msg>
<status status="PASS" starttime="20250806 09:48:39.859" endtime="20250806 09:48:39.864"/>
</kw>
<status status="PASS" starttime="20250806 09:48:39.858" endtime="20250806 09:48:39.866"/>
</kw>
<kw name="Sleep" library="BuiltIn">
<arg>1 seconds</arg>
<doc>Pauses the test executed for the given time.</doc>
<msg timestamp="20250806 09:48:40.876" level="INFO">Slept 1 second</msg>
<status status="PASS" starttime="20250806 09:48:39.866" endtime="20250806 09:48:40.876"/>
</kw>
<doc>ล็อคอินเข้าสู่ระบบ Transporter สร้าง Draft Site Code</doc>
<tag>Standard_Test</tag>
<status status="PASS" starttime="20250806 09:48:38.279" endtime="20250806 09:48:40.879"/>
</test>
<test id="s1-s1-t3" name="[3] สามารถกดเมนู Site Management Menu และ สามารถกด Create Draft Site Code Menu ได้" line="29">
<kw name="Click Menu List" library="menu_keywords">
<kw name="Click Element" library="SeleniumLibrary">
<arg>xpath=${Menu List}</arg>
<doc>Click the element identified by ``locator``.</doc>
<msg timestamp="20250806 09:48:40.891" level="INFO">Clicking element 'xpath=//form/div[1]/table/tbody/tr/td[1]/img'.</msg>
<status status="PASS" starttime="20250806 09:48:40.891" endtime="20250806 09:48:40.987"/>
</kw>
<status status="PASS" starttime="20250806 09:48:40.891" endtime="20250806 09:48:40.987"/>
</kw>
<kw name="Select Menu" library="menu_keywords">
<arg>${Site Management Menu ID}</arg>
<kw name="Execute Javascript" library="SeleniumLibrary">
<arg>document.getElementById("${Menu}").click()</arg>
<doc>Executes the given JavaScript code with possible arguments.</doc>
<msg timestamp="20250806 09:48:40.989" level="INFO">Executing JavaScript:
document.getElementById("iconheader:frmMenu:SiteManagement").click()
Without any arguments.</msg>
<status status="PASS" starttime="20250806 09:48:40.989" endtime="20250806 09:48:40.999"/>
</kw>
<kw name="Sleep" library="BuiltIn">
<arg>1 seconds</arg>
<doc>Pauses the test executed for the given time.</doc>
<msg timestamp="20250806 09:48:42.014" level="INFO">Slept 1 second</msg>
<status status="PASS" starttime="20250806 09:48:40.999" endtime="20250806 09:48:42.014"/>
</kw>
<status status="PASS" starttime="20250806 09:48:40.988" endtime="20250806 09:48:42.014"/>
</kw>
<kw name="Select Menu" library="menu_keywords">
<arg>${Create Draft Site Code Menu ID}</arg>
<kw name="Execute Javascript" library="SeleniumLibrary">
<arg>document.getElementById("${Menu}").click()</arg>
<doc>Executes the given JavaScript code with possible arguments.</doc>
<msg timestamp="20250806 09:48:42.014" level="INFO">Executing JavaScript:
document.getElementById("iconheader:frmMenu:CreateDraftSiteCode").click()
Without any arguments.</msg>
<status status="PASS" starttime="20250806 09:48:42.014" endtime="20250806 09:48:42.826"/>
</kw>
<kw name="Sleep" library="BuiltIn">
<arg>1 seconds</arg>
<doc>Pauses the test executed for the given time.</doc>
<msg timestamp="20250806 09:48:43.840" level="INFO">Slept 1 second</msg>
<status status="PASS" starttime="20250806 09:48:42.826" endtime="20250806 09:48:43.840"/>
</kw>
<status status="PASS" starttime="20250806 09:48:42.014" endtime="20250806 09:48:43.840"/>
</kw>
<kw name="Click Import" library="create_draft_site_code">
<kw name="Click Element" library="SeleniumLibrary">
<arg>xpath=${Import Create Draft Site Code}</arg>
<doc>Click the element identified by ``locator``.</doc>
<msg timestamp="20250806 09:48:43.842" level="INFO">Clicking element 'xpath=//form/table/tbody/tr/td[2]/input[1]'.</msg>
<status status="PASS" starttime="20250806 09:48:43.842" endtime="20250806 09:48:44.465"/>
</kw>
<kw name="Wait Until Page Contains" library="SeleniumLibrary">
<arg>Import Site Information</arg>
<arg>timeout=15s</arg>
<doc>Waits until ``text`` appears on the current page.</doc>
<status status="PASS" starttime="20250806 09:48:44.465" endtime="20250806 09:48:44.489"/>
</kw>
<status status="PASS" starttime="20250806 09:48:43.842" endtime="20250806 09:48:44.489"/>
</kw>
<kw name="Click Search Proforma No" library="create_draft_site_code">
<kw name="Click Element" library="SeleniumLibrary">
<arg>xpath=${Search Proforma No}</arg>
<doc>Click the element identified by ``locator``.</doc>
<msg timestamp="20250806 09:48:44.489" level="INFO">Clicking element 'xpath=//form/fieldset[2]/table/tbody/tr[2]/td[3]/input[2]'.</msg>
<status status="PASS" starttime="20250806 09:48:44.489" endtime="20250806 09:48:44.549"/>
</kw>
<kw name="Wait Until Element Is Visible" library="SeleniumLibrary">
<arg>xpath=${Proferma No Input}</arg>
<arg>timeout=10s</arg>
<doc>Waits until the element ``locator`` is visible.</doc>
<status status="PASS" starttime="20250806 09:48:44.549" endtime="20250806 09:48:44.803"/>
</kw>
<status status="PASS" starttime="20250806 09:48:44.489" endtime="20250806 09:48:44.803"/>
</kw>
<kw name="Get Column Values By Name" library="Excel_Template">
<var>${Proferma No List}</var>
<arg>Proferma_No</arg>
<kw name="Open Workbook" library="RPA.Excel.Files">
<arg>${SOURCE_FILE}</arg>
<doc>Open an existing Excel workbook.</doc>
<msg timestamp="20250806 09:48:44.817" level="INFO">Opened workbook: &lt;RPA.Excel.Files.XlsxWorkbook object at 0x00000186F6C0C708&gt;</msg>
<status status="PASS" starttime="20250806 09:48:44.806" endtime="20250806 09:48:44.817"/>
</kw>
<kw name="Read Worksheet As Table" library="RPA.Excel.Files">
<var>${rows}</var>
<arg>header=True</arg>
<doc>Read the contents of a worksheet into a Table container. Allows
sorting/filtering/manipulating using the ``RPA.Tables`` library.</doc>
<msg timestamp="20250806 09:48:44.819" level="INFO">Created table: Table(columns=['Test_Case_ID', 'Proferma_No', 'Import_Site_Template_File', 'SSR_Routing_Submitted_Latitude_Start', 'SSR_Routing_Submitted_Latitude_End', 'SSR_Routing_Submitted_Longitude_Start', 'SSR_Routing_Submitted_Longitude_End', 'SSR_Routing_Submitted_Cable_Distance', 'SSR_Routing_Submitted_Upload_File', 'DD_Submitted_Upload_file', 'Permission_Start_Submitted_Upload_file', 'PAT_BOQ_Submitted_Upload_file', 'FAT_Permission_iGIS_Submitted_Upload_file', 'Date Running', 'Run_Status', 'Reference_Site_Code', 'SSR_ID', 'Pre-PR', 'PO', 'Result'], rows=1)</msg>
<msg timestamp="20250806 09:48:44.819" level="INFO">${rows} = Table(columns=['Test_Case_ID', 'Proferma_No', 'Import_Site_Template_File', 'SSR_Routing_Submitted_Latitude_Start', 'SSR_Routing_Submitted_Latitude_End', 'SSR_Routing_Submitted_Longitude_Start', 'SSR_R...</msg>
<status status="PASS" starttime="20250806 09:48:44.817" endtime="20250806 09:48:44.819"/>
</kw>
<kw name="Create List" library="BuiltIn">
<var>${values}</var>
<doc>Returns a list containing given items.</doc>
<msg timestamp="20250806 09:48:44.819" level="INFO">${values} = []</msg>
<status status="PASS" starttime="20250806 09:48:44.819" endtime="20250806 09:48:44.819"/>
</kw>
<for flavor="IN">
<var>${row}</var>
<value>@{rows}</value>
<iter>
<var name="${row}">{'Test_Case_ID': '001', 'Proferma_No': 1010001072, 'Import_Site_Template_File': 'Import_Site_Template_Proforma OSP.xls', 'SSR_Routing_Submitted_Latitude_Start': 4.12345, 'SSR_Routing_Submitted_Latitud...</var>
<kw name="Get From Dictionary" library="Collections">
<var>${value}</var>
<arg>${row}</arg>
<arg>${column_name}</arg>
<doc>Returns a value from the given ``dictionary`` based on the given ``key``.</doc>
<msg timestamp="20250806 09:48:44.819" level="INFO">${value} = 1010001072</msg>
<status status="PASS" starttime="20250806 09:48:44.819" endtime="20250806 09:48:44.819"/>
</kw>
<kw name="Append To List" library="Collections">
<arg>${values}</arg>
<arg>${value}</arg>
<doc>Adds ``values`` to the end of ``list``.</doc>
<status status="PASS" starttime="20250806 09:48:44.819" endtime="20250806 09:48:44.821"/>
</kw>
<status status="PASS" starttime="20250806 09:48:44.819" endtime="20250806 09:48:44.821"/>
</iter>
<status status="PASS" starttime="20250806 09:48:44.819" endtime="20250806 09:48:44.821"/>
</for>
<kw name="Close Workbook" library="RPA.Excel.Files">
<doc>Close the active workbook.</doc>
<msg timestamp="20250806 09:48:44.821" level="INFO">Closing workbook: &lt;RPA.Excel.Files.XlsxWorkbook object at 0x00000186F6C0C708&gt;</msg>
<status status="PASS" starttime="20250806 09:48:44.821" endtime="20250806 09:48:44.821"/>
</kw>
<msg timestamp="20250806 09:48:44.821" level="INFO">${Proferma No List} = [1010001072]</msg>
<status status="PASS" starttime="20250806 09:48:44.806" endtime="20250806 09:48:44.821"/>
</kw>
<kw name="Set Variable" library="BuiltIn">
<var>${Proferma No}</var>
<arg>${Proferma No List[0]}</arg>
<doc>Returns the given values which can then be assigned to a variables.</doc>
<msg timestamp="20250806 09:48:44.821" level="INFO">${Proferma No} = 1010001072</msg>
<status status="PASS" starttime="20250806 09:48:44.821" endtime="20250806 09:48:44.821"/>
</kw>
<kw name="Log" library="BuiltIn">
<arg>Proferma No :&gt;&gt;&gt;${Proferma No}</arg>
<doc>Logs the given message with the given level.</doc>
<msg timestamp="20250806 09:48:44.828" level="INFO">Proferma No :&gt;&gt;&gt;1010001072</msg>
<status status="PASS" starttime="20250806 09:48:44.828" endtime="20250806 09:48:44.828"/>
</kw>
<kw name="Search Proforma No" library="create_draft_site_code">
<arg>${Proferma No}</arg>
<kw name="Input Text" library="SeleniumLibrary">
<arg>xpath=${Proferma No Input}</arg>
<arg>${Proferma Number}</arg>
<doc>Types the given ``text`` into the text field identified by ``locator``.</doc>
<msg timestamp="20250806 09:48:44.829" level="INFO">Typing text '1010001072' into text field 'xpath=//div/div[2]/table/tbody/tr[2]/td/form/div[1]/div/fieldset/table[1]/tbody/tr[3]/td[3]/input'.</msg>
<status status="PASS" starttime="20250806 09:48:44.829" endtime="20250806 09:48:44.959"/>
</kw>
<kw name="Click Element" library="SeleniumLibrary">
<arg>xpath=${Proferma Serach Button}</arg>
<doc>Click the element identified by ``locator``.</doc>
<msg timestamp="20250806 09:48:44.959" level="INFO">Clicking element 'xpath=//div[2]/div[2]/div/div[2]/table/tbody/tr[2]/td/form/div[1]/div/fieldset/table[2]/tbody/tr[1]/td/input[1]'.</msg>
<status status="PASS" starttime="20250806 09:48:44.959" endtime="20250806 09:48:45.015"/>
</kw>
<kw name="Wait Until Element Is Visible" library="SeleniumLibrary">
<arg>xpath=${First Proferma No}</arg>
<arg>timeout=15s</arg>
<doc>Waits until the element ``locator`` is visible.</doc>
<status status="PASS" starttime="20250806 09:48:45.015" endtime="20250806 09:48:45.253"/>
</kw>
<kw name="Click Element" library="SeleniumLibrary">
<arg>xpath=${First Proferma No}</arg>
<doc>Click the element identified by ``locator``.</doc>
<msg timestamp="20250806 09:48:45.253" level="INFO">Clicking element 'xpath=//div[2]/table/tbody/tr[2]/td/form/div[1]/div/span/fieldset/span/div[2]/table/tbody/tr/td[2]/div/a'.</msg>
<status status="PASS" starttime="20250806 09:48:45.253" endtime="20250806 09:48:45.647"/>
</kw>
<status status="PASS" starttime="20250806 09:48:44.829" endtime="20250806 09:48:45.647"/>
</kw>
<kw name="Click Budget Check List" library="create_draft_site_code">
<kw name="Click Element" library="SeleniumLibrary">
<arg>xpath=${Serach Budget Check List}</arg>
<doc>Click the element identified by ``locator``.</doc>
<msg timestamp="20250806 09:48:45.650" level="INFO">Clicking element 'xpath=//tbody/tr/td/form/fieldset[2]/table/tbody/tr[7]/td[3]/input[2]'.</msg>
<status status="PASS" starttime="20250806 09:48:45.648" endtime="20250806 09:48:45.714"/>
</kw>
<kw name="Wait Until Element Is Visible" library="SeleniumLibrary">
<arg>xpath=${Purchase Cat Group}</arg>
<arg>timeout=10s</arg>
<doc>Waits until the element ``locator`` is visible.</doc>
<status status="PASS" starttime="20250806 09:48:45.714" endtime="20250806 09:48:45.951"/>
</kw>
<status status="PASS" starttime="20250806 09:48:45.648" endtime="20250806 09:48:45.951"/>
</kw>
<kw name="Search Budget Check List" library="create_draft_site_code">
<arg>${Telecom-Radio}</arg>
<arg>${Service Management Fee}</arg>
<arg>${Installation Upgrade Optimization}</arg>
<arg>${4G}</arg>
<arg>${Telecom}</arg>
<arg>${AWN}</arg>
<kw name="Click Element" library="SeleniumLibrary">
<arg>xpath=${Purchase Cat Group}</arg>
<doc>Click the element identified by ``locator``.</doc>
<msg timestamp="20250806 09:48:45.951" level="INFO">Clicking element 'xpath=//div[2]/div[2]/div/div[2]/table/tbody/tr[2]/td/form/div[1]/div/fieldset/table[1]/tbody/tr[3]/td[3]/select'.</msg>
<status status="PASS" starttime="20250806 09:48:45.951" endtime="20250806 09:48:46.013"/>
</kw>
<kw name="Click Element" library="SeleniumLibrary">
<arg>xpath=${Select Purchase Cat Group}</arg>
<doc>Click the element identified by ``locator``.</doc>
<msg timestamp="20250806 09:48:46.014" level="INFO">Clicking element 'xpath=//*[@id="purchasePopupId:popupPurchasefrom:purchaseCatGroupId"]/option[6]'.</msg>
<status status="PASS" starttime="20250806 09:48:46.013" endtime="20250806 09:48:46.074"/>
</kw>
<kw name="Sleep" library="BuiltIn">
<arg>0.5 seconds</arg>
<doc>Pauses the test executed for the given time.</doc>
<msg timestamp="20250806 09:48:46.580" level="INFO">Slept 500 milliseconds</msg>
<status status="PASS" starttime="20250806 09:48:46.074" endtime="20250806 09:48:46.580"/>
</kw>
<kw name="Click Element" library="SeleniumLibrary">
<arg>xpath=${Purchase Cat}</arg>
<doc>Click the element identified by ``locator``.</doc>
<msg timestamp="20250806 09:48:46.580" level="INFO">Clicking element 'xpath=//div[2]/div[2]/div/div[2]/table/tbody/tr[2]/td/form/div[1]/div/fieldset/table[1]/tbody/tr[3]/td[6]/select'.</msg>
<status status="PASS" starttime="20250806 09:48:46.580" endtime="20250806 09:48:46.641"/>
</kw>
<kw name="Click Element" library="SeleniumLibrary">
<arg>xpath=${Select Purchase Cat}</arg>
<doc>Click the element identified by ``locator``.</doc>
<msg timestamp="20250806 09:48:46.642" level="INFO">Clicking element 'xpath=//tr[2]/td/form/div[1]/div/fieldset/table[1]/tbody/tr[3]/td[6]/select/option[2]'.</msg>
<status status="PASS" starttime="20250806 09:48:46.641" endtime="20250806 09:48:46.685"/>
</kw>
<kw name="Sleep" library="BuiltIn">
<arg>0.5 seconds</arg>
<doc>Pauses the test executed for the given time.</doc>
<msg timestamp="20250806 09:48:47.192" level="INFO">Slept 500 milliseconds</msg>
<status status="PASS" starttime="20250806 09:48:46.687" endtime="20250806 09:48:47.192"/>
</kw>
<kw name="Click Element" library="SeleniumLibrary">
<arg>xpath=${Action Type}</arg>
<doc>Click the element identified by ``locator``.</doc>
<msg timestamp="20250806 09:48:47.193" level="INFO">Clicking element 'xpath=//div[2]/div[2]/div/div[2]/table/tbody/tr[2]/td/form/div[1]/div/fieldset/table[1]/tbody/tr[4]/td[3]/select'.</msg>
<status status="PASS" starttime="20250806 09:48:47.193" endtime="20250806 09:48:47.285"/>
</kw>
<kw name="Click Element" library="SeleniumLibrary">
<arg>xpath=${Select Action Type}</arg>
<doc>Click the element identified by ``locator``.</doc>
<msg timestamp="20250806 09:48:47.286" level="INFO">Clicking element 'xpath=//*[@id="purchasePopupId:popupPurchasefrom:actionTypeId"]/option[2]'.</msg>
<status status="PASS" starttime="20250806 09:48:47.285" endtime="20250806 09:48:47.344"/>
</kw>
<kw name="Sleep" library="BuiltIn">
<arg>0.5 seconds</arg>
<doc>Pauses the test executed for the given time.</doc>
<msg timestamp="20250806 09:48:47.845" level="INFO">Slept 500 milliseconds</msg>
<status status="PASS" starttime="20250806 09:48:47.344" endtime="20250806 09:48:47.845"/>
</kw>
<kw name="Click Element" library="SeleniumLibrary">
<arg>xpath=${System Type}</arg>
<doc>Click the element identified by ``locator``.</doc>
<msg timestamp="20250806 09:48:47.845" level="INFO">Clicking element 'xpath=//div[2]/div[2]/div/div[2]/table/tbody/tr[2]/td/form/div[1]/div/fieldset/table[1]/tbody/tr[4]/td[6]/select'.</msg>
<status status="PASS" starttime="20250806 09:48:47.845" endtime="20250806 09:48:47.945"/>
</kw>
<kw name="Click Element" library="SeleniumLibrary">
<arg>xpath=${Select System Type}</arg>
<doc>Click the element identified by ``locator``.</doc>
<msg timestamp="20250806 09:48:47.945" level="INFO">Clicking element 'xpath=//div[2]/div[2]/div/div[2]/table/tbody/tr[2]/td/form/div[1]/div/fieldset/table[1]/tbody/tr[4]/td[6]/select/option[4]'.</msg>
<status status="PASS" starttime="20250806 09:48:47.945" endtime="20250806 09:48:47.983"/>
</kw>
<kw name="Sleep" library="BuiltIn">
<arg>0.5 seconds</arg>
<doc>Pauses the test executed for the given time.</doc>
<msg timestamp="20250806 09:48:48.494" level="INFO">Slept 500 milliseconds</msg>
<status status="PASS" starttime="20250806 09:48:47.983" endtime="20250806 09:48:48.494"/>
</kw>
<kw name="Click Element" library="SeleniumLibrary">
<arg>xpath=${Service Code}</arg>
<doc>Click the element identified by ``locator``.</doc>
<msg timestamp="20250806 09:48:48.496" level="INFO">Clicking element 'xpath=//div[2]/div[2]/div/div[2]/table/tbody/tr[2]/td/form/div[1]/div/fieldset/table[1]/tbody/tr[5]/td[3]/select'.</msg>
<status status="PASS" starttime="20250806 09:48:48.494" endtime="20250806 09:48:48.603"/>
</kw>
<kw name="Click Element" library="SeleniumLibrary">
<arg>xpath=${Select Service Code}</arg>
<doc>Click the element identified by ``locator``.</doc>
<msg timestamp="20250806 09:48:48.604" level="INFO">Clicking element 'xpath=//table/tbody/tr[2]/td/form/div[1]/div/fieldset/table[1]/tbody/tr[5]/td[3]/select/option[2]'.</msg>
<status status="PASS" starttime="20250806 09:48:48.604" endtime="20250806 09:48:48.642"/>
</kw>
<kw name="Sleep" library="BuiltIn">
<arg>0.5 seconds</arg>
<doc>Pauses the test executed for the given time.</doc>
<msg timestamp="20250806 09:48:49.157" level="INFO">Slept 500 milliseconds</msg>
<status status="PASS" starttime="20250806 09:48:48.642" endtime="20250806 09:48:49.157"/>
</kw>
<kw name="Click Element" library="SeleniumLibrary">
<arg>xpath=${Company Code}</arg>
<doc>Click the element identified by ``locator``.</doc>
<msg timestamp="20250806 09:48:49.159" level="INFO">Clicking element 'xpath=//div[2]/div[2]/div/div[2]/table/tbody/tr[2]/td/form/div[1]/div/fieldset/table[1]/tbody/tr[5]/td[6]/select'.</msg>
<status status="PASS" starttime="20250806 09:48:49.157" endtime="20250806 09:48:49.265"/>
</kw>
<kw name="Click Element" library="SeleniumLibrary">
<arg>xpath=${Select Company Code}</arg>
<doc>Click the element identified by ``locator``.</doc>
<msg timestamp="20250806 09:48:49.266" level="INFO">Clicking element 'xpath=//table/tbody/tr[2]/td/form/div[1]/div/fieldset/table[1]/tbody/tr[5]/td[6]/select/option[2]'.</msg>
<status status="PASS" starttime="20250806 09:48:49.265" endtime="20250806 09:48:49.295"/>
</kw>
<kw name="Sleep" library="BuiltIn">
<arg>0.5 seconds</arg>
<doc>Pauses the test executed for the given time.</doc>
<msg timestamp="20250806 09:48:49.799" level="INFO">Slept 500 milliseconds</msg>
<status status="PASS" starttime="20250806 09:48:49.296" endtime="20250806 09:48:49.799"/>
</kw>
<status status="PASS" starttime="20250806 09:48:45.951" endtime="20250806 09:48:49.799"/>
</kw>
<kw name="Clck Search Purchase" library="create_draft_site_code">
<kw name="Click Element" library="SeleniumLibrary">
<arg>xpath=${Purchase Serach}</arg>
<doc>Click the element identified by ``locator``.</doc>
<msg timestamp="20250806 09:48:49.799" level="INFO">Clicking element 'xpath=//div[2]/div[2]/div/div[2]/table/tbody/tr[2]/td/form/div[1]/div/fieldset/table[2]/tbody/tr[1]/td/input[1]'.</msg>
<status status="PASS" starttime="20250806 09:48:49.799" endtime="20250806 09:48:49.912"/>
</kw>
<kw name="Wait Until Element Is Visible" library="SeleniumLibrary">
<arg>xpath=${First Purchase Row Select}</arg>
<arg>timeout=10s</arg>
<doc>Waits until the element ``locator`` is visible.</doc>
<status status="PASS" starttime="20250806 09:48:49.912" endtime="20250806 09:48:50.154"/>
</kw>
<status status="PASS" starttime="20250806 09:48:49.799" endtime="20250806 09:48:50.157"/>
</kw>
<kw name="Select Purchase Cat Group" library="create_draft_site_code">
<kw name="Click Element" library="SeleniumLibrary">
<arg>xpath=${First Purchase Row Select}</arg>
<doc>Click the element identified by ``locator``.</doc>
<msg timestamp="20250806 09:48:50.158" level="INFO">Clicking element 'xpath=//div[2]/div[2]/div/div[2]/table/tbody/tr[2]/td/form/div[1]/div/span/fieldset/span/div[2]/table/tbody/tr[1]/td[2]/div/a'.</msg>
<status status="PASS" starttime="20250806 09:48:50.157" endtime="20250806 09:48:50.321"/>
</kw>
<kw name="Sleep" library="BuiltIn">
<arg>0.5 seconds</arg>
<doc>Pauses the test executed for the given time.</doc>
<msg timestamp="20250806 09:48:50.836" level="INFO">Slept 500 milliseconds</msg>
<status status="PASS" starttime="20250806 09:48:50.322" endtime="20250806 09:48:50.836"/>
</kw>
<status status="PASS" starttime="20250806 09:48:50.157" endtime="20250806 09:48:50.836"/>
</kw>
<kw name="Click Search Procurator" library="create_draft_site_code">
<kw name="Click Element" library="SeleniumLibrary">
<arg>xpath=${Click Search Procurator Button}</arg>
<doc>Click the element identified by ``locator``.</doc>
<msg timestamp="20250806 09:48:50.841" level="INFO">Clicking element 'xpath=//tbody/tr/td/form/fieldset[2]/table/tbody/tr[10]/td[4]/input'.</msg>
<status status="PASS" starttime="20250806 09:48:50.841" endtime="20250806 09:48:50.943"/>
</kw>
<kw name="Wait Until Element Is Visible" library="SeleniumLibrary">
<arg>xpath=${Workflow Type}</arg>
<arg>timeout=10s</arg>
<doc>Waits until the element ``locator`` is visible.</doc>
<status status="PASS" starttime="20250806 09:48:50.943" endtime="20250806 09:48:51.222"/>
</kw>
<status status="PASS" starttime="20250806 09:48:50.839" endtime="20250806 09:48:51.222"/>
</kw>
<kw name="Search Procurator" library="create_draft_site_code">
<arg>${FBB OSP for TPT III Auto PO}</arg>
<arg>${FBB OSP TPT3}</arg>
<arg>${BKK}</arg>
<kw name="Click Element" library="SeleniumLibrary">
<arg>xpath=${Workflow Type}</arg>
<doc>Click the element identified by ``locator``.</doc>
<msg timestamp="20250806 09:48:51.234" level="INFO">Clicking element 'xpath=//div[2]/div[2]/div/div[2]/table/tbody/tr[2]/td/form/div[1]/div/fieldset/table[1]/tbody/tr[3]/td[3]/select'.</msg>
<status status="PASS" starttime="20250806 09:48:51.222" endtime="20250806 09:48:51.297"/>
</kw>
<kw name="Click Element" library="SeleniumLibrary">
<arg>xpath=${Select Workflow Type}</arg>
<doc>Click the element identified by ``locator``.</doc>
<msg timestamp="20250806 09:48:51.297" level="INFO">Clicking element 'xpath=//table[1]/tbody/tr[3]/td[3]/select/option[28]'.</msg>
<status status="PASS" starttime="20250806 09:48:51.297" endtime="20250806 09:48:51.339"/>
</kw>
<kw name="Sleep" library="BuiltIn">
<arg>0.5 seconds</arg>
<doc>Pauses the test executed for the given time.</doc>
<msg timestamp="20250806 09:48:51.849" level="INFO">Slept 500 milliseconds</msg>
<status status="PASS" starttime="20250806 09:48:51.339" endtime="20250806 09:48:51.849"/>
</kw>
<kw name="Click Element" library="SeleniumLibrary">
<arg>xpath=${SSR Type}</arg>
<doc>Click the element identified by ``locator``.</doc>
<msg timestamp="20250806 09:48:51.851" level="INFO">Clicking element 'xpath=//div[2]/div[2]/div/div[2]/table/tbody/tr[2]/td/form/div[1]/div/fieldset/table[1]/tbody/tr[3]/td[6]/select'.</msg>
<status status="PASS" starttime="20250806 09:48:51.849" endtime="20250806 09:48:51.964"/>
</kw>
<kw name="Click Element" library="SeleniumLibrary">
<arg>xpath=${Select SSR Type}</arg>
<doc>Click the element identified by ``locator``.</doc>
<msg timestamp="20250806 09:48:51.965" level="INFO">Clicking element 'xpath=//*[@id="viewProcuratorByCompanyCodePopupId:popupPurchasefrom:ssrTypeId"]/option[2]'.</msg>
<status status="PASS" starttime="20250806 09:48:51.964" endtime="20250806 09:48:52.001"/>
</kw>
<kw name="Sleep" library="BuiltIn">
<arg>0.5 seconds</arg>
<doc>Pauses the test executed for the given time.</doc>
<msg timestamp="20250806 09:48:52.515" level="INFO">Slept 500 milliseconds</msg>
<status status="PASS" starttime="20250806 09:48:52.001" endtime="20250806 09:48:52.515"/>
</kw>
<kw name="Click Element" library="SeleniumLibrary">
<arg>xpath=${Region}</arg>
<doc>Click the element identified by ``locator``.</doc>
<msg timestamp="20250806 09:48:52.515" level="INFO">Clicking element 'xpath=//div[2]/div[2]/div/div[2]/table/tbody/tr[2]/td/form/div[1]/div/fieldset/table[1]/tbody/tr[4]/td[3]/select'.</msg>
<status status="PASS" starttime="20250806 09:48:52.515" endtime="20250806 09:48:52.594"/>
</kw>
<kw name="Click Element" library="SeleniumLibrary">
<arg>xpath=${Select Region}</arg>
<doc>Click the element identified by ``locator``.</doc>
<msg timestamp="20250806 09:48:52.594" level="INFO">Clicking element 'xpath=//div[2]/div[2]/div/div[2]/table/tbody/tr[2]/td/form/div[1]/div/fieldset/table[1]/tbody/tr[4]/td[3]/select/option[2]'.</msg>
<status status="PASS" starttime="20250806 09:48:52.594" endtime="20250806 09:48:52.634"/>
</kw>
<kw name="Sleep" library="BuiltIn">
<arg>0.5 seconds</arg>
<doc>Pauses the test executed for the given time.</doc>
<msg timestamp="20250806 09:48:53.149" level="INFO">Slept 500 milliseconds</msg>
<status status="PASS" starttime="20250806 09:48:52.634" endtime="20250806 09:48:53.149"/>
</kw>
<kw name="Click Element" library="SeleniumLibrary">
<arg>xpath=${Click Procurator Search}</arg>
<doc>Click the element identified by ``locator``.</doc>
<msg timestamp="20250806 09:48:53.149" level="INFO">Clicking element 'xpath=//div[2]/div[2]/div/div[2]/table/tbody/tr[2]/td/form/div[1]/div/fieldset/table[2]/tbody/tr[1]/td/input[1]'.</msg>
<status status="PASS" starttime="20250806 09:48:53.149" endtime="20250806 09:48:53.216"/>
</kw>
<kw name="Wait Until Element Is Visible" library="SeleniumLibrary">
<arg>xpath=${First Row Procurator Select}</arg>
<arg>timeout=10s</arg>
<doc>Waits until the element ``locator`` is visible.</doc>
<status status="PASS" starttime="20250806 09:48:53.216" endtime="20250806 09:48:53.455"/>
</kw>
<kw name="Click Element" library="SeleniumLibrary">
<arg>xpath=${First Row Procurator Select}</arg>
<doc>Click the element identified by ``locator``.</doc>
<msg timestamp="20250806 09:48:53.455" level="INFO">Clicking element 'xpath=//div[2]/div[2]/div/div[2]/table/tbody/tr[2]/td/form/div[1]/div/span/fieldset/span/div[2]/table/tbody/tr/td[2]/div/a'.</msg>
<status status="PASS" starttime="20250806 09:48:53.455" endtime="20250806 09:48:53.636"/>
</kw>
<status status="PASS" starttime="20250806 09:48:51.222" endtime="20250806 09:48:53.636"/>
</kw>
<kw name="Get Column Values By Name" library="Excel_Template">
<var>${Import Site Template File List}</var>
<arg>Import_Site_Template_File</arg>
<kw name="Open Workbook" library="RPA.Excel.Files">
<arg>${SOURCE_FILE}</arg>
<doc>Open an existing Excel workbook.</doc>
<msg timestamp="20250806 09:48:53.649" level="INFO">Opened workbook: &lt;RPA.Excel.Files.XlsxWorkbook object at 0x00000186F6C55A48&gt;</msg>
<status status="PASS" starttime="20250806 09:48:53.638" endtime="20250806 09:48:53.649"/>
</kw>
<kw name="Read Worksheet As Table" library="RPA.Excel.Files">
<var>${rows}</var>
<arg>header=True</arg>
<doc>Read the contents of a worksheet into a Table container. Allows
sorting/filtering/manipulating using the ``RPA.Tables`` library.</doc>
<msg timestamp="20250806 09:48:53.650" level="INFO">Created table: Table(columns=['Test_Case_ID', 'Proferma_No', 'Import_Site_Template_File', 'SSR_Routing_Submitted_Latitude_Start', 'SSR_Routing_Submitted_Latitude_End', 'SSR_Routing_Submitted_Longitude_Start', 'SSR_Routing_Submitted_Longitude_End', 'SSR_Routing_Submitted_Cable_Distance', 'SSR_Routing_Submitted_Upload_File', 'DD_Submitted_Upload_file', 'Permission_Start_Submitted_Upload_file', 'PAT_BOQ_Submitted_Upload_file', 'FAT_Permission_iGIS_Submitted_Upload_file', 'Date Running', 'Run_Status', 'Reference_Site_Code', 'SSR_ID', 'Pre-PR', 'PO', 'Result'], rows=1)</msg>
<msg timestamp="20250806 09:48:53.650" level="INFO">${rows} = Table(columns=['Test_Case_ID', 'Proferma_No', 'Import_Site_Template_File', 'SSR_Routing_Submitted_Latitude_Start', 'SSR_Routing_Submitted_Latitude_End', 'SSR_Routing_Submitted_Longitude_Start', 'SSR_R...</msg>
<status status="PASS" starttime="20250806 09:48:53.649" endtime="20250806 09:48:53.650"/>
</kw>
<kw name="Create List" library="BuiltIn">
<var>${values}</var>
<doc>Returns a list containing given items.</doc>
<msg timestamp="20250806 09:48:53.650" level="INFO">${values} = []</msg>
<status status="PASS" starttime="20250806 09:48:53.650" endtime="20250806 09:48:53.650"/>
</kw>
<for flavor="IN">
<var>${row}</var>
<value>@{rows}</value>
<iter>
<var name="${row}">{'Test_Case_ID': '001', 'Proferma_No': 1010001072, 'Import_Site_Template_File': 'Import_Site_Template_Proforma OSP.xls', 'SSR_Routing_Submitted_Latitude_Start': 4.12345, 'SSR_Routing_Submitted_Latitud...</var>
<kw name="Get From Dictionary" library="Collections">
<var>${value}</var>
<arg>${row}</arg>
<arg>${column_name}</arg>
<doc>Returns a value from the given ``dictionary`` based on the given ``key``.</doc>
<msg timestamp="20250806 09:48:53.651" level="INFO">${value} = Import_Site_Template_Proforma OSP.xls</msg>
<status status="PASS" starttime="20250806 09:48:53.651" endtime="20250806 09:48:53.651"/>
</kw>
<kw name="Append To List" library="Collections">
<arg>${values}</arg>
<arg>${value}</arg>
<doc>Adds ``values`` to the end of ``list``.</doc>
<status status="PASS" starttime="20250806 09:48:53.651" endtime="20250806 09:48:53.651"/>
</kw>
<status status="PASS" starttime="20250806 09:48:53.651" endtime="20250806 09:48:53.651"/>
</iter>
<status status="PASS" starttime="20250806 09:48:53.650" endtime="20250806 09:48:53.651"/>
</for>
<kw name="Close Workbook" library="RPA.Excel.Files">
<doc>Close the active workbook.</doc>
<msg timestamp="20250806 09:48:53.652" level="INFO">Closing workbook: &lt;RPA.Excel.Files.XlsxWorkbook object at 0x00000186F6C55A48&gt;</msg>
<status status="PASS" starttime="20250806 09:48:53.652" endtime="20250806 09:48:53.652"/>
</kw>
<msg timestamp="20250806 09:48:53.652" level="INFO">${Import Site Template File List} = ['Import_Site_Template_Proforma OSP.xls']</msg>
<status status="PASS" starttime="20250806 09:48:53.637" endtime="20250806 09:48:53.652"/>
</kw>
<kw name="Catenate" library="BuiltIn">
<var>${Import_Site_Template path}</var>
<arg>SEPARATOR=</arg>
<arg>C:\\Users\\arnoj885\\Robot Framework\\Obsolate Transporter\\tests\\TYPE_Non-Turnkey\\FBB OSP for TPT III/../../../data file/</arg>
<arg>${Import Site Template File List[0]}</arg>
<doc>Catenates the given items together and returns the resulted string.</doc>
<msg timestamp="20250806 09:48:53.658" level="INFO">${Import_Site_Template path} = C:\Users\arnoj885\Robot Framework\Obsolate Transporter\tests\TYPE_Non-Turnkey\FBB OSP for TPT III/../../../data file/Import_Site_Template_Proforma OSP.xls</msg>
<status status="PASS" starttime="20250806 09:48:53.653" endtime="20250806 09:48:53.658"/>
</kw>
<kw name="Set Test Variable" library="BuiltIn">
<arg>${Import_Site_Template path}</arg>
<doc>Makes a variable available everywhere within the scope of the current test.</doc>
<msg timestamp="20250806 09:48:53.659" level="INFO">${Import_Site_Template path} = C:\Users\arnoj885\Robot Framework\Obsolate Transporter\tests\TYPE_Non-Turnkey\FBB OSP for TPT III/../../../data file/Import_Site_Template_Proforma OSP.xls</msg>
<status status="PASS" starttime="20250806 09:48:53.659" endtime="20250806 09:48:53.659"/>
</kw>
<kw name="Normalize Path" library="OperatingSystem">
<var>${Import_Site_Template path}</var>
<arg>${Import_Site_Template path}</arg>
<doc>Normalizes the given path.</doc>
<msg timestamp="20250806 09:48:53.660" level="INFO">${Import_Site_Template path} = C:\Users\arnoj885\Robot Framework\Obsolate Transporter\data file\Import_Site_Template_Proforma OSP.xls</msg>
<status status="PASS" starttime="20250806 09:48:53.660" endtime="20250806 09:48:53.660"/>
</kw>
<kw name="Log" library="BuiltIn">
<arg>${Import_Site_Template path}</arg>
<doc>Logs the given message with the given level.</doc>
<msg timestamp="20250806 09:48:53.661" level="INFO">C:\Users\arnoj885\Robot Framework\Obsolate Transporter\data file\Import_Site_Template_Proforma OSP.xls</msg>
<status status="PASS" starttime="20250806 09:48:53.660" endtime="20250806 09:48:53.661"/>
</kw>
<kw name="Import Type" library="create_draft_site_code">
<arg>${Import_Site_Template path}</arg>
<kw name="Execute Javascript" library="SeleniumLibrary">
<arg>window.scrollTo(0, document.body.scrollHeight)</arg>
<doc>Executes the given JavaScript code with possible arguments.</doc>
<msg timestamp="20250806 09:48:53.663" level="INFO">Executing JavaScript:
window.scrollTo(0, document.body.scrollHeight)
Without any arguments.</msg>
<status status="PASS" starttime="20250806 09:48:53.662" endtime="20250806 09:48:53.817"/>
</kw>
<kw name="Click Element" library="SeleniumLibrary">
<arg>xpath=${Import Type}</arg>
<doc>Click the element identified by ``locator``.</doc>
<msg timestamp="20250806 09:48:53.818" level="INFO">Clicking element 'xpath=//fieldset[3]/table/tbody/tr[1]/td[2]/table/tbody/tr/td/input'.</msg>
<status status="PASS" starttime="20250806 09:48:53.817" endtime="20250806 09:48:53.875"/>
</kw>
<kw name="Choose File" library="SeleniumLibrary">
<arg>xpath=${Choose Import Site File}</arg>
<arg>${Import Site File}</arg>
<doc>Inputs the ``file_path`` into the file input field ``locator``.</doc>
<msg timestamp="20250806 09:48:53.875" level="INFO">Sending C:\Users\arnoj885\Robot Framework\Obsolate Transporter\data file\Import_Site_Template_Proforma OSP.xls to browser.</msg>
<status status="PASS" starttime="20250806 09:48:53.875" endtime="20250806 09:48:53.909"/>
</kw>
<status status="PASS" starttime="20250806 09:48:53.661" endtime="20250806 09:48:53.909"/>
</kw>
<kw name="Upload Site" library="create_draft_site_code">
<kw name="Click Element" library="SeleniumLibrary">
<arg>xpath=${Button Upload}</arg>
<doc>Click the element identified by ``locator``.</doc>
<msg timestamp="20250806 09:48:53.909" level="INFO">Clicking element 'xpath=//tr/td/form/table[3]/tbody/tr/td/span/input'.</msg>
<status status="PASS" starttime="20250806 09:48:53.909" endtime="20250806 09:49:05.937"/>
</kw>
<kw name="Wait Until Page Contains" library="SeleniumLibrary">
<arg>Success Result</arg>
<arg>timeout=15s</arg>
<doc>Waits until ``text`` appears on the current page.</doc>
<status status="PASS" starttime="20250806 09:49:05.937" endtime="20250806 09:49:05.952"/>
</kw>
<status status="PASS" starttime="20250806 09:48:53.909" endtime="20250806 09:49:05.953"/>
</kw>
<kw name="Reference Site Code" library="result_massage_keywords">
<var>${SSR ID Reference Site Code}</var>
<kw name="Get Text" library="SeleniumLibrary">
<var>${Reference Site Code}</var>
<arg>xpath=${Reference Site Code result}</arg>
<doc>Returns the text value of the element identified by ``locator``.</doc>
<msg timestamp="20250806 09:49:05.983" level="INFO">${Reference Site Code} = BSIF_202508060948</msg>
<status status="PASS" starttime="20250806 09:49:05.954" endtime="20250806 09:49:05.983"/>
</kw>
<kw name="Set Variable" library="BuiltIn">
<var>${Reference Site Code value}</var>
<arg>${Reference Site Code}</arg>
<doc>Returns the given values which can then be assigned to a variables.</doc>
<msg timestamp="20250806 09:49:05.983" level="INFO">${Reference Site Code value} = BSIF_202508060948</msg>
<status status="PASS" starttime="20250806 09:49:05.983" endtime="20250806 09:49:05.983"/>
</kw>
<msg timestamp="20250806 09:49:05.983" level="INFO">${SSR ID Reference Site Code} = BSIF_202508060948</msg>
<status status="PASS" starttime="20250806 09:49:05.954" endtime="20250806 09:49:05.983"/>
</kw>
<kw name="Set Global Variable" library="BuiltIn">
<arg>${SSR ID Reference Site Code}</arg>
<doc>Makes a variable available globally in all tests and suites.</doc>
<msg timestamp="20250806 09:49:05.985" level="INFO">${SSR ID Reference Site Code} = BSIF_202508060948</msg>
<status status="PASS" starttime="20250806 09:49:05.984" endtime="20250806 09:49:05.985"/>
</kw>
<kw name="Log" library="BuiltIn">
<arg>Reference Site Code เลขที่ดึงออกมา: ${SSR ID Reference Site Code}</arg>
<doc>Logs the given message with the given level.</doc>
<msg timestamp="20250806 09:49:05.985" level="INFO">Reference Site Code เลขที่ดึงออกมา: BSIF_202508060948</msg>
<status status="PASS" starttime="20250806 09:49:05.985" endtime="20250806 09:49:05.985"/>
</kw>
<kw name="Sleep" library="BuiltIn">
<arg>1 seconds</arg>
<doc>Pauses the test executed for the given time.</doc>
<msg timestamp="20250806 09:49:06.994" level="INFO">Slept 1 second</msg>
<status status="PASS" starttime="20250806 09:49:05.986" endtime="20250806 09:49:06.994"/>
</kw>
<kw name="Write Value To Excel Status" library="Excel_Template">
<arg>TC_001 Create Draft Site Code</arg>
<kw name="Open Workbook" library="RPA.Excel.Files">
<arg>${SOURCE_FILE}</arg>
<doc>Open an existing Excel workbook.</doc>
<msg timestamp="20250806 09:49:07.021" level="INFO">Opened workbook: &lt;RPA.Excel.Files.XlsxWorkbook object at 0x00000186F6C6BB88&gt;</msg>
<status status="PASS" starttime="20250806 09:49:06.994" endtime="20250806 09:49:07.021"/>
</kw>
<kw name="Set Cell Value" library="RPA.Excel.Files">
<arg>row=2</arg>
<arg>column=15</arg>
<arg>value=${Step}</arg>
<doc>Set a cell value in the given worksheet.</doc>
<status status="PASS" starttime="20250806 09:49:07.021" endtime="20250806 09:49:07.021"/>
</kw>
<kw name="Save Workbook" library="RPA.Excel.Files">
<doc>Save the active workbook.</doc>
<status status="PASS" starttime="20250806 09:49:07.021" endtime="20250806 09:49:07.085"/>
</kw>
<kw name="Close Workbook" library="RPA.Excel.Files">
<doc>Close the active workbook.</doc>
<msg timestamp="20250806 09:49:07.085" level="INFO">Closing workbook: &lt;RPA.Excel.Files.XlsxWorkbook object at 0x00000186F6C6BB88&gt;</msg>
<status status="PASS" starttime="20250806 09:49:07.085" endtime="20250806 09:49:07.085"/>
</kw>
<status status="PASS" starttime="20250806 09:49:06.994" endtime="20250806 09:49:07.085"/>
</kw>
<doc>สามารถ Create Draft Site Code ได้</doc>
<tag>Standard_Test</tag>
<status status="PASS" starttime="20250806 09:48:40.879" endtime="20250806 09:49:07.085"/>
</test>
<test id="s1-s1-t4" name="[4] สามารถกดออกจากระบบ Transporter ได้" line="66">
<kw name="Log Out" library="Logout_keywords">
<kw name="Click Menu List" library="menu_keywords">
<kw name="Click Element" library="SeleniumLibrary">
<arg>xpath=${Menu List}</arg>
<doc>Click the element identified by ``locator``.</doc>
<msg timestamp="20250806 09:49:07.090" level="INFO">Clicking element 'xpath=//form/div[1]/table/tbody/tr/td[1]/img'.</msg>
<status status="PASS" starttime="20250806 09:49:07.090" endtime="20250806 09:49:07.138"/>
</kw>
<status status="PASS" starttime="20250806 09:49:07.090" endtime="20250806 09:49:07.138"/>
</kw>
<kw name="Execute Javascript" library="SeleniumLibrary">
<arg>document.getElementById("iconheader:frmMenu:LogOut").click()</arg>
<doc>Executes the given JavaScript code with possible arguments.</doc>
<msg timestamp="20250806 09:49:07.140" level="INFO">Executing JavaScript:
document.getElementById("iconheader:frmMenu:LogOut").click()
Without any arguments.</msg>
<status status="PASS" starttime="20250806 09:49:07.140" endtime="20250806 09:49:07.670"/>
</kw>
<kw name="Sleep" library="BuiltIn">
<arg>1 seconds</arg>
<doc>Pauses the test executed for the given time.</doc>
<msg timestamp="20250806 09:49:08.673" level="INFO">Slept 1 second</msg>
<status status="PASS" starttime="20250806 09:49:07.670" endtime="20250806 09:49:08.673"/>
</kw>
<kw name="Wait Until Page Contains" library="SeleniumLibrary">
<arg>Login</arg>
<arg>10s</arg>
<doc>Waits until ``text`` appears on the current page.</doc>
<status status="PASS" starttime="20250806 09:49:08.673" endtime="20250806 09:49:08.687"/>
</kw>
<status status="PASS" starttime="20250806 09:49:07.090" endtime="20250806 09:49:08.687"/>
</kw>
<doc>สามารถกดออกจากระบบ Transporter เพื่อดำเนินการต่อในขั้นตอนถัดไป</doc>
<tag>Standard_Test</tag>
<status status="PASS" starttime="20250806 09:49:07.085" endtime="20250806 09:49:08.687"/>
</test>
<test id="s1-s1-t5" name="[5] สามารถล็อคอินเข้าสู่ระบบ Transporter ได้" line="71">
<kw name="Transporter_Login" library="login_keywords">
<arg>${SSR Create USER}</arg>
<arg>${SSR Create PASS}</arg>
<kw name="Input Text" library="SeleniumLibrary">
<arg>id=loginForm:username</arg>
<arg>${username}</arg>
<doc>Types the given ``text`` into the text field identified by ``locator``.</doc>
<msg timestamp="20250806 09:49:08.692" level="INFO">Typing text 'tana_huawei' into text field 'id=loginForm:username'.</msg>
<status status="PASS" starttime="20250806 09:49:08.692" endtime="20250806 09:49:08.810"/>
</kw>
<kw name="Input Text" library="SeleniumLibrary">
<arg>id=loginForm:password</arg>
<arg>${password}</arg>
<doc>Types the given ``text`` into the text field identified by ``locator``.</doc>
<msg timestamp="20250806 09:49:08.810" level="INFO">Typing text '123' into text field 'id=loginForm:password'.</msg>
<status status="PASS" starttime="20250806 09:49:08.810" endtime="20250806 09:49:08.882"/>
</kw>
<kw name="Click Button" library="SeleniumLibrary">
<arg>xpath=${LOGIN BUTTON}</arg>
<doc>Clicks the button identified by ``locator``.</doc>
<msg timestamp="20250806 09:49:08.882" level="INFO">Clicking button 'xpath=//*[@id="loginForm:login"]'.</msg>
<status status="PASS" starttime="20250806 09:49:08.882" endtime="20250806 09:49:09.176"/>
</kw>
<status status="PASS" starttime="20250806 09:49:08.692" endtime="20250806 09:49:09.176"/>
</kw>
<kw name="Welcome Page Should Be Open" library="login_keywords">
<arg>${LOGIN TITLE}</arg>
<kw name="Title Should Be" library="SeleniumLibrary">
<arg>${Title}</arg>
<doc>Verifies that the current page title equals ``title``.</doc>
<msg timestamp="20250806 09:49:09.186" level="INFO">Page title is 'Transporter Web (TPT)'.</msg>
<status status="PASS" starttime="20250806 09:49:09.176" endtime="20250806 09:49:09.186"/>
</kw>
<status status="PASS" starttime="20250806 09:49:09.176" endtime="20250806 09:49:09.186"/>
</kw>
<kw name="Sleep" library="BuiltIn">
<arg>1 seconds</arg>
<doc>Pauses the test executed for the given time.</doc>
<msg timestamp="20250806 09:49:10.196" level="INFO">Slept 1 second</msg>
<status status="PASS" starttime="20250806 09:49:09.188" endtime="20250806 09:49:10.196"/>
</kw>
<doc>สามารถล็อคอินเข้าสู่ระบบ Transporter ได้โดยใช้บัญชีที่เกี่ยวข้อง</doc>
<tag>Standard_Test</tag>
<status status="PASS" starttime="20250806 09:49:08.689" endtime="20250806 09:49:10.197"/>
</test>
<test id="s1-s1-t6" name="[6] สามารถสร้าง SSR ได้" line="78">
<kw name="Click Menu List" library="menu_keywords">
<kw name="Click Element" library="SeleniumLibrary">
<arg>xpath=${Menu List}</arg>
<doc>Click the element identified by ``locator``.</doc>
<msg timestamp="20250806 09:49:10.199" level="INFO">Clicking element 'xpath=//form/div[1]/table/tbody/tr/td[1]/img'.</msg>
<status status="PASS" starttime="20250806 09:49:10.199" endtime="20250806 09:49:10.263"/>
</kw>
<status status="PASS" starttime="20250806 09:49:10.199" endtime="20250806 09:49:10.263"/>
</kw>
<kw name="Select Menu" library="menu_keywords">
<arg>${SSR Create Menu ID}</arg>
<kw name="Execute Javascript" library="SeleniumLibrary">
<arg>document.getElementById("${Menu}").click()</arg>
<doc>Executes the given JavaScript code with possible arguments.</doc>
<msg timestamp="20250806 09:49:10.265" level="INFO">Executing JavaScript:
document.getElementById("iconheader:frmMenu:SSRCreate").click()
Without any arguments.</msg>
<status status="PASS" starttime="20250806 09:49:10.264" endtime="20250806 09:49:10.476"/>
</kw>
<kw name="Sleep" library="BuiltIn">
<arg>1 seconds</arg>
<doc>Pauses the test executed for the given time.</doc>
<msg timestamp="20250806 09:49:11.488" level="INFO">Slept 1 second</msg>
<status status="PASS" starttime="20250806 09:49:10.476" endtime="20250806 09:49:11.488"/>
</kw>
<status status="PASS" starttime="20250806 09:49:10.264" endtime="20250806 09:49:11.488"/>
</kw>
<kw name="SSR Search Site Workflow Type" library="ssr_create_keywords">
<arg>${FBB OSP for TPT III Auto PO}</arg>
<kw name="Click Element" library="SeleniumLibrary">
<arg>xpath=${SSR Click Workflow Type}</arg>
<doc>Click the element identified by ``locator``.</doc>
<msg timestamp="20250806 09:49:11.495" level="INFO">Clicking element 'xpath=//table/tbody/tr[3]/td[3]/select'.</msg>
<status status="PASS" starttime="20250806 09:49:11.495" endtime="20250806 09:49:11.595"/>
</kw>
<kw name="Click Element" library="SeleniumLibrary">
<arg>xpath=${workflow type}</arg>
<doc>Click the element identified by ``locator``.</doc>
<msg timestamp="20250806 09:49:11.595" level="INFO">Clicking element 'xpath=//table[1]/tbody/tr[3]/td[3]/select/option[28]'.</msg>
<status status="PASS" starttime="20250806 09:49:11.595" endtime="20250806 09:49:11.633"/>
</kw>
<kw name="Sleep" library="BuiltIn">
<arg>0.5 seconds</arg>
<doc>Pauses the test executed for the given time.</doc>
<msg timestamp="20250806 09:49:12.136" level="INFO">Slept 500 milliseconds</msg>
<status status="PASS" starttime="20250806 09:49:11.633" endtime="20250806 09:49:12.136"/>
</kw>
<status status="PASS" starttime="20250806 09:49:11.488" endtime="20250806 09:49:12.136"/>
</kw>
<kw name="SSR Search Reference Site Code" library="ssr_create_keywords">
<arg>${SSR ID Reference Site Code}</arg>
<kw name="Input Text" library="SeleniumLibrary">
<arg>xpath=${SSR Reference Site Code}</arg>
<arg>${Reference Site Code}</arg>
<doc>Types the given ``text`` into the text field identified by ``locator``.</doc>
<msg timestamp="20250806 09:49:12.137" level="INFO">Typing text 'BSIF_202508060948' into text field 'xpath=//table/tbody/tr[4]/td[3]/input'.</msg>
<status status="PASS" starttime="20250806 09:49:12.137" endtime="20250806 09:49:12.317"/>
</kw>
<status status="PASS" starttime="20250806 09:49:12.137" endtime="20250806 09:49:12.318"/>
</kw>
<kw name="SSR Click Search Reference Site Code" library="ssr_create_keywords">
<kw name="Click Element" library="SeleniumLibrary">
<arg>xpath=${SSR Reference Site Code Search Button}</arg>
<doc>Click the element identified by ``locator``.</doc>
<msg timestamp="20250806 09:49:12.319" level="INFO">Clicking element 'xpath=//table/tbody/tr[11]/td/input[1]'.</msg>
<status status="PASS" starttime="20250806 09:49:12.319" endtime="20250806 09:49:12.369"/>
</kw>
<kw name="Sleep" library="BuiltIn">
<arg>0.5 seconds</arg>
<doc>Pauses the test executed for the given time.</doc>
<msg timestamp="20250806 09:49:12.876" level="INFO">Slept 500 milliseconds</msg>
<status status="PASS" starttime="20250806 09:49:12.369" endtime="20250806 09:49:12.876"/>
</kw>
<kw name="Wait Until Element Is Visible" library="SeleniumLibrary">
<arg>xpath=${Select SSR Reference Site Code First Row}</arg>
<arg>timeout=15s</arg>
<doc>Waits until the element ``locator`` is visible.</doc>
<status status="PASS" starttime="20250806 09:49:12.876" endtime="20250806 09:49:12.937"/>
</kw>
<status status="PASS" starttime="20250806 09:49:12.318" endtime="20250806 09:49:12.937"/>
</kw>
<kw name="SSR Select Reference Site Code" library="ssr_create_keywords">
<kw name="Execute Javascript" library="SeleniumLibrary">
<arg>window.scrollTo(0, document.body.scrollHeight)</arg>
<doc>Executes the given JavaScript code with possible arguments.</doc>
<msg timestamp="20250806 09:49:12.937" level="INFO">Executing JavaScript:
window.scrollTo(0, document.body.scrollHeight)
Without any arguments.</msg>
<status status="PASS" starttime="20250806 09:49:12.937" endtime="20250806 09:49:12.948"/>
</kw>
<kw name="Click Element" library="SeleniumLibrary">
<arg>xpath=${Select SSR Reference Site Code First Row}</arg>
<doc>Click the element identified by ``locator``.</doc>
<msg timestamp="20250806 09:49:12.949" level="INFO">Clicking element 'xpath=//table/tbody/tr/td[2]/div/a'.</msg>
<status status="PASS" starttime="20250806 09:49:12.949" endtime="20250806 09:49:13.503"/>
</kw>
<kw name="Wait Until Page Contains" library="SeleniumLibrary">
<arg>SSR &gt; SSR Routing Submitted New</arg>
<arg>timeout=15s</arg>
<doc>Waits until ``text`` appears on the current page.</doc>
<status status="PASS" starttime="20250806 09:49:13.503" endtime="20250806 09:49:13.524"/>
</kw>
<status status="PASS" starttime="20250806 09:49:12.937" endtime="20250806 09:49:13.525"/>
</kw>
<kw name="Get Column Values By Name" library="Excel_Template">
<var>${Input Latitude Start List}</var>
<arg>SSR_Routing_Submitted_Latitude_Start</arg>
<kw name="Open Workbook" library="RPA.Excel.Files">
<arg>${SOURCE_FILE}</arg>
<doc>Open an existing Excel workbook.</doc>
<msg timestamp="20250806 09:49:13.538" level="INFO">Opened workbook: &lt;RPA.Excel.Files.XlsxWorkbook object at 0x00000186F6C89BC8&gt;</msg>
<status status="PASS" starttime="20250806 09:49:13.526" endtime="20250806 09:49:13.538"/>
</kw>
<kw name="Read Worksheet As Table" library="RPA.Excel.Files">
<var>${rows}</var>
<arg>header=True</arg>
<doc>Read the contents of a worksheet into a Table container. Allows
sorting/filtering/manipulating using the ``RPA.Tables`` library.</doc>
<msg timestamp="20250806 09:49:13.539" level="INFO">Created table: Table(columns=['Test_Case_ID', 'Proferma_No', 'Import_Site_Template_File', 'SSR_Routing_Submitted_Latitude_Start', 'SSR_Routing_Submitted_Latitude_End', 'SSR_Routing_Submitted_Longitude_Start', 'SSR_Routing_Submitted_Longitude_End', 'SSR_Routing_Submitted_Cable_Distance', 'SSR_Routing_Submitted_Upload_File', 'DD_Submitted_Upload_file', 'Permission_Start_Submitted_Upload_file', 'PAT_BOQ_Submitted_Upload_file', 'FAT_Permission_iGIS_Submitted_Upload_file', 'Date Running', 'Run_Status', 'Reference_Site_Code', 'SSR_ID', 'Pre-PR', 'PO', 'Result'], rows=1)</msg>
<msg timestamp="20250806 09:49:13.539" level="INFO">${rows} = Table(columns=['Test_Case_ID', 'Proferma_No', 'Import_Site_Template_File', 'SSR_Routing_Submitted_Latitude_Start', 'SSR_Routing_Submitted_Latitude_End', 'SSR_Routing_Submitted_Longitude_Start', 'SSR_R...</msg>
<status status="PASS" starttime="20250806 09:49:13.538" endtime="20250806 09:49:13.539"/>
</kw>
<kw name="Create List" library="BuiltIn">
<var>${values}</var>
<doc>Returns a list containing given items.</doc>
<msg timestamp="20250806 09:49:13.541" level="INFO">${values} = []</msg>
<status status="PASS" starttime="20250806 09:49:13.539" endtime="20250806 09:49:13.541"/>
</kw>
<for flavor="IN">
<var>${row}</var>
<value>@{rows}</value>
<iter>
<var name="${row}">{'Test_Case_ID': '001', 'Proferma_No': 1010001072, 'Import_Site_Template_File': 'Import_Site_Template_Proforma OSP.xls', 'SSR_Routing_Submitted_Latitude_Start': 4.12345, 'SSR_Routing_Submitted_Latitud...</var>
<kw name="Get From Dictionary" library="Collections">
<var>${value}</var>
<arg>${row}</arg>
<arg>${column_name}</arg>
<doc>Returns a value from the given ``dictionary`` based on the given ``key``.</doc>
<msg timestamp="20250806 09:49:13.541" level="INFO">${value} = 4.12345</msg>
<status status="PASS" starttime="20250806 09:49:13.541" endtime="20250806 09:49:13.541"/>
</kw>
<kw name="Append To List" library="Collections">
<arg>${values}</arg>
<arg>${value}</arg>
<doc>Adds ``values`` to the end of ``list``.</doc>
<status status="PASS" starttime="20250806 09:49:13.542" endtime="20250806 09:49:13.542"/>
</kw>
<status status="PASS" starttime="20250806 09:49:13.541" endtime="20250806 09:49:13.542"/>
</iter>
<status status="PASS" starttime="20250806 09:49:13.541" endtime="20250806 09:49:13.542"/>
</for>
<kw name="Close Workbook" library="RPA.Excel.Files">
<doc>Close the active workbook.</doc>
<msg timestamp="20250806 09:49:13.542" level="INFO">Closing workbook: &lt;RPA.Excel.Files.XlsxWorkbook object at 0x00000186F6C89BC8&gt;</msg>
<status status="PASS" starttime="20250806 09:49:13.542" endtime="20250806 09:49:13.542"/>
</kw>
<msg timestamp="20250806 09:49:13.543" level="INFO">${Input Latitude Start List} = [4.12345]</msg>
<status status="PASS" starttime="20250806 09:49:13.525" endtime="20250806 09:49:13.543"/>
</kw>
<kw name="Set Variable" library="BuiltIn">
<var>${Input Latitude Start}</var>
<arg>${Input Latitude Start List[0]}</arg>
<doc>Returns the given values which can then be assigned to a variables.</doc>
<msg timestamp="20250806 09:49:13.547" level="INFO">${Input Latitude Start} = 4.12345</msg>
<status status="PASS" starttime="20250806 09:49:13.543" endtime="20250806 09:49:13.547"/>
</kw>
<kw name="Set Test Variable" library="BuiltIn">
<arg>${Input Latitude Start}</arg>
<doc>Makes a variable available everywhere within the scope of the current test.</doc>
<msg timestamp="20250806 09:49:13.548" level="INFO">${Input Latitude Start} = 4.12345</msg>
<status status="PASS" starttime="20250806 09:49:13.547" endtime="20250806 09:49:13.548"/>
</kw>
<kw name="Get Column Values By Name" library="Excel_Template">
<var>${Input Longitude Start List}</var>
<arg>SSR_Routing_Submitted_Longitude_Start</arg>
<kw name="Open Workbook" library="RPA.Excel.Files">
<arg>${SOURCE_FILE}</arg>
<doc>Open an existing Excel workbook.</doc>
<msg timestamp="20250806 09:49:13.558" level="INFO">Opened workbook: &lt;RPA.Excel.Files.XlsxWorkbook object at 0x00000186F6C4D148&gt;</msg>
<status status="PASS" starttime="20250806 09:49:13.548" endtime="20250806 09:49:13.558"/>
</kw>
<kw name="Read Worksheet As Table" library="RPA.Excel.Files">
<var>${rows}</var>
<arg>header=True</arg>
<doc>Read the contents of a worksheet into a Table container. Allows
sorting/filtering/manipulating using the ``RPA.Tables`` library.</doc>
<msg timestamp="20250806 09:49:13.558" level="INFO">Created table: Table(columns=['Test_Case_ID', 'Proferma_No', 'Import_Site_Template_File', 'SSR_Routing_Submitted_Latitude_Start', 'SSR_Routing_Submitted_Latitude_End', 'SSR_Routing_Submitted_Longitude_Start', 'SSR_Routing_Submitted_Longitude_End', 'SSR_Routing_Submitted_Cable_Distance', 'SSR_Routing_Submitted_Upload_File', 'DD_Submitted_Upload_file', 'Permission_Start_Submitted_Upload_file', 'PAT_BOQ_Submitted_Upload_file', 'FAT_Permission_iGIS_Submitted_Upload_file', 'Date Running', 'Run_Status', 'Reference_Site_Code', 'SSR_ID', 'Pre-PR', 'PO', 'Result'], rows=1)</msg>
<msg timestamp="20250806 09:49:13.559" level="INFO">${rows} = Table(columns=['Test_Case_ID', 'Proferma_No', 'Import_Site_Template_File', 'SSR_Routing_Submitted_Latitude_Start', 'SSR_Routing_Submitted_Latitude_End', 'SSR_Routing_Submitted_Longitude_Start', 'SSR_R...</msg>
<status status="PASS" starttime="20250806 09:49:13.558" endtime="20250806 09:49:13.559"/>
</kw>
<kw name="Create List" library="BuiltIn">
<var>${values}</var>
<doc>Returns a list containing given items.</doc>
<msg timestamp="20250806 09:49:13.559" level="INFO">${values} = []</msg>
<status status="PASS" starttime="20250806 09:49:13.559" endtime="20250806 09:49:13.559"/>
</kw>
<for flavor="IN">
<var>${row}</var>
<value>@{rows}</value>
<iter>
<var name="${row}">{'Test_Case_ID': '001', 'Proferma_No': 1010001072, 'Import_Site_Template_File': 'Import_Site_Template_Proforma OSP.xls', 'SSR_Routing_Submitted_Latitude_Start': 4.12345, 'SSR_Routing_Submitted_Latitud...</var>
<kw name="Get From Dictionary" library="Collections">
<var>${value}</var>
<arg>${row}</arg>
<arg>${column_name}</arg>
<doc>Returns a value from the given ``dictionary`` based on the given ``key``.</doc>
<msg timestamp="20250806 09:49:13.560" level="INFO">${value} = 4.44444</msg>
<status status="PASS" starttime="20250806 09:49:13.559" endtime="20250806 09:49:13.560"/>
</kw>
<kw name="Append To List" library="Collections">
<arg>${values}</arg>
<arg>${value}</arg>
<doc>Adds ``values`` to the end of ``list``.</doc>
<status status="PASS" starttime="20250806 09:49:13.560" endtime="20250806 09:49:13.560"/>
</kw>
<status status="PASS" starttime="20250806 09:49:13.559" endtime="20250806 09:49:13.560"/>
</iter>
<status status="PASS" starttime="20250806 09:49:13.559" endtime="20250806 09:49:13.560"/>
</for>
<kw name="Close Workbook" library="RPA.Excel.Files">
<doc>Close the active workbook.</doc>
<msg timestamp="20250806 09:49:13.561" level="INFO">Closing workbook: &lt;RPA.Excel.Files.XlsxWorkbook object at 0x00000186F6C4D148&gt;</msg>
<status status="PASS" starttime="20250806 09:49:13.561" endtime="20250806 09:49:13.561"/>
</kw>
<msg timestamp="20250806 09:49:13.561" level="INFO">${Input Longitude Start List} = [4.44444]</msg>
<status status="PASS" starttime="20250806 09:49:13.548" endtime="20250806 09:49:13.561"/>
</kw>
<kw name="Set Variable" library="BuiltIn">
<var>${Input Longitude Start}</var>
<arg>${Input Longitude Start List[0]}</arg>
<doc>Returns the given values which can then be assigned to a variables.</doc>
<msg timestamp="20250806 09:49:13.566" level="INFO">${Input Longitude Start} = 4.44444</msg>
<status status="PASS" starttime="20250806 09:49:13.562" endtime="20250806 09:49:13.566"/>
</kw>
<kw name="Set Test Variable" library="BuiltIn">
<arg>${Input Longitude Start}</arg>
<doc>Makes a variable available everywhere within the scope of the current test.</doc>
<msg timestamp="20250806 09:49:13.566" level="INFO">${Input Longitude Start} = 4.44444</msg>
<status status="PASS" starttime="20250806 09:49:13.566" endtime="20250806 09:49:13.566"/>
</kw>
<kw name="Get Column Values By Name" library="Excel_Template">
<var>${Input Latitude End List}</var>
<arg>SSR_Routing_Submitted_Latitude_End</arg>
<kw name="Open Workbook" library="RPA.Excel.Files">
<arg>${SOURCE_FILE}</arg>
<doc>Open an existing Excel workbook.</doc>
<msg timestamp="20250806 09:49:13.571" level="INFO">Opened workbook: &lt;RPA.Excel.Files.XlsxWorkbook object at 0x00000186F6C4D608&gt;</msg>
<status status="PASS" starttime="20250806 09:49:13.566" endtime="20250806 09:49:13.571"/>
</kw>
<kw name="Read Worksheet As Table" library="RPA.Excel.Files">
<var>${rows}</var>
<arg>header=True</arg>
<doc>Read the contents of a worksheet into a Table container. Allows
sorting/filtering/manipulating using the ``RPA.Tables`` library.</doc>
<msg timestamp="20250806 09:49:13.581" level="INFO">Created table: Table(columns=['Test_Case_ID', 'Proferma_No', 'Import_Site_Template_File', 'SSR_Routing_Submitted_Latitude_Start', 'SSR_Routing_Submitted_Latitude_End', 'SSR_Routing_Submitted_Longitude_Start', 'SSR_Routing_Submitted_Longitude_End', 'SSR_Routing_Submitted_Cable_Distance', 'SSR_Routing_Submitted_Upload_File', 'DD_Submitted_Upload_file', 'Permission_Start_Submitted_Upload_file', 'PAT_BOQ_Submitted_Upload_file', 'FAT_Permission_iGIS_Submitted_Upload_file', 'Date Running', 'Run_Status', 'Reference_Site_Code', 'SSR_ID', 'Pre-PR', 'PO', 'Result'], rows=1)</msg>
<msg timestamp="20250806 09:49:13.581" level="INFO">${rows} = Table(columns=['Test_Case_ID', 'Proferma_No', 'Import_Site_Template_File', 'SSR_Routing_Submitted_Latitude_Start', 'SSR_Routing_Submitted_Latitude_End', 'SSR_Routing_Submitted_Longitude_Start', 'SSR_R...</msg>
<status status="PASS" starttime="20250806 09:49:13.571" endtime="20250806 09:49:13.581"/>
</kw>
<kw name="Create List" library="BuiltIn">
<var>${values}</var>
<doc>Returns a list containing given items.</doc>
<msg timestamp="20250806 09:49:13.581" level="INFO">${values} = []</msg>
<status status="PASS" starttime="20250806 09:49:13.581" endtime="20250806 09:49:13.581"/>
</kw>
<for flavor="IN">
<var>${row}</var>
<value>@{rows}</value>
<iter>
<var name="${row}">{'Test_Case_ID': '001', 'Proferma_No': 1010001072, 'Import_Site_Template_File': 'Import_Site_Template_Proforma OSP.xls', 'SSR_Routing_Submitted_Latitude_Start': 4.12345, 'SSR_Routing_Submitted_Latitud...</var>
<kw name="Get From Dictionary" library="Collections">
<var>${value}</var>
<arg>${row}</arg>
<arg>${column_name}</arg>
<doc>Returns a value from the given ``dictionary`` based on the given ``key``.</doc>
<msg timestamp="20250806 09:49:13.581" level="INFO">${value} = 5.67897</msg>
<status status="PASS" starttime="20250806 09:49:13.581" endtime="20250806 09:49:13.581"/>
</kw>
<kw name="Append To List" library="Collections">
<arg>${values}</arg>
<arg>${value}</arg>
<doc>Adds ``values`` to the end of ``list``.</doc>
<status status="PASS" starttime="20250806 09:49:13.581" endtime="20250806 09:49:13.585"/>
</kw>
<status status="PASS" starttime="20250806 09:49:13.581" endtime="20250806 09:49:13.585"/>
</iter>
<status status="PASS" starttime="20250806 09:49:13.581" endtime="20250806 09:49:13.585"/>
</for>
<kw name="Close Workbook" library="RPA.Excel.Files">
<doc>Close the active workbook.</doc>
<msg timestamp="20250806 09:49:13.585" level="INFO">Closing workbook: &lt;RPA.Excel.Files.XlsxWorkbook object at 0x00000186F6C4D608&gt;</msg>
<status status="PASS" starttime="20250806 09:49:13.585" endtime="20250806 09:49:13.585"/>
</kw>
<msg timestamp="20250806 09:49:13.585" level="INFO">${Input Latitude End List} = [5.67897]</msg>
<status status="PASS" starttime="20250806 09:49:13.566" endtime="20250806 09:49:13.585"/>
</kw>
<kw name="Set Variable" library="BuiltIn">
<var>${Input Latitude End}</var>
<arg>${Input Latitude End List[0]}</arg>
<doc>Returns the given values which can then be assigned to a variables.</doc>
<msg timestamp="20250806 09:49:13.586" level="INFO">${Input Latitude End} = 5.67897</msg>
<status status="PASS" starttime="20250806 09:49:13.585" endtime="20250806 09:49:13.586"/>
</kw>
<kw name="Set Test Variable" library="BuiltIn">
<arg>${Input Latitude End}</arg>
<doc>Makes a variable available everywhere within the scope of the current test.</doc>
<msg timestamp="20250806 09:49:13.586" level="INFO">${Input Latitude End} = 5.67897</msg>
<status status="PASS" starttime="20250806 09:49:13.586" endtime="20250806 09:49:13.586"/>
</kw>
<kw name="Get Column Values By Name" library="Excel_Template">
<var>${Input Longitude End List}</var>
<arg>SSR_Routing_Submitted_Longitude_End</arg>
<kw name="Open Workbook" library="RPA.Excel.Files">
<arg>${SOURCE_FILE}</arg>
<doc>Open an existing Excel workbook.</doc>
<msg timestamp="20250806 09:49:13.604" level="INFO">Opened workbook: &lt;RPA.Excel.Files.XlsxWorkbook object at 0x00000186F6C17A48&gt;</msg>
<status status="PASS" starttime="20250806 09:49:13.586" endtime="20250806 09:49:13.604"/>
</kw>
<kw name="Read Worksheet As Table" library="RPA.Excel.Files">
<var>${rows}</var>
<arg>header=True</arg>
<doc>Read the contents of a worksheet into a Table container. Allows
sorting/filtering/manipulating using the ``RPA.Tables`` library.</doc>
<msg timestamp="20250806 09:49:13.604" level="INFO">Created table: Table(columns=['Test_Case_ID', 'Proferma_No', 'Import_Site_Template_File', 'SSR_Routing_Submitted_Latitude_Start', 'SSR_Routing_Submitted_Latitude_End', 'SSR_Routing_Submitted_Longitude_Start', 'SSR_Routing_Submitted_Longitude_End', 'SSR_Routing_Submitted_Cable_Distance', 'SSR_Routing_Submitted_Upload_File', 'DD_Submitted_Upload_file', 'Permission_Start_Submitted_Upload_file', 'PAT_BOQ_Submitted_Upload_file', 'FAT_Permission_iGIS_Submitted_Upload_file', 'Date Running', 'Run_Status', 'Reference_Site_Code', 'SSR_ID', 'Pre-PR', 'PO', 'Result'], rows=1)</msg>
<msg timestamp="20250806 09:49:13.605" level="INFO">${rows} = Table(columns=['Test_Case_ID', 'Proferma_No', 'Import_Site_Template_File', 'SSR_Routing_Submitted_Latitude_Start', 'SSR_Routing_Submitted_Latitude_End', 'SSR_Routing_Submitted_Longitude_Start', 'SSR_R...</msg>
<status status="PASS" starttime="20250806 09:49:13.604" endtime="20250806 09:49:13.605"/>
</kw>
<kw name="Create List" library="BuiltIn">
<var>${values}</var>
<doc>Returns a list containing given items.</doc>
<msg timestamp="20250806 09:49:13.605" level="INFO">${values} = []</msg>
<status status="PASS" starttime="20250806 09:49:13.605" endtime="20250806 09:49:13.605"/>
</kw>
<for flavor="IN">
<var>${row}</var>
<value>@{rows}</value>
<iter>
<var name="${row}">{'Test_Case_ID': '001', 'Proferma_No': 1010001072, 'Import_Site_Template_File': 'Import_Site_Template_Proforma OSP.xls', 'SSR_Routing_Submitted_Latitude_Start': 4.12345, 'SSR_Routing_Submitted_Latitud...</var>
<kw name="Get From Dictionary" library="Collections">
<var>${value}</var>
<arg>${row}</arg>
<arg>${column_name}</arg>
<doc>Returns a value from the given ``dictionary`` based on the given ``key``.</doc>
<msg timestamp="20250806 09:49:13.606" level="INFO">${value} = 7.34567</msg>
<status status="PASS" starttime="20250806 09:49:13.606" endtime="20250806 09:49:13.606"/>
</kw>
<kw name="Append To List" library="Collections">
<arg>${values}</arg>
<arg>${value}</arg>
<doc>Adds ``values`` to the end of ``list``.</doc>
<status status="PASS" starttime="20250806 09:49:13.606" endtime="20250806 09:49:13.607"/>
</kw>
<status status="PASS" starttime="20250806 09:49:13.605" endtime="20250806 09:49:13.607"/>
</iter>
<status status="PASS" starttime="20250806 09:49:13.605" endtime="20250806 09:49:13.607"/>
</for>
<kw name="Close Workbook" library="RPA.Excel.Files">
<doc>Close the active workbook.</doc>
[...]
</kw>
<kw name="Run Keyword And Return Status" library="BuiltIn">
<var>${is_visible}</var>
<arg>Wait Until Element Is Visible</arg>
<arg>xpath=${Todo list Menu Select First Row span}</arg>
<arg>timeout=15s</arg>
<doc>Runs the given keyword with given arguments and returns the status as a Boolean value.</doc>
<kw name="Wait Until Element Is Visible" library="SeleniumLibrary">
<arg>xpath=${Todo list Menu Select First Row span}</arg>
<arg>timeout=15s</arg>
<doc>Waits until the element ``locator`` is visible.</doc>
<status status="PASS" starttime="20250806 09:59:30.428" endtime="20250806 09:59:31.344"/>
</kw>
<msg timestamp="20250806 09:59:31.344" level="INFO">${is_visible} = True</msg>
<status status="PASS" starttime="20250806 09:59:30.428" endtime="20250806 09:59:31.344"/>
</kw>
<if>
<branch type="IF" condition="'${is_visible}' == 'True'">
<kw name="Execute Javascript" library="SeleniumLibrary">
<arg>window.scrollTo(0, document.body.scrollHeight)</arg>
<doc>Executes the given JavaScript code with possible arguments.</doc>
<msg timestamp="20250806 09:59:31.345" level="INFO">Executing JavaScript:
window.scrollTo(0, document.body.scrollHeight)
Without any arguments.</msg>
<status status="PASS" starttime="20250806 09:59:31.344" endtime="20250806 09:59:31.350"/>
</kw>
<status status="PASS" starttime="20250806 09:59:31.344" endtime="20250806 09:59:31.350"/>
</branch>
<branch type="ELSE">
<kw name="Click Element" library="SeleniumLibrary">
<arg>xpath=${Todo list Menu Search Button Query}</arg>
<doc>Click the element identified by ``locator``.</doc>
<status status="NOT RUN" starttime="20250806 09:59:31.351" endtime="20250806 09:59:31.351"/>
</kw>
<kw name="Wait Until Element Is Visible" library="SeleniumLibrary">
<arg>xpath=${Todo list Menu Select First Row span}</arg>
<arg>timeout=15s</arg>
<doc>Waits until the element ``locator`` is visible.</doc>
<status status="NOT RUN" starttime="20250806 09:59:31.351" endtime="20250806 09:59:31.351"/>
</kw>
<kw name="Execute Javascript" library="SeleniumLibrary">
<arg>window.scrollTo(0, document.body.scrollHeight)</arg>
<doc>Executes the given JavaScript code with possible arguments.</doc>
<status status="NOT RUN" starttime="20250806 09:59:31.351" endtime="20250806 09:59:31.351"/>
</kw>
<status status="NOT RUN" starttime="20250806 09:59:31.350" endtime="20250806 09:59:31.351"/>
</branch>
<status status="PASS" starttime="20250806 09:59:31.344" endtime="20250806 09:59:31.351"/>
</if>
<status status="PASS" starttime="20250806 09:59:30.382" endtime="20250806 09:59:31.351"/>
</kw>
<kw name="Selected SSR ID" library="menu_to_do_list_keywords">
<kw name="Click Element" library="SeleniumLibrary">
<arg>xpath=${Todo list Menu Select First Row span}</arg>
<doc>Click the element identified by ``locator``.</doc>
<msg timestamp="20250806 09:59:31.353" level="INFO">Clicking element 'xpath=//div[2]/table/tbody/tr/td[2]/span/a'.</msg>
<status status="PASS" starttime="20250806 09:59:31.352" endtime="20250806 09:59:31.973"/>
</kw>
<status status="PASS" starttime="20250806 09:59:31.352" endtime="20250806 09:59:31.973"/>
</kw>
<kw name="Page Should Contains" library="result_massage_keywords">
<arg>${SSR &gt; FAT Approved}</arg>
<kw name="Wait Until Page Contains" library="SeleniumLibrary">
<arg>${Text}</arg>
<arg>timeout=10s</arg>
<doc>Waits until ``text`` appears on the current page.</doc>
<status status="PASS" starttime="20250806 09:59:31.974" endtime="20250806 09:59:31.997"/>
</kw>
<status status="PASS" starttime="20250806 09:59:31.973" endtime="20250806 09:59:31.997"/>
</kw>
<kw name="FAT/Permission Approved" library="FAT_Permission_Approve_keyword">
<kw name="Execute Javascript" library="SeleniumLibrary">
<arg>window.scrollTo(0, document.body.scrollHeight)</arg>
<doc>Executes the given JavaScript code with possible arguments.</doc>
<msg timestamp="20250806 09:59:31.998" level="INFO">Executing JavaScript:
window.scrollTo(0, document.body.scrollHeight)
Without any arguments.</msg>
<status status="PASS" starttime="20250806 09:59:31.998" endtime="20250806 09:59:32.010"/>
</kw>
<kw name="Click Element" library="SeleniumLibrary">
<arg>xpath=${FAT Permission Approved Select Case}</arg>
<doc>Click the element identified by ``locator``.</doc>
<msg timestamp="20250806 09:59:32.011" level="INFO">Clicking element 'xpath=//tr[2]/td/table/tbody/tr/td[2]/select'.</msg>
<status status="PASS" starttime="20250806 09:59:32.010" endtime="20250806 09:59:32.099"/>
</kw>
<kw name="Click Element" library="SeleniumLibrary">
<arg>xpath=${FAT Permission Approved Approval Case}</arg>
<doc>Click the element identified by ``locator``.</doc>
<msg timestamp="20250806 09:59:32.101" level="INFO">Clicking element 'xpath=//tbody/tr/td[2]/select/option[2]'.</msg>
<status status="PASS" starttime="20250806 09:59:32.101" endtime="20250806 09:59:32.171"/>
</kw>
<kw name="Sleep" library="BuiltIn">
<arg>1 seconds</arg>
<doc>Pauses the test executed for the given time.</doc>
<msg timestamp="20250806 09:59:33.183" level="INFO">Slept 1 second</msg>
<status status="PASS" starttime="20250806 09:59:32.172" endtime="20250806 09:59:33.183"/>
</kw>
<status status="PASS" starttime="20250806 09:59:31.998" endtime="20250806 09:59:33.183"/>
</kw>
<kw name="FAT/Permission Approved Save" library="FAT_Permission_Approve_keyword">
<kw name="Click Element" library="SeleniumLibrary">
<arg>xpath=${FAT Permission Approved Save}</arg>
<doc>Click the element identified by ``locator``.</doc>
<msg timestamp="20250806 09:59:33.185" level="INFO">Clicking element 'xpath=//tbody/tr[1]/td[3]/input[4]'.</msg>
<status status="PASS" starttime="20250806 09:59:33.183" endtime="20250806 09:59:33.257"/>
</kw>
<status status="PASS" starttime="20250806 09:59:33.183" endtime="20250806 09:59:33.257"/>
</kw>
<kw name="Result Massage Data recorded" library="result_massage_keywords">
<var>${SSR ID FAT Permission Approved}</var>
<arg>${FAT Permission Approved Result Massage}</arg>
<kw name="Wait Until Page Contains" library="SeleniumLibrary">
<arg>บันทึกข้อมูลเรียบร้อย</arg>
<arg>timeout=90s</arg>
<doc>Waits until ``text`` appears on the current page.</doc>
<status status="PASS" starttime="20250806 09:59:33.257" endtime="20250806 09:59:33.500"/>
</kw>
<kw name="Get Text" library="SeleniumLibrary">
<var>${Result Massage Full Text}</var>
<arg>xpath=${Target Xpath}</arg>
<doc>Returns the text value of the element identified by ``locator``.</doc>
<msg timestamp="20250806 09:59:33.522" level="INFO">${Result Massage Full Text} = บันทึกข้อมูลเรียบร้อย หมายเลข SSR ID : BKK-2025000308</msg>
<status status="PASS" starttime="20250806 09:59:33.500" endtime="20250806 09:59:33.522"/>
</kw>
<kw name="Split String" library="String">
<var>${Array Massage}</var>
<arg>${Result Massage Full Text}</arg>
<doc>Splits the ``string`` using ``separator`` as a delimiter string.</doc>
<msg timestamp="20250806 09:59:33.523" level="INFO">${Array Massage} = ['บันทึกข้อมูลเรียบร้อย', 'หมายเลข', 'SSR', 'ID', ':', 'BKK-2025000308']</msg>
<status status="PASS" starttime="20250806 09:59:33.523" endtime="20250806 09:59:33.523"/>
</kw>
<kw name="Strip String" library="String">
<var>${Data recorded}</var>
<arg>${Array Massage[0]}</arg>
<doc>Remove leading and/or trailing whitespaces from the given string.</doc>
<msg timestamp="20250806 09:59:33.529" level="INFO">${Data recorded} = บันทึกข้อมูลเรียบร้อย</msg>
<status status="PASS" starttime="20250806 09:59:33.523" endtime="20250806 09:59:33.529"/>
</kw>
<kw name="Set Global Variable" library="BuiltIn">
<arg>${Data recorded}</arg>
<doc>Makes a variable available globally in all tests and suites.</doc>
<msg timestamp="20250806 09:59:33.530" level="INFO">${Data recorded} = บันทึกข้อมูลเรียบร้อย</msg>
<status status="PASS" starttime="20250806 09:59:33.529" endtime="20250806 09:59:33.530"/>
</kw>
<kw name="Run Keyword If" library="BuiltIn">
<arg>'${Data recorded}' != 'บันทึกข้อมูลเรียบร้อย'</arg>
<arg>Fail</arg>
<doc>Runs the given keyword with the given arguments, if ``condition`` is true.</doc>
<status status="PASS" starttime="20250806 09:59:33.530" endtime="20250806 09:59:33.530"/>
</kw>
<kw name="Split String" library="String">
<var>${SSR ID Massage}</var>
<arg>${Result Massage Full Text}</arg>
<arg>:</arg>
<doc>Splits the ``string`` using ``separator`` as a delimiter string.</doc>
<msg timestamp="20250806 09:59:33.532" level="INFO">${SSR ID Massage} = ['บันทึกข้อมูลเรียบร้อย หมายเลข SSR ID ', ' BKK-2025000308']</msg>
<status status="PASS" starttime="20250806 09:59:33.532" endtime="20250806 09:59:33.532"/>
</kw>
<kw name="Strip String" library="String">
<var>${SSR ID}</var>
<arg>${SSR ID Massage[1]}</arg>
<doc>Remove leading and/or trailing whitespaces from the given string.</doc>
<msg timestamp="20250806 09:59:33.540" level="INFO">${SSR ID} = BKK-2025000308</msg>
<status status="PASS" starttime="20250806 09:59:33.532" endtime="20250806 09:59:33.540"/>
</kw>
<kw name="Set Global Variable" library="BuiltIn">
<arg>${SSR ID}</arg>
<doc>Makes a variable available globally in all tests and suites.</doc>
<msg timestamp="20250806 09:59:33.541" level="INFO">${SSR ID} = BKK-2025000308</msg>
<status status="PASS" starttime="20250806 09:59:33.540" endtime="20250806 09:59:33.541"/>
</kw>
<msg timestamp="20250806 09:59:33.541" level="INFO">${SSR ID FAT Permission Approved} = BKK-2025000308</msg>
<status status="PASS" starttime="20250806 09:59:33.257" endtime="20250806 09:59:33.541"/>
</kw>
<kw name="Set Global Variable" library="BuiltIn">
<arg>${SSR ID FAT Permission Approved}</arg>
<doc>Makes a variable available globally in all tests and suites.</doc>
<msg timestamp="20250806 09:59:33.543" level="INFO">${SSR ID FAT Permission Approved} = BKK-2025000308</msg>
<status status="PASS" starttime="20250806 09:59:33.542" endtime="20250806 09:59:33.543"/>
</kw>
<kw name="Sleep" library="BuiltIn">
<arg>1 seconds</arg>
<doc>Pauses the test executed for the given time.</doc>
<msg timestamp="20250806 09:59:34.548" level="INFO">Slept 1 second</msg>
<status status="PASS" starttime="20250806 09:59:33.544" endtime="20250806 09:59:34.548"/>
</kw>
<kw name="Write Value To Excel Status" library="Excel_Template">
<arg>TC_017 FAT/Permission Approved</arg>
<kw name="Open Workbook" library="RPA.Excel.Files">
<arg>${SOURCE_FILE}</arg>
<doc>Open an existing Excel workbook.</doc>
<msg timestamp="20250806 09:59:34.565" level="INFO">Opened workbook: &lt;RPA.Excel.Files.XlsxWorkbook object at 0x00000186F69C5B88&gt;</msg>
<status status="PASS" starttime="20250806 09:59:34.548" endtime="20250806 09:59:34.565"/>
</kw>
<kw name="Set Cell Value" library="RPA.Excel.Files">
<arg>row=2</arg>
<arg>column=15</arg>
<arg>value=${Step}</arg>
<doc>Set a cell value in the given worksheet.</doc>
<status status="PASS" starttime="20250806 09:59:34.565" endtime="20250806 09:59:34.565"/>
</kw>
<kw name="Save Workbook" library="RPA.Excel.Files">
<doc>Save the active workbook.</doc>
<status status="PASS" starttime="20250806 09:59:34.565" endtime="20250806 09:59:34.632"/>
</kw>
<kw name="Close Workbook" library="RPA.Excel.Files">
<doc>Close the active workbook.</doc>
<msg timestamp="20250806 09:59:34.634" level="INFO">Closing workbook: &lt;RPA.Excel.Files.XlsxWorkbook object at 0x00000186F69C5B88&gt;</msg>
<status status="PASS" starttime="20250806 09:59:34.634" endtime="20250806 09:59:34.634"/>
</kw>
<status status="PASS" starttime="20250806 09:59:34.548" endtime="20250806 09:59:34.634"/>
</kw>
<doc>FAT/Permission Approved</doc>
<tag>Standard_Test</tag>
<status status="PASS" starttime="20250806 09:59:28.780" endtime="20250806 09:59:34.634"/>
</test>
<test id="s1-s1-t53" name="[53] ทำการตรวจสอบขั้นตอนทั้งหมด" line="643">
<kw name="Click Menu List" library="menu_keywords">
<kw name="Click Element" library="SeleniumLibrary">
<arg>xpath=${Menu List}</arg>
<doc>Click the element identified by ``locator``.</doc>
<msg timestamp="20250806 09:59:34.641" level="INFO">Clicking element 'xpath=//form/div[1]/table/tbody/tr/td[1]/img'.</msg>
<status status="PASS" starttime="20250806 09:59:34.640" endtime="20250806 09:59:34.693"/>
</kw>
<status status="PASS" starttime="20250806 09:59:34.640" endtime="20250806 09:59:34.694"/>
</kw>
<kw name="Select Menu" library="menu_keywords">
<arg>${SSR Tracking Menu ID}</arg>
<kw name="Execute Javascript" library="SeleniumLibrary">
<arg>document.getElementById("${Menu}").click()</arg>
<doc>Executes the given JavaScript code with possible arguments.</doc>
<msg timestamp="20250806 09:59:34.696" level="INFO">Executing JavaScript:
document.getElementById("iconheader:frmMenu:SSRTracking").click()
Without any arguments.</msg>
<status status="PASS" starttime="20250806 09:59:34.695" endtime="20250806 09:59:35.225"/>
</kw>
<kw name="Sleep" library="BuiltIn">
<arg>1 seconds</arg>
<doc>Pauses the test executed for the given time.</doc>
<msg timestamp="20250806 09:59:36.237" level="INFO">Slept 1 second</msg>
<status status="PASS" starttime="20250806 09:59:35.226" endtime="20250806 09:59:36.237"/>
</kw>
<status status="PASS" starttime="20250806 09:59:34.694" endtime="20250806 09:59:36.237"/>
</kw>
<kw name="Search SSR ID Tracking" library="menu_ssr_tracking_keywords">
<arg>${SSR ID FAT Permission Approved}</arg>
<kw name="Input Text" library="SeleniumLibrary">
<arg>xpath=${SSR Tracking Search SSR ID}</arg>
<arg>${Input SSR ID}</arg>
<doc>Types the given ``text`` into the text field identified by ``locator``.</doc>
<msg timestamp="20250806 09:59:36.237" level="INFO">Typing text 'BKK-2025000308' into text field 'xpath=//fieldset/table/tbody/tr[3]/td[3]/input'.</msg>
<status status="PASS" starttime="20250806 09:59:36.237" endtime="20250806 09:59:36.401"/>
</kw>
<kw name="Execute Javascript" library="SeleniumLibrary">
<arg>window.scrollTo(0, document.body.scrollHeight)</arg>
<doc>Executes the given JavaScript code with possible arguments.</doc>
<msg timestamp="20250806 09:59:36.402" level="INFO">Executing JavaScript:
window.scrollTo(0, document.body.scrollHeight)
Without any arguments.</msg>
<status status="PASS" starttime="20250806 09:59:36.401" endtime="20250806 09:59:36.409"/>
</kw>
<status status="PASS" starttime="20250806 09:59:36.237" endtime="20250806 09:59:36.409"/>
</kw>
<kw name="Click SSR Search Button" library="menu_ssr_tracking_keywords">
<kw name="Click Element" library="SeleniumLibrary">
<arg>xpath=${SSR Tracking Search Button}</arg>
<doc>Click the element identified by ``locator``.</doc>
<msg timestamp="20250806 09:59:36.411" level="INFO">Clicking element 'xpath=//*[@id="ssrForm:btnQuery"]'.</msg>
<status status="PASS" starttime="20250806 09:59:36.411" endtime="20250806 09:59:36.476"/>
</kw>
<kw name="Wait Until Page Contains" library="SeleniumLibrary">
<arg>Search Result</arg>
<arg>timeout=10s</arg>
<doc>Waits until ``text`` appears on the current page.</doc>
<status status="PASS" starttime="20250806 09:59:36.478" endtime="20250806 09:59:37.767"/>
</kw>
<status status="PASS" starttime="20250806 09:59:36.409" endtime="20250806 09:59:37.769"/>
</kw>
<kw name="Select SSR ID" library="menu_ssr_tracking_keywords">
<kw name="Execute Javascript" library="SeleniumLibrary">
<arg>window.scrollTo(0, document.body.scrollHeight)</arg>
<doc>Executes the given JavaScript code with possible arguments.</doc>
<msg timestamp="20250806 09:59:37.770" level="INFO">Executing JavaScript:
window.scrollTo(0, document.body.scrollHeight)
Without any arguments.</msg>
<status status="PASS" starttime="20250806 09:59:37.770" endtime="20250806 09:59:37.778"/>
</kw>
<kw name="Click Element" library="SeleniumLibrary">
<arg>xpath=${Tracking Select First Row}</arg>
<doc>Click the element identified by ``locator``.</doc>
<msg timestamp="20250806 09:59:37.779" level="INFO">Clicking element 'xpath=//div[2]/table/tbody/tr/td[2]/div'.</msg>
<status status="PASS" starttime="20250806 09:59:37.778" endtime="20250806 09:59:38.289"/>
</kw>
<status status="PASS" starttime="20250806 09:59:37.769" endtime="20250806 09:59:38.290"/>
</kw>
<kw name="Check Process Status" library="menu_ssr_tracking_keywords">
<kw name="Execute Javascript" library="SeleniumLibrary">
<arg>window.scrollTo(0, document.body.scrollHeight)</arg>
<doc>Executes the given JavaScript code with possible arguments.</doc>
<msg timestamp="20250806 09:59:38.292" level="INFO">Executing JavaScript:
window.scrollTo(0, document.body.scrollHeight)
Without any arguments.</msg>
<status status="PASS" starttime="20250806 09:59:38.292" endtime="20250806 09:59:38.305"/>
</kw>
<kw name="Wait Until Element Is Visible" library="SeleniumLibrary">
<arg>xpath=${Process Status Checking Step 12}</arg>
<arg>timeout=15s</arg>
<doc>Waits until the element ``locator`` is visible.</doc>
<status status="PASS" starttime="20250806 09:59:38.305" endtime="20250806 09:59:38.336"/>
</kw>
<kw name="Normalize Path" library="OperatingSystem">
<var>${Picture Folder path}</var>
<arg>${Picture Folder}/Process Status.png</arg>
<doc>Normalizes the given path.</doc>
<msg timestamp="20250806 09:59:38.337" level="INFO">${Picture Folder path} = C:\Users\arnoj885\Robot Framework\Obsolate Transporter\tests\TYPE_Non-Turnkey\FBB OSP for TPT III\Results\20250806\0948\Process Status.png</msg>
<status status="PASS" starttime="20250806 09:59:38.337" endtime="20250806 09:59:38.337"/>
</kw>
<kw name="Capture Page Screenshot" library="SeleniumLibrary">
<arg>${Picture Folder path}</arg>
<doc>Takes a screenshot of the current page and embeds it into a log file.</doc>
<msg timestamp="20250806 09:59:38.494" level="INFO" html="true">&lt;/td&gt;&lt;/tr&gt;&lt;tr&gt;&lt;td colspan="3"&gt;&lt;a href="Process%20Status.png"&gt;&lt;img src="Process%20Status.png" width="800px"&gt;&lt;/a&gt;</msg>
<status status="PASS" starttime="20250806 09:59:38.337" endtime="20250806 09:59:38.494"/>
</kw>
<status status="PASS" starttime="20250806 09:59:38.291" endtime="20250806 09:59:38.494"/>
</kw>
<kw name="Write Value To Excel Result" library="Excel_Template">
<arg>Pass</arg>
<kw name="Open Workbook" library="RPA.Excel.Files">
<arg>${SOURCE_FILE}</arg>
<doc>Open an existing Excel workbook.</doc>
<msg timestamp="20250806 09:59:38.510" level="INFO">Opened workbook: &lt;RPA.Excel.Files.XlsxWorkbook object at 0x00000186F6A59A08&gt;</msg>
<status status="PASS" starttime="20250806 09:59:38.496" endtime="20250806 09:59:38.511"/>
</kw>
<kw name="Set Cell Value" library="RPA.Excel.Files">
<arg>row=2</arg>
<arg>column=20</arg>
<arg>value=${Step}</arg>
<doc>Set a cell value in the given worksheet.</doc>
<status status="PASS" starttime="20250806 09:59:38.511" endtime="20250806 09:59:38.512"/>
</kw>
<kw name="Save Workbook" library="RPA.Excel.Files">
<doc>Save the active workbook.</doc>
<status status="PASS" starttime="20250806 09:59:38.512" endtime="20250806 09:59:38.574"/>
</kw>
<kw name="Close Workbook" library="RPA.Excel.Files">
<doc>Close the active workbook.</doc>
<msg timestamp="20250806 09:59:38.575" level="INFO">Closing workbook: &lt;RPA.Excel.Files.XlsxWorkbook object at 0x00000186F6A59A08&gt;</msg>
<status status="PASS" starttime="20250806 09:59:38.574" endtime="20250806 09:59:38.575"/>
</kw>
<status status="PASS" starttime="20250806 09:59:38.495" endtime="20250806 09:59:38.575"/>
</kw>
<doc>ทำการตรวจสอบขั้นตอนทั้งหมดและทำการรายงานผล</doc>
<tag>Standard_Test</tag>
<status status="PASS" starttime="20250806 09:59:34.634" endtime="20250806 09:59:38.576"/>
</test>
<status status="PASS" starttime="20250806 09:48:30.851" endtime="20250806 09:59:38.578"/>
</suite>
<status status="PASS" starttime="20250806 09:48:30.835" endtime="20250806 09:59:38.587"/>
</suite>
<statistics>
<total>
<stat pass="53" fail="0" skip="0">All Tests</stat>
</total>
<tag>
<stat pass="1" fail="0" skip="0">Load_PO</stat>
<stat pass="53" fail="0" skip="0">Standard_Test</stat>
</tag>
<suite>
<stat pass="53" fail="0" skip="0" id="s1" name="FBB OSP for TPT III">FBB OSP for TPT III</stat>
<stat pass="53" fail="0" skip="0" id="s1-s1" name="FBB OSP for TPT III">FBB OSP for TPT III.FBB OSP for TPT III</stat>
</suite>
</statistics>
<errors>
</errors>
</robot>
