<?xml version="1.0" encoding="UTF-8"?>
<robot generator="Robot 5.0.1 (Python 3.7.9 on win32)" generated="20250806 09:42:40.815" rpa="false" schemaversion="3">
<suite id="s1" name="FBB OSP for TPT III" source="C:\Users\arnoj885\Robot Framework\Obsolate Transporter\tests\TYPE_Non-Turnkey\FBB OSP for TPT III">
<suite id="s1-s1" name="FBB OSP for TPT III" source="C:\Users\arnoj885\Robot Framework\Obsolate Transporter\tests\TYPE_Non-Turnkey\FBB OSP for TPT III\FBB_OSP_for_TPT_III.robot">
<kw name="Open Browser To Login Page" library="login_keywords" type="SETUP">
<kw name="Open Browser" library="SeleniumLibrary">
<arg>${URL}</arg>
<arg>${BROWSER}</arg>
<doc>Opens a new browser instance to the optional ``url``.</doc>
<msg timestamp="20250806 09:42:42.288" level="INFO">Opening browser 'Chrome' to base url 'https://test-transporter.intra.ais/TPTWeb/login.jsf'.</msg>
<status status="PASS" starttime="20250806 09:42:42.288" endtime="20250806 09:42:48.606"/>
</kw>
<kw name="Maximize Browser Window" library="SeleniumLibrary">
<doc>Maximizes current browser window.</doc>
<status status="PASS" starttime="20250806 09:42:48.606" endtime="20250806 09:42:48.727"/>
</kw>
<kw name="Set Selenium Timeout" library="SeleniumLibrary">
<arg>10 seconds</arg>
<doc>Sets the timeout that is used by various keywords.</doc>
<status status="PASS" starttime="20250806 09:42:48.728" endtime="20250806 09:42:48.729"/>
</kw>
<status status="PASS" starttime="20250806 09:42:42.288" endtime="20250806 09:42:48.729"/>
</kw>
<test id="s1-s1-t1" name="[1] เตรียมข้อมูลสำหรับทดสอบระบบ" line="9">
<kw name="Clear Excel Value" library="Excel_Template">
<kw name="Open Workbook" library="RPA.Excel.Files">
<arg>${SOURCE_FILE}</arg>
<doc>Open an existing Excel workbook.</doc>
<msg timestamp="20250806 09:42:48.733" level="INFO">Opened workbook: &lt;RPA.Excel.Files.XlsxWorkbook object at 0x00000214CAE651C8&gt;</msg>
<status status="PASS" starttime="20250806 09:42:48.733" endtime="20250806 09:42:48.733"/>
</kw>
<kw name="Set Cell Value" library="RPA.Excel.Files">
<arg>row=2</arg>
<arg>column=14</arg>
<arg>value=${EMPTY}</arg>
<doc>Set a cell value in the given worksheet.</doc>
<status status="PASS" starttime="20250806 09:42:48.733" endtime="20250806 09:42:48.752"/>
</kw>
<kw name="Set Cell Value" library="RPA.Excel.Files">
<arg>row=2</arg>
<arg>column=15</arg>
<arg>value=${EMPTY}</arg>
<doc>Set a cell value in the given worksheet.</doc>
<status status="PASS" starttime="20250806 09:42:48.752" endtime="20250806 09:42:48.755"/>
</kw>
<kw name="Set Cell Value" library="RPA.Excel.Files">
<arg>row=2</arg>
<arg>column=16</arg>
<arg>value=${EMPTY}</arg>
<doc>Set a cell value in the given worksheet.</doc>
<status status="PASS" starttime="20250806 09:42:48.755" endtime="20250806 09:42:48.758"/>
</kw>
<kw name="Set Cell Value" library="RPA.Excel.Files">
<arg>row=2</arg>
<arg>column=17</arg>
<arg>value=${EMPTY}</arg>
<doc>Set a cell value in the given worksheet.</doc>
<status status="PASS" starttime="20250806 09:42:48.758" endtime="20250806 09:42:48.761"/>
</kw>
<kw name="Set Cell Value" library="RPA.Excel.Files">
<arg>row=2</arg>
<arg>column=18</arg>
<arg>value=${EMPTY}</arg>
<doc>Set a cell value in the given worksheet.</doc>
<status status="PASS" starttime="20250806 09:42:48.762" endtime="20250806 09:42:48.765"/>
</kw>
<kw name="Set Cell Value" library="RPA.Excel.Files">
<arg>row=2</arg>
<arg>column=19</arg>
<arg>value=${EMPTY}</arg>
<doc>Set a cell value in the given worksheet.</doc>
<status status="PASS" starttime="20250806 09:42:48.765" endtime="20250806 09:42:48.768"/>
</kw>
<kw name="Set Cell Value" library="RPA.Excel.Files">
<arg>row=2</arg>
<arg>column=20</arg>
<arg>value=${EMPTY}</arg>
<doc>Set a cell value in the given worksheet.</doc>
<status status="PASS" starttime="20250806 09:42:48.768" endtime="20250806 09:42:48.772"/>
</kw>
<kw name="Save Workbook" library="RPA.Excel.Files">
<doc>Save the active workbook.</doc>
<status status="PASS" starttime="20250806 09:42:48.772" endtime="20250806 09:42:48.828"/>
</kw>
<kw name="Close Workbook" library="RPA.Excel.Files">
<doc>Close the active workbook.</doc>
<msg timestamp="20250806 09:42:48.828" level="INFO">Closing workbook: &lt;RPA.Excel.Files.XlsxWorkbook object at 0x00000214CAE651C8&gt;</msg>
<status status="PASS" starttime="20250806 09:42:48.828" endtime="20250806 09:42:48.828"/>
</kw>
<status status="PASS" starttime="20250806 09:42:48.733" endtime="20250806 09:42:48.828"/>
</kw>
<kw name="Gennerate Reference Site Code" library="Excel_Template">
<kw name="Get Current Date" library="DateTime">
<var>${current_datetime}</var>
<arg>result_format=%Y%m%d%H%M</arg>
<doc>Returns current local or UTC time with an optional increment.</doc>
<msg timestamp="20250806 09:42:48.828" level="INFO">${current_datetime} = 202508060942</msg>
<status status="PASS" starttime="20250806 09:42:48.828" endtime="20250806 09:42:48.828"/>
</kw>
<kw name="Length Should Be" library="BuiltIn">
<arg>${current_datetime}</arg>
<arg>12</arg>
<doc>Verifies that the length of the given item is correct.</doc>
<msg timestamp="20250806 09:42:48.828" level="INFO">Length is 12</msg>
<status status="PASS" starttime="20250806 09:42:48.828" endtime="20250806 09:42:48.828"/>
</kw>
<kw name="Catenate" library="BuiltIn">
<var>${Reference Site Code Value}</var>
<arg>SEPARATOR=</arg>
<arg>BSIF_</arg>
<arg>${current_datetime}</arg>
<doc>Catenates the given items together and returns the resulted string.</doc>
<msg timestamp="20250806 09:42:48.828" level="INFO">${Reference Site Code Value} = BSIF_202508060942</msg>
<status status="PASS" starttime="20250806 09:42:48.828" endtime="20250806 09:42:48.828"/>
</kw>
<kw name="Set Global Variable" library="BuiltIn">
<arg>${Reference Site Code Value}</arg>
<doc>Makes a variable available globally in all tests and suites.</doc>
<msg timestamp="20250806 09:42:48.828" level="INFO">${Reference Site Code Value} = BSIF_202508060942</msg>
<status status="PASS" starttime="20250806 09:42:48.828" endtime="20250806 09:42:48.828"/>
</kw>
<kw name="Log" library="BuiltIn">
<arg>${Reference Site Code Value}</arg>
<doc>Logs the given message with the given level.</doc>
<msg timestamp="20250806 09:42:48.828" level="INFO">BSIF_202508060942</msg>
<status status="PASS" starttime="20250806 09:42:48.828" endtime="20250806 09:42:48.828"/>
</kw>
<status status="PASS" starttime="20250806 09:42:48.828" endtime="20250806 09:42:48.828"/>
</kw>
<kw name="Write Value To Excel" library="Excel_Template">
<kw name="Open Workbook" library="RPA.Excel.Files">
<arg>${DESTINATION_FILE}</arg>
<doc>Open an existing Excel workbook.</doc>
<msg timestamp="20250806 09:42:48.844" level="INFO">Opened workbook: &lt;RPA.Excel.Files.XlsWorkbook object at 0x00000214CAF0BF08&gt;</msg>
<status status="PASS" starttime="20250806 09:42:48.828" endtime="20250806 09:42:48.844"/>
</kw>
<kw name="Set Cell Value" library="RPA.Excel.Files">
<arg>row=3</arg>
<arg>column=4</arg>
<arg>value=${Reference Site Code Value}</arg>
<doc>Set a cell value in the given worksheet.</doc>
<status status="PASS" starttime="20250806 09:42:48.844" endtime="20250806 09:42:48.912"/>
</kw>
<kw name="Save Workbook" library="RPA.Excel.Files">
<doc>Save the active workbook.</doc>
<status status="PASS" starttime="20250806 09:42:48.913" endtime="20250806 09:42:48.962"/>
</kw>
<kw name="Close Workbook" library="RPA.Excel.Files">
<doc>Close the active workbook.</doc>
<msg timestamp="20250806 09:42:48.962" level="INFO">Closing workbook: &lt;RPA.Excel.Files.XlsWorkbook object at 0x00000214CAF0BF08&gt;</msg>
<status status="PASS" starttime="20250806 09:42:48.962" endtime="20250806 09:42:48.962"/>
</kw>
<status status="PASS" starttime="20250806 09:42:48.828" endtime="20250806 09:42:48.962"/>
</kw>
<kw name="Log" library="BuiltIn">
<arg>${FULL_TIMESTAMP}</arg>
<doc>Logs the given message with the given level.</doc>
<msg timestamp="20250806 09:42:48.962" level="INFO">2025-08-06_09:42</msg>
<status status="PASS" starttime="20250806 09:42:48.962" endtime="20250806 09:42:48.962"/>
</kw>
<kw name="Write Value Reference Site Code" library="Excel_Template">
<kw name="Open Workbook" library="RPA.Excel.Files">
<arg>${SOURCE_FILE}</arg>
<doc>Open an existing Excel workbook.</doc>
<msg timestamp="20250806 09:42:48.976" level="INFO">Opened workbook: &lt;RPA.Excel.Files.XlsxWorkbook object at 0x00000214CB084648&gt;</msg>
<status status="PASS" starttime="20250806 09:42:48.962" endtime="20250806 09:42:48.976"/>
</kw>
<kw name="Set Cell Value" library="RPA.Excel.Files">
<arg>row=2</arg>
<arg>column=16</arg>
<arg>value=${Reference Site Code Value}</arg>
<doc>Set a cell value in the given worksheet.</doc>
<status status="PASS" starttime="20250806 09:42:48.976" endtime="20250806 09:42:48.976"/>
</kw>
<kw name="Save Workbook" library="RPA.Excel.Files">
<doc>Save the active workbook.</doc>
<status status="PASS" starttime="20250806 09:42:48.976" endtime="20250806 09:42:49.047"/>
</kw>
<kw name="Close Workbook" library="RPA.Excel.Files">
<doc>Close the active workbook.</doc>
<msg timestamp="20250806 09:42:49.047" level="INFO">Closing workbook: &lt;RPA.Excel.Files.XlsxWorkbook object at 0x00000214CB084648&gt;</msg>
<status status="PASS" starttime="20250806 09:42:49.047" endtime="20250806 09:42:49.047"/>
</kw>
<status status="PASS" starttime="20250806 09:42:48.962" endtime="20250806 09:42:49.047"/>
</kw>
<kw name="Write Value Running Date" library="Excel_Template">
<arg>${FULL_TIMESTAMP}</arg>
<kw name="Open Workbook" library="RPA.Excel.Files">
<arg>${SOURCE_FILE}</arg>
<doc>Open an existing Excel workbook.</doc>
<msg timestamp="20250806 09:42:49.055" level="INFO">Opened workbook: &lt;RPA.Excel.Files.XlsxWorkbook object at 0x00000214CB16C348&gt;</msg>
<status status="PASS" starttime="20250806 09:42:49.052" endtime="20250806 09:42:49.055"/>
</kw>
<kw name="Set Cell Value" library="RPA.Excel.Files">
<arg>row=2</arg>
<arg>column=14</arg>
<arg>value=${current_datetime}</arg>
<doc>Set a cell value in the given worksheet.</doc>
<status status="PASS" starttime="20250806 09:42:49.055" endtime="20250806 09:42:49.055"/>
</kw>
<kw name="Save Workbook" library="RPA.Excel.Files">
<doc>Save the active workbook.</doc>
<status status="PASS" starttime="20250806 09:42:49.055" endtime="20250806 09:42:49.121"/>
</kw>
<kw name="Close Workbook" library="RPA.Excel.Files">
<doc>Close the active workbook.</doc>
<msg timestamp="20250806 09:42:49.121" level="INFO">Closing workbook: &lt;RPA.Excel.Files.XlsxWorkbook object at 0x00000214CB16C348&gt;</msg>
<status status="PASS" starttime="20250806 09:42:49.121" endtime="20250806 09:42:49.121"/>
</kw>
<status status="PASS" starttime="20250806 09:42:49.052" endtime="20250806 09:42:49.121"/>
</kw>
<kw name="Write Value To Excel Result" library="Excel_Template">
<arg>Fail</arg>
<kw name="Open Workbook" library="RPA.Excel.Files">
<arg>${SOURCE_FILE}</arg>
<doc>Open an existing Excel workbook.</doc>
<msg timestamp="20250806 09:42:49.143" level="INFO">Opened workbook: &lt;RPA.Excel.Files.XlsxWorkbook object at 0x00000214CB188608&gt;</msg>
<status status="PASS" starttime="20250806 09:42:49.121" endtime="20250806 09:42:49.143"/>
</kw>
<kw name="Set Cell Value" library="RPA.Excel.Files">
<arg>row=2</arg>
<arg>column=20</arg>
<arg>value=${Step}</arg>
<doc>Set a cell value in the given worksheet.</doc>
<status status="PASS" starttime="20250806 09:42:49.143" endtime="20250806 09:42:49.143"/>
</kw>
<kw name="Save Workbook" library="RPA.Excel.Files">
<doc>Save the active workbook.</doc>
<status status="PASS" starttime="20250806 09:42:49.143" endtime="20250806 09:42:49.200"/>
</kw>
<kw name="Close Workbook" library="RPA.Excel.Files">
<doc>Close the active workbook.</doc>
<msg timestamp="20250806 09:42:49.200" level="INFO">Closing workbook: &lt;RPA.Excel.Files.XlsxWorkbook object at 0x00000214CB188608&gt;</msg>
<status status="PASS" starttime="20250806 09:42:49.200" endtime="20250806 09:42:49.200"/>
</kw>
<status status="PASS" starttime="20250806 09:42:49.121" endtime="20250806 09:42:49.200"/>
</kw>
<doc>เตรียมข้อมูลสำหรับทดสอบ 1.สร้าง Reference Site Code 2.สร้างวันที่และเวลา</doc>
<tag>Standard_Test</tag>
<status status="PASS" starttime="20250806 09:42:48.729" endtime="20250806 09:42:49.200"/>
</test>
<test id="s1-s1-t2" name="[2] สามารถล็อคอินเข้าสู่ระบบ Transporter" line="21">
<kw name="Your connection is not private" library="login_keywords">
<kw name="Click Button" library="SeleniumLibrary">
<arg>id=details-button</arg>
<doc>Clicks the button identified by ``locator``.</doc>
<msg timestamp="20250806 09:42:49.214" level="INFO">Clicking button 'id=details-button'.</msg>
<status status="PASS" starttime="20250806 09:42:49.214" endtime="20250806 09:42:49.303"/>
</kw>
<kw name="Set Selenium Timeout" library="SeleniumLibrary">
<arg>3 seconds</arg>
<doc>Sets the timeout that is used by various keywords.</doc>
<status status="PASS" starttime="20250806 09:42:49.303" endtime="20250806 09:42:49.303"/>
</kw>
<kw name="Click Link" library="SeleniumLibrary">
<arg>id=proceed-link</arg>
<doc>Clicks a link identified by ``locator``.</doc>
<msg timestamp="20250806 09:42:49.303" level="INFO">Clicking link 'id=proceed-link'.</msg>
<status status="PASS" starttime="20250806 09:42:49.303" endtime="20250806 09:42:49.376"/>
</kw>
<kw name="Set Selenium Timeout" library="SeleniumLibrary">
<arg>3 seconds</arg>
<doc>Sets the timeout that is used by various keywords.</doc>
<status status="PASS" starttime="20250806 09:42:49.377" endtime="20250806 09:42:49.379"/>
</kw>
<status status="PASS" starttime="20250806 09:42:49.214" endtime="20250806 09:42:49.379"/>
</kw>
<kw name="Transporter_Login" library="login_keywords">
<arg>${SSR Create Draft Site Code USER}</arg>
<arg>${SSR Create Draft Site Code PASS}</arg>
<kw name="Input Text" library="SeleniumLibrary">
<arg>id=loginForm:username</arg>
<arg>${username}</arg>
<doc>Types the given ``text`` into the text field identified by ``locator``.</doc>
<msg timestamp="20250806 09:42:49.382" level="INFO">Typing text 'arnonkus' into text field 'id=loginForm:username'.</msg>
<status status="PASS" starttime="20250806 09:42:49.382" endtime="20250806 09:42:49.743"/>
</kw>
<kw name="Input Text" library="SeleniumLibrary">
<arg>id=loginForm:password</arg>
<arg>${password}</arg>
<doc>Types the given ``text`` into the text field identified by ``locator``.</doc>
<msg timestamp="20250806 09:42:49.743" level="INFO">Typing text '123' into text field 'id=loginForm:password'.</msg>
<status status="PASS" starttime="20250806 09:42:49.743" endtime="20250806 09:42:49.828"/>
</kw>
<kw name="Click Button" library="SeleniumLibrary">
<arg>xpath=${LOGIN BUTTON}</arg>
<doc>Clicks the button identified by ``locator``.</doc>
<msg timestamp="20250806 09:42:49.828" level="INFO">Clicking button 'xpath=//*[@id="loginForm:login"]'.</msg>
<status status="PASS" starttime="20250806 09:42:49.828" endtime="20250806 09:42:50.547"/>
</kw>
<status status="PASS" starttime="20250806 09:42:49.380" endtime="20250806 09:42:50.548"/>
</kw>
<kw name="Welcome Page Should Be Open" library="login_keywords">
<arg>${LOGIN TITLE}</arg>
<kw name="Title Should Be" library="SeleniumLibrary">
<arg>${Title}</arg>
<doc>Verifies that the current page title equals ``title``.</doc>
<msg timestamp="20250806 09:42:50.554" level="INFO">Page title is 'Transporter Web (TPT)'.</msg>
<status status="PASS" starttime="20250806 09:42:50.549" endtime="20250806 09:42:50.556"/>
</kw>
<status status="PASS" starttime="20250806 09:42:50.548" endtime="20250806 09:42:50.556"/>
</kw>
<kw name="Sleep" library="BuiltIn">
<arg>1 seconds</arg>
<doc>Pauses the test executed for the given time.</doc>
<msg timestamp="20250806 09:42:51.564" level="INFO">Slept 1 second</msg>
<status status="PASS" starttime="20250806 09:42:50.556" endtime="20250806 09:42:51.564"/>
</kw>
<doc>ล็อคอินเข้าสู่ระบบ Transporter สร้าง Draft Site Code</doc>
<tag>Standard_Test</tag>
<status status="PASS" starttime="20250806 09:42:49.214" endtime="20250806 09:42:51.568"/>
</test>
<test id="s1-s1-t3" name="[3] สามารถกดเมนู Site Management Menu และ สามารถกด Create Draft Site Code Menu ได้" line="29">
<kw name="Click Menu List" library="menu_keywords">
<kw name="Click Element" library="SeleniumLibrary">
<arg>xpath=${Menu List}</arg>
<doc>Click the element identified by ``locator``.</doc>
<msg timestamp="20250806 09:42:51.584" level="INFO">Clicking element 'xpath=//form/div[1]/table/tbody/tr/td[1]/img'.</msg>
<status status="PASS" starttime="20250806 09:42:51.582" endtime="20250806 09:42:51.677"/>
</kw>
<status status="PASS" starttime="20250806 09:42:51.582" endtime="20250806 09:42:51.677"/>
</kw>
<kw name="Select Menu" library="menu_keywords">
<arg>${Site Management Menu ID}</arg>
<kw name="Execute Javascript" library="SeleniumLibrary">
<arg>document.getElementById("${Menu}").click()</arg>
<doc>Executes the given JavaScript code with possible arguments.</doc>
<msg timestamp="20250806 09:42:51.679" level="INFO">Executing JavaScript:
document.getElementById("iconheader:frmMenu:SiteManagement").click()
Without any arguments.</msg>
<status status="PASS" starttime="20250806 09:42:51.679" endtime="20250806 09:42:51.686"/>
</kw>
<kw name="Sleep" library="BuiltIn">
<arg>1 seconds</arg>
<doc>Pauses the test executed for the given time.</doc>
<msg timestamp="20250806 09:42:52.688" level="INFO">Slept 1 second</msg>
<status status="PASS" starttime="20250806 09:42:51.686" endtime="20250806 09:42:52.688"/>
</kw>
<status status="PASS" starttime="20250806 09:42:51.678" endtime="20250806 09:42:52.690"/>
</kw>
<kw name="Select Menu" library="menu_keywords">
<arg>${Create Draft Site Code Menu ID}</arg>
<kw name="Execute Javascript" library="SeleniumLibrary">
<arg>document.getElementById("${Menu}").click()</arg>
<doc>Executes the given JavaScript code with possible arguments.</doc>
<msg timestamp="20250806 09:42:52.698" level="INFO">Executing JavaScript:
document.getElementById("iconheader:frmMenu:CreateDraftSiteCode").click()
Without any arguments.</msg>
<status status="PASS" starttime="20250806 09:42:52.695" endtime="20250806 09:42:53.512"/>
</kw>
<kw name="Sleep" library="BuiltIn">
<arg>1 seconds</arg>
<doc>Pauses the test executed for the given time.</doc>
<msg timestamp="20250806 09:42:54.523" level="INFO">Slept 1 second</msg>
<status status="PASS" starttime="20250806 09:42:53.513" endtime="20250806 09:42:54.523"/>
</kw>
<status status="PASS" starttime="20250806 09:42:52.691" endtime="20250806 09:42:54.523"/>
</kw>
<kw name="Click Import" library="create_draft_site_code">
<kw name="Click Element" library="SeleniumLibrary">
<arg>xpath=${Import Create Draft Site Code}</arg>
<doc>Click the element identified by ``locator``.</doc>
<msg timestamp="20250806 09:42:54.525" level="INFO">Clicking element 'xpath=//form/table/tbody/tr/td[2]/input[1]'.</msg>
<status status="PASS" starttime="20250806 09:42:54.525" endtime="20250806 09:42:55.103"/>
</kw>
<kw name="Wait Until Page Contains" library="SeleniumLibrary">
<arg>Import Site Information</arg>
<arg>timeout=15s</arg>
<doc>Waits until ``text`` appears on the current page.</doc>
<status status="PASS" starttime="20250806 09:42:55.104" endtime="20250806 09:42:55.133"/>
</kw>
<status status="PASS" starttime="20250806 09:42:54.524" endtime="20250806 09:42:55.134"/>
</kw>
<kw name="Click Search Proforma No" library="create_draft_site_code">
<kw name="Click Element" library="SeleniumLibrary">
<arg>xpath=${Search Proforma No}</arg>
<doc>Click the element identified by ``locator``.</doc>
<msg timestamp="20250806 09:42:55.135" level="INFO">Clicking element 'xpath=//form/fieldset[2]/table/tbody/tr[2]/td[3]/input[2]'.</msg>
<status status="PASS" starttime="20250806 09:42:55.135" endtime="20250806 09:42:55.216"/>
</kw>
<kw name="Wait Until Element Is Visible" library="SeleniumLibrary">
<arg>xpath=${Proferma No Input}</arg>
<arg>timeout=10s</arg>
<doc>Waits until the element ``locator`` is visible.</doc>
<status status="PASS" starttime="20250806 09:42:55.216" endtime="20250806 09:42:55.471"/>
</kw>
<status status="PASS" starttime="20250806 09:42:55.134" endtime="20250806 09:42:55.471"/>
</kw>
<kw name="Get Column Values By Name" library="Excel_Template">
<var>${Proferma No List}</var>
<arg>Proferma_No</arg>
<kw name="Open Workbook" library="RPA.Excel.Files">
<arg>${SOURCE_FILE}</arg>
<doc>Open an existing Excel workbook.</doc>
<msg timestamp="20250806 09:42:55.482" level="INFO">Opened workbook: &lt;RPA.Excel.Files.XlsxWorkbook object at 0x00000214B867D408&gt;</msg>
<status status="PASS" starttime="20250806 09:42:55.473" endtime="20250806 09:42:55.482"/>
</kw>
<kw name="Read Worksheet As Table" library="RPA.Excel.Files">
<var>${rows}</var>
<arg>header=True</arg>
<doc>Read the contents of a worksheet into a Table container. Allows
sorting/filtering/manipulating using the ``RPA.Tables`` library.</doc>
<msg timestamp="20250806 09:42:55.482" level="INFO">Created table: Table(columns=['Test_Case_ID', 'Proferma_No', 'Import_Site_Template_File', 'SSR_Routing_Submitted_Latitude_Start', 'SSR_Routing_Submitted_Latitude_End', 'SSR_Routing_Submitted_Longitude_Start', 'SSR_Routing_Submitted_Longitude_End', 'SSR_Routing_Submitted_Cable_Distance', 'SSR_Routing_Submitted_Upload_File', 'DD_Submitted_Upload_file', 'Permission_Start_Submitted_Upload_file', 'PAT_BOQ_Submitted_Upload_file', 'FAT_Permission_iGIS_Submitted_Upload_file', 'Date Running', 'Run_Status', 'Reference_Site_Code', 'SSR_ID', 'Pre-PR', 'PO', 'Result'], rows=1)</msg>
<msg timestamp="20250806 09:42:55.482" level="INFO">${rows} = Table(columns=['Test_Case_ID', 'Proferma_No', 'Import_Site_Template_File', 'SSR_Routing_Submitted_Latitude_Start', 'SSR_Routing_Submitted_Latitude_End', 'SSR_Routing_Submitted_Longitude_Start', 'SSR_R...</msg>
<status status="PASS" starttime="20250806 09:42:55.482" endtime="20250806 09:42:55.482"/>
</kw>
<kw name="Create List" library="BuiltIn">
<var>${values}</var>
<doc>Returns a list containing given items.</doc>
<msg timestamp="20250806 09:42:55.484" level="INFO">${values} = []</msg>
<status status="PASS" starttime="20250806 09:42:55.482" endtime="20250806 09:42:55.484"/>
</kw>
<for flavor="IN">
<var>${row}</var>
<value>@{rows}</value>
<iter>
<var name="${row}">{'Test_Case_ID': '001', 'Proferma_No': 1010001072, 'Import_Site_Template_File': 'Import_Site_Template_Proforma OSP.xls', 'SSR_Routing_Submitted_Latitude_Start': 4.12345, 'SSR_Routing_Submitted_Latitud...</var>
<kw name="Get From Dictionary" library="Collections">
<var>${value}</var>
<arg>${row}</arg>
<arg>${column_name}</arg>
<doc>Returns a value from the given ``dictionary`` based on the given ``key``.</doc>
<msg timestamp="20250806 09:42:55.484" level="INFO">${value} = 1010001072</msg>
<status status="PASS" starttime="20250806 09:42:55.484" endtime="20250806 09:42:55.484"/>
</kw>
<kw name="Append To List" library="Collections">
<arg>${values}</arg>
<arg>${value}</arg>
<doc>Adds ``values`` to the end of ``list``.</doc>
<status status="PASS" starttime="20250806 09:42:55.484" endtime="20250806 09:42:55.484"/>
</kw>
<status status="PASS" starttime="20250806 09:42:55.484" endtime="20250806 09:42:55.484"/>
</iter>
<status status="PASS" starttime="20250806 09:42:55.484" endtime="20250806 09:42:55.484"/>
</for>
<kw name="Close Workbook" library="RPA.Excel.Files">
<doc>Close the active workbook.</doc>
<msg timestamp="20250806 09:42:55.484" level="INFO">Closing workbook: &lt;RPA.Excel.Files.XlsxWorkbook object at 0x00000214B867D408&gt;</msg>
<status status="PASS" starttime="20250806 09:42:55.484" endtime="20250806 09:42:55.484"/>
</kw>
<msg timestamp="20250806 09:42:55.484" level="INFO">${Proferma No List} = [1010001072]</msg>
<status status="PASS" starttime="20250806 09:42:55.473" endtime="20250806 09:42:55.484"/>
</kw>
<kw name="Set Variable" library="BuiltIn">
<var>${Proferma No}</var>
<arg>${Proferma No List[0]}</arg>
<doc>Returns the given values which can then be assigned to a variables.</doc>
<msg timestamp="20250806 09:42:55.484" level="INFO">${Proferma No} = 1010001072</msg>
<status status="PASS" starttime="20250806 09:42:55.484" endtime="20250806 09:42:55.484"/>
</kw>
<kw name="Log" library="BuiltIn">
<arg>Proferma No :&gt;&gt;&gt;${Proferma No}</arg>
<doc>Logs the given message with the given level.</doc>
<msg timestamp="20250806 09:42:55.484" level="INFO">Proferma No :&gt;&gt;&gt;1010001072</msg>
<status status="PASS" starttime="20250806 09:42:55.484" endtime="20250806 09:42:55.484"/>
</kw>
<kw name="Search Proforma No" library="create_draft_site_code">
<arg>${Proferma No}</arg>
<kw name="Input Text" library="SeleniumLibrary">
<arg>xpath=${Proferma No Input}</arg>
<arg>${Proferma Number}</arg>
<doc>Types the given ``text`` into the text field identified by ``locator``.</doc>
<msg timestamp="20250806 09:42:55.484" level="INFO">Typing text '1010001072' into text field 'xpath=//div/div[2]/table/tbody/tr[2]/td/form/div[1]/div/fieldset/table[1]/tbody/tr[3]/td[3]/input'.</msg>
<status status="PASS" starttime="20250806 09:42:55.484" endtime="20250806 09:42:55.615"/>
</kw>
<kw name="Click Element" library="SeleniumLibrary">
<arg>xpath=${Proferma Serach Button}</arg>
<doc>Click the element identified by ``locator``.</doc>
<msg timestamp="20250806 09:42:55.615" level="INFO">Clicking element 'xpath=//div[2]/div[2]/div/div[2]/table/tbody/tr[2]/td/form/div[1]/div/fieldset/table[2]/tbody/tr[1]/td/input[1]'.</msg>
<status status="PASS" starttime="20250806 09:42:55.615" endtime="20250806 09:42:55.665"/>
</kw>
<kw name="Wait Until Element Is Visible" library="SeleniumLibrary">
<arg>xpath=${First Proferma No}</arg>
<arg>timeout=15s</arg>
<doc>Waits until the element ``locator`` is visible.</doc>
<status status="PASS" starttime="20250806 09:42:55.666" endtime="20250806 09:42:55.899"/>
</kw>
<kw name="Click Element" library="SeleniumLibrary">
<arg>xpath=${First Proferma No}</arg>
<doc>Click the element identified by ``locator``.</doc>
<msg timestamp="20250806 09:42:55.899" level="INFO">Clicking element 'xpath=//div[2]/table/tbody/tr[2]/td/form/div[1]/div/span/fieldset/span/div[2]/table/tbody/tr/td[2]/div/a'.</msg>
<status status="PASS" starttime="20250806 09:42:55.899" endtime="20250806 09:42:56.061"/>
</kw>
<status status="PASS" starttime="20250806 09:42:55.484" endtime="20250806 09:42:56.061"/>
</kw>
<kw name="Click Budget Check List" library="create_draft_site_code">
<kw name="Click Element" library="SeleniumLibrary">
<arg>xpath=${Serach Budget Check List}</arg>
<doc>Click the element identified by ``locator``.</doc>
<msg timestamp="20250806 09:42:56.063" level="INFO">Clicking element 'xpath=//tbody/tr/td/form/fieldset[2]/table/tbody/tr[7]/td[3]/input[2]'.</msg>
<status status="PASS" starttime="20250806 09:42:56.063" endtime="20250806 09:42:56.320"/>
</kw>
<kw name="Wait Until Element Is Visible" library="SeleniumLibrary">
<arg>xpath=${Purchase Cat Group}</arg>
<arg>timeout=10s</arg>
<doc>Waits until the element ``locator`` is visible.</doc>
<status status="PASS" starttime="20250806 09:42:56.321" endtime="20250806 09:42:56.567"/>
</kw>
<status status="PASS" starttime="20250806 09:42:56.062" endtime="20250806 09:42:56.567"/>
</kw>
<kw name="Search Budget Check List" library="create_draft_site_code">
<arg>${Telecom-Radio}</arg>
<arg>${Service Management Fee}</arg>
<arg>${Installation Upgrade Optimization}</arg>
<arg>${4G}</arg>
<arg>${Telecom}</arg>
<arg>${AWN}</arg>
<kw name="Click Element" library="SeleniumLibrary">
<arg>xpath=${Purchase Cat Group}</arg>
<doc>Click the element identified by ``locator``.</doc>
<msg timestamp="20250806 09:42:56.567" level="INFO">Clicking element 'xpath=//div[2]/div[2]/div/div[2]/table/tbody/tr[2]/td/form/div[1]/div/fieldset/table[1]/tbody/tr[3]/td[3]/select'.</msg>
<status status="PASS" starttime="20250806 09:42:56.567" endtime="20250806 09:42:56.634"/>
</kw>
<kw name="Click Element" library="SeleniumLibrary">
<arg>xpath=${Select Purchase Cat Group}</arg>
<doc>Click the element identified by ``locator``.</doc>
<msg timestamp="20250806 09:42:56.635" level="INFO">Clicking element 'xpath=//*[@id="purchasePopupId:popupPurchasefrom:purchaseCatGroupId"]/option[6]'.</msg>
<status status="PASS" starttime="20250806 09:42:56.634" endtime="20250806 09:42:56.692"/>
</kw>
<kw name="Sleep" library="BuiltIn">
<arg>0.5 seconds</arg>
<doc>Pauses the test executed for the given time.</doc>
<msg timestamp="20250806 09:42:57.200" level="INFO">Slept 500 milliseconds</msg>
<status status="PASS" starttime="20250806 09:42:56.692" endtime="20250806 09:42:57.200"/>
</kw>
<kw name="Click Element" library="SeleniumLibrary">
<arg>xpath=${Purchase Cat}</arg>
<doc>Click the element identified by ``locator``.</doc>
<msg timestamp="20250806 09:42:57.200" level="INFO">Clicking element 'xpath=//div[2]/div[2]/div/div[2]/table/tbody/tr[2]/td/form/div[1]/div/fieldset/table[1]/tbody/tr[3]/td[6]/select'.</msg>
<status status="PASS" starttime="20250806 09:42:57.200" endtime="20250806 09:42:57.262"/>
</kw>
<kw name="Click Element" library="SeleniumLibrary">
<arg>xpath=${Select Purchase Cat}</arg>
<doc>Click the element identified by ``locator``.</doc>
<msg timestamp="20250806 09:42:57.262" level="INFO">Clicking element 'xpath=//tr[2]/td/form/div[1]/div/fieldset/table[1]/tbody/tr[3]/td[6]/select/option[2]'.</msg>
<status status="PASS" starttime="20250806 09:42:57.262" endtime="20250806 09:42:57.319"/>
</kw>
<kw name="Sleep" library="BuiltIn">
<arg>0.5 seconds</arg>
<doc>Pauses the test executed for the given time.</doc>
<msg timestamp="20250806 09:42:57.830" level="INFO">Slept 500 milliseconds</msg>
<status status="PASS" starttime="20250806 09:42:57.319" endtime="20250806 09:42:57.830"/>
</kw>
<kw name="Click Element" library="SeleniumLibrary">
<arg>xpath=${Action Type}</arg>
<doc>Click the element identified by ``locator``.</doc>
<msg timestamp="20250806 09:42:57.830" level="INFO">Clicking element 'xpath=//div[2]/div[2]/div/div[2]/table/tbody/tr[2]/td/form/div[1]/div/fieldset/table[1]/tbody/tr[4]/td[3]/select'.</msg>
<status status="PASS" starttime="20250806 09:42:57.830" endtime="20250806 09:42:57.895"/>
</kw>
<kw name="Click Element" library="SeleniumLibrary">
<arg>xpath=${Select Action Type}</arg>
<doc>Click the element identified by ``locator``.</doc>
<msg timestamp="20250806 09:42:57.896" level="INFO">Clicking element 'xpath=//*[@id="purchasePopupId:popupPurchasefrom:actionTypeId"]/option[2]'.</msg>
<status status="PASS" starttime="20250806 09:42:57.895" endtime="20250806 09:42:57.945"/>
</kw>
<kw name="Sleep" library="BuiltIn">
<arg>0.5 seconds</arg>
<doc>Pauses the test executed for the given time.</doc>
<msg timestamp="20250806 09:42:58.447" level="INFO">Slept 500 milliseconds</msg>
<status status="PASS" starttime="20250806 09:42:57.946" endtime="20250806 09:42:58.447"/>
</kw>
<kw name="Click Element" library="SeleniumLibrary">
<arg>xpath=${System Type}</arg>
<doc>Click the element identified by ``locator``.</doc>
<msg timestamp="20250806 09:42:58.447" level="INFO">Clicking element 'xpath=//div[2]/div[2]/div/div[2]/table/tbody/tr[2]/td/form/div[1]/div/fieldset/table[1]/tbody/tr[4]/td[6]/select'.</msg>
<status status="PASS" starttime="20250806 09:42:58.447" endtime="20250806 09:42:58.562"/>
</kw>
<kw name="Click Element" library="SeleniumLibrary">
<arg>xpath=${Select System Type}</arg>
<doc>Click the element identified by ``locator``.</doc>
<msg timestamp="20250806 09:42:58.564" level="INFO">Clicking element 'xpath=//div[2]/div[2]/div/div[2]/table/tbody/tr[2]/td/form/div[1]/div/fieldset/table[1]/tbody/tr[4]/td[6]/select/option[4]'.</msg>
<status status="PASS" starttime="20250806 09:42:58.564" endtime="20250806 09:42:58.600"/>
</kw>
<kw name="Sleep" library="BuiltIn">
<arg>0.5 seconds</arg>
<doc>Pauses the test executed for the given time.</doc>
<msg timestamp="20250806 09:42:59.114" level="INFO">Slept 500 milliseconds</msg>
<status status="PASS" starttime="20250806 09:42:58.601" endtime="20250806 09:42:59.114"/>
</kw>
<kw name="Click Element" library="SeleniumLibrary">
<arg>xpath=${Service Code}</arg>
<doc>Click the element identified by ``locator``.</doc>
<msg timestamp="20250806 09:42:59.114" level="INFO">Clicking element 'xpath=//div[2]/div[2]/div/div[2]/table/tbody/tr[2]/td/form/div[1]/div/fieldset/table[1]/tbody/tr[5]/td[3]/select'.</msg>
<status status="PASS" starttime="20250806 09:42:59.114" endtime="20250806 09:42:59.179"/>
</kw>
<kw name="Click Element" library="SeleniumLibrary">
<arg>xpath=${Select Service Code}</arg>
<doc>Click the element identified by ``locator``.</doc>
<msg timestamp="20250806 09:42:59.179" level="INFO">Clicking element 'xpath=//table/tbody/tr[2]/td/form/div[1]/div/fieldset/table[1]/tbody/tr[5]/td[3]/select/option[2]'.</msg>
<status status="PASS" starttime="20250806 09:42:59.179" endtime="20250806 09:42:59.273"/>
</kw>
<kw name="Sleep" library="BuiltIn">
<arg>0.5 seconds</arg>
<doc>Pauses the test executed for the given time.</doc>
<msg timestamp="20250806 09:42:59.786" level="INFO">Slept 500 milliseconds</msg>
<status status="PASS" starttime="20250806 09:42:59.273" endtime="20250806 09:42:59.786"/>
</kw>
<kw name="Click Element" library="SeleniumLibrary">
<arg>xpath=${Company Code}</arg>
<doc>Click the element identified by ``locator``.</doc>
<msg timestamp="20250806 09:42:59.788" level="INFO">Clicking element 'xpath=//div[2]/div[2]/div/div[2]/table/tbody/tr[2]/td/form/div[1]/div/fieldset/table[1]/tbody/tr[5]/td[6]/select'.</msg>
<status status="PASS" starttime="20250806 09:42:59.786" endtime="20250806 09:42:59.893"/>
</kw>
<kw name="Click Element" library="SeleniumLibrary">
<arg>xpath=${Select Company Code}</arg>
<doc>Click the element identified by ``locator``.</doc>
<msg timestamp="20250806 09:42:59.894" level="INFO">Clicking element 'xpath=//table/tbody/tr[2]/td/form/div[1]/div/fieldset/table[1]/tbody/tr[5]/td[6]/select/option[2]'.</msg>
<status status="PASS" starttime="20250806 09:42:59.893" endtime="20250806 09:42:59.922"/>
</kw>
<kw name="Sleep" library="BuiltIn">
<arg>0.5 seconds</arg>
<doc>Pauses the test executed for the given time.</doc>
<msg timestamp="20250806 09:43:00.436" level="INFO">Slept 500 milliseconds</msg>
<status status="PASS" starttime="20250806 09:42:59.922" endtime="20250806 09:43:00.436"/>
</kw>
<status status="PASS" starttime="20250806 09:42:56.567" endtime="20250806 09:43:00.436"/>
</kw>
<kw name="Clck Search Purchase" library="create_draft_site_code">
<kw name="Click Element" library="SeleniumLibrary">
<arg>xpath=${Purchase Serach}</arg>
<doc>Click the element identified by ``locator``.</doc>
<msg timestamp="20250806 09:43:00.436" level="INFO">Clicking element 'xpath=//div[2]/div[2]/div/div[2]/table/tbody/tr[2]/td/form/div[1]/div/fieldset/table[2]/tbody/tr[1]/td/input[1]'.</msg>
<status status="PASS" starttime="20250806 09:43:00.436" endtime="20250806 09:43:00.643"/>
</kw>
<kw name="Wait Until Element Is Visible" library="SeleniumLibrary">
<arg>xpath=${First Purchase Row Select}</arg>
<arg>timeout=10s</arg>
<doc>Waits until the element ``locator`` is visible.</doc>
<status status="PASS" starttime="20250806 09:43:00.643" endtime="20250806 09:43:00.928"/>
</kw>
<status status="PASS" starttime="20250806 09:43:00.436" endtime="20250806 09:43:00.928"/>
</kw>
<kw name="Select Purchase Cat Group" library="create_draft_site_code">
<kw name="Click Element" library="SeleniumLibrary">
<arg>xpath=${First Purchase Row Select}</arg>
<doc>Click the element identified by ``locator``.</doc>
<msg timestamp="20250806 09:43:00.928" level="INFO">Clicking element 'xpath=//div[2]/div[2]/div/div[2]/table/tbody/tr[2]/td/form/div[1]/div/span/fieldset/span/div[2]/table/tbody/tr[1]/td[2]/div/a'.</msg>
<status status="PASS" starttime="20250806 09:43:00.928" endtime="20250806 09:43:01.317"/>
</kw>
<kw name="Sleep" library="BuiltIn">
<arg>0.5 seconds</arg>
<doc>Pauses the test executed for the given time.</doc>
<msg timestamp="20250806 09:43:01.819" level="INFO">Slept 500 milliseconds</msg>
<status status="PASS" starttime="20250806 09:43:01.317" endtime="20250806 09:43:01.819"/>
</kw>
<status status="PASS" starttime="20250806 09:43:00.928" endtime="20250806 09:43:01.819"/>
</kw>
<kw name="Click Search Procurator" library="create_draft_site_code">
<kw name="Click Element" library="SeleniumLibrary">
<arg>xpath=${Click Search Procurator Button}</arg>
<doc>Click the element identified by ``locator``.</doc>
<msg timestamp="20250806 09:43:01.819" level="INFO">Clicking element 'xpath=//tbody/tr/td/form/fieldset[2]/table/tbody/tr[10]/td[4]/input'.</msg>
<status status="PASS" starttime="20250806 09:43:01.819" endtime="20250806 09:43:01.928"/>
</kw>
<kw name="Wait Until Element Is Visible" library="SeleniumLibrary">
<arg>xpath=${Workflow Type}</arg>
<arg>timeout=10s</arg>
<doc>Waits until the element ``locator`` is visible.</doc>
<status status="PASS" starttime="20250806 09:43:01.928" endtime="20250806 09:43:02.204"/>
</kw>
<status status="PASS" starttime="20250806 09:43:01.819" endtime="20250806 09:43:02.204"/>
</kw>
<kw name="Search Procurator" library="create_draft_site_code">
<arg>${FBB OSP for TPT III Auto PO}</arg>
<arg>${FBB OSP TPT3}</arg>
<arg>${BKK}</arg>
<kw name="Click Element" library="SeleniumLibrary">
<arg>xpath=${Workflow Type}</arg>
<doc>Click the element identified by ``locator``.</doc>
<msg timestamp="20250806 09:43:02.204" level="INFO">Clicking element 'xpath=//div[2]/div[2]/div/div[2]/table/tbody/tr[2]/td/form/div[1]/div/fieldset/table[1]/tbody/tr[3]/td[3]/select'.</msg>
<status status="PASS" starttime="20250806 09:43:02.204" endtime="20250806 09:43:02.286"/>
</kw>
<kw name="Click Element" library="SeleniumLibrary">
<arg>xpath=${Select Workflow Type}</arg>
<doc>Click the element identified by ``locator``.</doc>
<msg timestamp="20250806 09:43:02.286" level="INFO">Clicking element 'xpath=//table[1]/tbody/tr[3]/td[3]/select/option[28]'.</msg>
<status status="PASS" starttime="20250806 09:43:02.286" endtime="20250806 09:43:02.326"/>
</kw>
<kw name="Sleep" library="BuiltIn">
<arg>0.5 seconds</arg>
<doc>Pauses the test executed for the given time.</doc>
<msg timestamp="20250806 09:43:02.841" level="INFO">Slept 500 milliseconds</msg>
<status status="PASS" starttime="20250806 09:43:02.326" endtime="20250806 09:43:02.841"/>
</kw>
<kw name="Click Element" library="SeleniumLibrary">
<arg>xpath=${SSR Type}</arg>
<doc>Click the element identified by ``locator``.</doc>
<msg timestamp="20250806 09:43:02.841" level="INFO">Clicking element 'xpath=//div[2]/div[2]/div/div[2]/table/tbody/tr[2]/td/form/div[1]/div/fieldset/table[1]/tbody/tr[3]/td[6]/select'.</msg>
<status status="PASS" starttime="20250806 09:43:02.841" endtime="20250806 09:43:02.964"/>
</kw>
<kw name="Click Element" library="SeleniumLibrary">
<arg>xpath=${Select SSR Type}</arg>
<doc>Click the element identified by ``locator``.</doc>
<msg timestamp="20250806 09:43:02.964" level="INFO">Clicking element 'xpath=//*[@id="viewProcuratorByCompanyCodePopupId:popupPurchasefrom:ssrTypeId"]/option[2]'.</msg>
<status status="PASS" starttime="20250806 09:43:02.964" endtime="20250806 09:43:02.994"/>
</kw>
<kw name="Sleep" library="BuiltIn">
<arg>0.5 seconds</arg>
<doc>Pauses the test executed for the given time.</doc>
<msg timestamp="20250806 09:43:03.503" level="INFO">Slept 500 milliseconds</msg>
<status status="PASS" starttime="20250806 09:43:02.994" endtime="20250806 09:43:03.503"/>
</kw>
<kw name="Click Element" library="SeleniumLibrary">
<arg>xpath=${Region}</arg>
<doc>Click the element identified by ``locator``.</doc>
<msg timestamp="20250806 09:43:03.503" level="INFO">Clicking element 'xpath=//div[2]/div[2]/div/div[2]/table/tbody/tr[2]/td/form/div[1]/div/fieldset/table[1]/tbody/tr[4]/td[3]/select'.</msg>
<status status="PASS" starttime="20250806 09:43:03.503" endtime="20250806 09:43:03.584"/>
</kw>
<kw name="Click Element" library="SeleniumLibrary">
<arg>xpath=${Select Region}</arg>
<doc>Click the element identified by ``locator``.</doc>
<msg timestamp="20250806 09:43:03.585" level="INFO">Clicking element 'xpath=//div[2]/div[2]/div/div[2]/table/tbody/tr[2]/td/form/div[1]/div/fieldset/table[1]/tbody/tr[4]/td[3]/select/option[2]'.</msg>
<status status="PASS" starttime="20250806 09:43:03.584" endtime="20250806 09:43:03.630"/>
</kw>
<kw name="Sleep" library="BuiltIn">
<arg>0.5 seconds</arg>
<doc>Pauses the test executed for the given time.</doc>
<msg timestamp="20250806 09:43:04.135" level="INFO">Slept 500 milliseconds</msg>
<status status="PASS" starttime="20250806 09:43:03.630" endtime="20250806 09:43:04.135"/>
</kw>
<kw name="Click Element" library="SeleniumLibrary">
<arg>xpath=${Click Procurator Search}</arg>
<doc>Click the element identified by ``locator``.</doc>
<msg timestamp="20250806 09:43:04.137" level="INFO">Clicking element 'xpath=//div[2]/div[2]/div/div[2]/table/tbody/tr[2]/td/form/div[1]/div/fieldset/table[2]/tbody/tr[1]/td/input[1]'.</msg>
<status status="PASS" starttime="20250806 09:43:04.137" endtime="20250806 09:43:04.286"/>
</kw>
<kw name="Wait Until Element Is Visible" library="SeleniumLibrary">
<arg>xpath=${First Row Procurator Select}</arg>
<arg>timeout=10s</arg>
<doc>Waits until the element ``locator`` is visible.</doc>
<status status="PASS" starttime="20250806 09:43:04.286" endtime="20250806 09:43:04.569"/>
</kw>
<kw name="Click Element" library="SeleniumLibrary">
<arg>xpath=${First Row Procurator Select}</arg>
<doc>Click the element identified by ``locator``.</doc>
<msg timestamp="20250806 09:43:04.569" level="INFO">Clicking element 'xpath=//div[2]/div[2]/div/div[2]/table/tbody/tr[2]/td/form/div[1]/div/span/fieldset/span/div[2]/table/tbody/tr/td[2]/div/a'.</msg>
<status status="PASS" starttime="20250806 09:43:04.569" endtime="20250806 09:43:04.919"/>
</kw>
<status status="PASS" starttime="20250806 09:43:02.204" endtime="20250806 09:43:04.919"/>
</kw>
<kw name="Get Column Values By Name" library="Excel_Template">
<var>${Import Site Template File List}</var>
<arg>Import_Site_Template_File</arg>
<kw name="Open Workbook" library="RPA.Excel.Files">
<arg>${SOURCE_FILE}</arg>
<doc>Open an existing Excel workbook.</doc>
<msg timestamp="20250806 09:43:04.930" level="INFO">Opened workbook: &lt;RPA.Excel.Files.XlsxWorkbook object at 0x00000214CB19DE08&gt;</msg>
<status status="PASS" starttime="20250806 09:43:04.919" endtime="20250806 09:43:04.930"/>
</kw>
<kw name="Read Worksheet As Table" library="RPA.Excel.Files">
<var>${rows}</var>
<arg>header=True</arg>
<doc>Read the contents of a worksheet into a Table container. Allows
sorting/filtering/manipulating using the ``RPA.Tables`` library.</doc>
<msg timestamp="20250806 09:43:04.931" level="INFO">Created table: Table(columns=['Test_Case_ID', 'Proferma_No', 'Import_Site_Template_File', 'SSR_Routing_Submitted_Latitude_Start', 'SSR_Routing_Submitted_Latitude_End', 'SSR_Routing_Submitted_Longitude_Start', 'SSR_Routing_Submitted_Longitude_End', 'SSR_Routing_Submitted_Cable_Distance', 'SSR_Routing_Submitted_Upload_File', 'DD_Submitted_Upload_file', 'Permission_Start_Submitted_Upload_file', 'PAT_BOQ_Submitted_Upload_file', 'FAT_Permission_iGIS_Submitted_Upload_file', 'Date Running', 'Run_Status', 'Reference_Site_Code', 'SSR_ID', 'Pre-PR', 'PO', 'Result'], rows=1)</msg>
<msg timestamp="20250806 09:43:04.931" level="INFO">${rows} = Table(columns=['Test_Case_ID', 'Proferma_No', 'Import_Site_Template_File', 'SSR_Routing_Submitted_Latitude_Start', 'SSR_Routing_Submitted_Latitude_End', 'SSR_Routing_Submitted_Longitude_Start', 'SSR_R...</msg>
<status status="PASS" starttime="20250806 09:43:04.931" endtime="20250806 09:43:04.931"/>
</kw>
<kw name="Create List" library="BuiltIn">
<var>${values}</var>
<doc>Returns a list containing given items.</doc>
<msg timestamp="20250806 09:43:04.932" level="INFO">${values} = []</msg>
<status status="PASS" starttime="20250806 09:43:04.931" endtime="20250806 09:43:04.932"/>
</kw>
<for flavor="IN">
<var>${row}</var>
<value>@{rows}</value>
<iter>
<var name="${row}">{'Test_Case_ID': '001', 'Proferma_No': 1010001072, 'Import_Site_Template_File': 'Import_Site_Template_Proforma OSP.xls', 'SSR_Routing_Submitted_Latitude_Start': 4.12345, 'SSR_Routing_Submitted_Latitud...</var>
<kw name="Get From Dictionary" library="Collections">
<var>${value}</var>
<arg>${row}</arg>
<arg>${column_name}</arg>
<doc>Returns a value from the given ``dictionary`` based on the given ``key``.</doc>
<msg timestamp="20250806 09:43:04.932" level="INFO">${value} = Import_Site_Template_Proforma OSP.xls</msg>
<status status="PASS" starttime="20250806 09:43:04.932" endtime="20250806 09:43:04.932"/>
</kw>
<kw name="Append To List" library="Collections">
<arg>${values}</arg>
<arg>${value}</arg>
<doc>Adds ``values`` to the end of ``list``.</doc>
<status status="PASS" starttime="20250806 09:43:04.932" endtime="20250806 09:43:04.933"/>
</kw>
<status status="PASS" starttime="20250806 09:43:04.932" endtime="20250806 09:43:04.933"/>
</iter>
<status status="PASS" starttime="20250806 09:43:04.932" endtime="20250806 09:43:04.933"/>
</for>
<kw name="Close Workbook" library="RPA.Excel.Files">
<doc>Close the active workbook.</doc>
<msg timestamp="20250806 09:43:04.933" level="INFO">Closing workbook: &lt;RPA.Excel.Files.XlsxWorkbook object at 0x00000214CB19DE08&gt;</msg>
<status status="PASS" starttime="20250806 09:43:04.933" endtime="20250806 09:43:04.933"/>
</kw>
<msg timestamp="20250806 09:43:04.933" level="INFO">${Import Site Template File List} = ['Import_Site_Template_Proforma OSP.xls']</msg>
<status status="PASS" starttime="20250806 09:43:04.919" endtime="20250806 09:43:04.933"/>
</kw>
<kw name="Catenate" library="BuiltIn">
<var>${Import_Site_Template path}</var>
<arg>SEPARATOR=</arg>
<arg>C:\\Users\\arnoj885\\Robot Framework\\Obsolate Transporter\\tests\\TYPE_Non-Turnkey\\FBB OSP for TPT III/../../../data file/</arg>
<arg>${Import Site Template File List[0]}</arg>
<doc>Catenates the given items together and returns the resulted string.</doc>
<msg timestamp="20250806 09:43:04.939" level="INFO">${Import_Site_Template path} = C:\Users\arnoj885\Robot Framework\Obsolate Transporter\tests\TYPE_Non-Turnkey\FBB OSP for TPT III/../../../data file/Import_Site_Template_Proforma OSP.xls</msg>
<status status="PASS" starttime="20250806 09:43:04.934" endtime="20250806 09:43:04.939"/>
</kw>
<kw name="Set Test Variable" library="BuiltIn">
<arg>${Import_Site_Template path}</arg>
<doc>Makes a variable available everywhere within the scope of the current test.</doc>
<msg timestamp="20250806 09:43:04.940" level="INFO">${Import_Site_Template path} = C:\Users\arnoj885\Robot Framework\Obsolate Transporter\tests\TYPE_Non-Turnkey\FBB OSP for TPT III/../../../data file/Import_Site_Template_Proforma OSP.xls</msg>
<status status="PASS" starttime="20250806 09:43:04.940" endtime="20250806 09:43:04.941"/>
</kw>
<kw name="Normalize Path" library="OperatingSystem">
<var>${Import_Site_Template path}</var>
<arg>${Import_Site_Template path}</arg>
<doc>Normalizes the given path.</doc>
<msg timestamp="20250806 09:43:04.942" level="INFO">${Import_Site_Template path} = C:\Users\arnoj885\Robot Framework\Obsolate Transporter\data file\Import_Site_Template_Proforma OSP.xls</msg>
<status status="PASS" starttime="20250806 09:43:04.941" endtime="20250806 09:43:04.942"/>
</kw>
<kw name="Log" library="BuiltIn">
<arg>${Import_Site_Template path}</arg>
<doc>Logs the given message with the given level.</doc>
<msg timestamp="20250806 09:43:04.943" level="INFO">C:\Users\arnoj885\Robot Framework\Obsolate Transporter\data file\Import_Site_Template_Proforma OSP.xls</msg>
<status status="PASS" starttime="20250806 09:43:04.943" endtime="20250806 09:43:04.943"/>
</kw>
<kw name="Import Type" library="create_draft_site_code">
<arg>${Import_Site_Template path}</arg>
<kw name="Execute Javascript" library="SeleniumLibrary">
<arg>window.scrollTo(0, document.body.scrollHeight)</arg>
<doc>Executes the given JavaScript code with possible arguments.</doc>
<msg timestamp="20250806 09:43:04.944" level="INFO">Executing JavaScript:
window.scrollTo(0, document.body.scrollHeight)
Without any arguments.</msg>
<status status="PASS" starttime="20250806 09:43:04.944" endtime="20250806 09:43:04.956"/>
</kw>
<kw name="Click Element" library="SeleniumLibrary">
<arg>xpath=${Import Type}</arg>
<doc>Click the element identified by ``locator``.</doc>
<msg timestamp="20250806 09:43:04.957" level="INFO">Clicking element 'xpath=//fieldset[3]/table/tbody/tr[1]/td[2]/table/tbody/tr/td/input'.</msg>
<status status="PASS" starttime="20250806 09:43:04.956" endtime="20250806 09:43:05.008"/>
</kw>
<kw name="Choose File" library="SeleniumLibrary">
<arg>xpath=${Choose Import Site File}</arg>
<arg>${Import Site File}</arg>
<doc>Inputs the ``file_path`` into the file input field ``locator``.</doc>
<msg timestamp="20250806 09:43:05.008" level="INFO">Sending C:\Users\arnoj885\Robot Framework\Obsolate Transporter\data file\Import_Site_Template_Proforma OSP.xls to browser.</msg>
<status status="PASS" starttime="20250806 09:43:05.008" endtime="20250806 09:43:05.045"/>
</kw>
<status status="PASS" starttime="20250806 09:43:04.944" endtime="20250806 09:43:05.045"/>
</kw>
<kw name="Upload Site" library="create_draft_site_code">
<kw name="Click Element" library="SeleniumLibrary">
<arg>xpath=${Button Upload}</arg>
<doc>Click the element identified by ``locator``.</doc>
<msg timestamp="20250806 09:43:05.046" level="INFO">Clicking element 'xpath=//tr/td/form/table[3]/tbody/tr/td/span/input'.</msg>
<status status="PASS" starttime="20250806 09:43:05.046" endtime="20250806 09:43:17.457"/>
</kw>
<kw name="Wait Until Page Contains" library="SeleniumLibrary">
<arg>Success Result</arg>
<arg>timeout=15s</arg>
<doc>Waits until ``text`` appears on the current page.</doc>
<status status="PASS" starttime="20250806 09:43:17.457" endtime="20250806 09:43:17.474"/>
</kw>
<status status="PASS" starttime="20250806 09:43:05.045" endtime="20250806 09:43:17.474"/>
</kw>
<kw name="Reference Site Code" library="result_massage_keywords">
<var>${SSR ID Reference Site Code}</var>
<kw name="Get Text" library="SeleniumLibrary">
<var>${Reference Site Code}</var>
<arg>xpath=${Reference Site Code result}</arg>
<doc>Returns the text value of the element identified by ``locator``.</doc>
<msg timestamp="20250806 09:43:17.499" level="INFO">${Reference Site Code} = BSIF_202508060942</msg>
<status status="PASS" starttime="20250806 09:43:17.475" endtime="20250806 09:43:17.499"/>
</kw>
<kw name="Set Variable" library="BuiltIn">
<var>${Reference Site Code value}</var>
<arg>${Reference Site Code}</arg>
<doc>Returns the given values which can then be assigned to a variables.</doc>
<msg timestamp="20250806 09:43:17.499" level="INFO">${Reference Site Code value} = BSIF_202508060942</msg>
<status status="PASS" starttime="20250806 09:43:17.499" endtime="20250806 09:43:17.499"/>
</kw>
<msg timestamp="20250806 09:43:17.500" level="INFO">${SSR ID Reference Site Code} = BSIF_202508060942</msg>
<status status="PASS" starttime="20250806 09:43:17.475" endtime="20250806 09:43:17.500"/>
</kw>
<kw name="Set Global Variable" library="BuiltIn">
<arg>${SSR ID Reference Site Code}</arg>
<doc>Makes a variable available globally in all tests and suites.</doc>
<msg timestamp="20250806 09:43:17.500" level="INFO">${SSR ID Reference Site Code} = BSIF_202508060942</msg>
<status status="PASS" starttime="20250806 09:43:17.500" endtime="20250806 09:43:17.500"/>
</kw>
<kw name="Log" library="BuiltIn">
<arg>Reference Site Code เลขที่ดึงออกมา: ${SSR ID Reference Site Code}</arg>
<doc>Logs the given message with the given level.</doc>
<msg timestamp="20250806 09:43:17.501" level="INFO">Reference Site Code เลขที่ดึงออกมา: BSIF_202508060942</msg>
<status status="PASS" starttime="20250806 09:43:17.501" endtime="20250806 09:43:17.501"/>
</kw>
<kw name="Sleep" library="BuiltIn">
<arg>1 seconds</arg>
<doc>Pauses the test executed for the given time.</doc>
<msg timestamp="20250806 09:43:18.515" level="INFO">Slept 1 second</msg>
<status status="PASS" starttime="20250806 09:43:17.502" endtime="20250806 09:43:18.515"/>
</kw>
<kw name="Write Value To Excel Status" library="Excel_Template">
<arg>TC_001 Create Draft Site Code</arg>
<kw name="Open Workbook" library="RPA.Excel.Files">
<arg>${SOURCE_FILE}</arg>
<doc>Open an existing Excel workbook.</doc>
<msg timestamp="20250806 09:43:18.547" level="INFO">Opened workbook: &lt;RPA.Excel.Files.XlsxWorkbook object at 0x00000214CB1E9CC8&gt;</msg>
<status status="PASS" starttime="20250806 09:43:18.515" endtime="20250806 09:43:18.547"/>
</kw>
<kw name="Set Cell Value" library="RPA.Excel.Files">
<arg>row=2</arg>
<arg>column=15</arg>
<arg>value=${Step}</arg>
<doc>Set a cell value in the given worksheet.</doc>
<status status="PASS" starttime="20250806 09:43:18.547" endtime="20250806 09:43:18.547"/>
</kw>
<kw name="Save Workbook" library="RPA.Excel.Files">
<doc>Save the active workbook.</doc>
<status status="PASS" starttime="20250806 09:43:18.547" endtime="20250806 09:43:18.674"/>
</kw>
<kw name="Close Workbook" library="RPA.Excel.Files">
<doc>Close the active workbook.</doc>
<msg timestamp="20250806 09:43:18.674" level="INFO">Closing workbook: &lt;RPA.Excel.Files.XlsxWorkbook object at 0x00000214CB1E9CC8&gt;</msg>
<status status="PASS" starttime="20250806 09:43:18.674" endtime="20250806 09:43:18.674"/>
</kw>
<status status="PASS" starttime="20250806 09:43:18.515" endtime="20250806 09:43:18.674"/>
</kw>
<doc>สามารถ Create Draft Site Code ได้</doc>
<tag>Standard_Test</tag>
<status status="PASS" starttime="20250806 09:42:51.573" endtime="20250806 09:43:18.674"/>
</test>
<test id="s1-s1-t4" name="[4] สามารถกดออกจากระบบ Transporter ได้" line="66">
<kw name="Log Out" library="Logout_keywords">
<kw name="Click Menu List" library="menu_keywords">
<kw name="Click Element" library="SeleniumLibrary">
<arg>xpath=${Menu List}</arg>
<doc>Click the element identified by ``locator``.</doc>
<msg timestamp="20250806 09:43:18.674" level="INFO">Clicking element 'xpath=//form/div[1]/table/tbody/tr/td[1]/img'.</msg>
<status status="PASS" starttime="20250806 09:43:18.674" endtime="20250806 09:43:18.730"/>
</kw>
<status status="PASS" starttime="20250806 09:43:18.674" endtime="20250806 09:43:18.730"/>
</kw>
<kw name="Execute Javascript" library="SeleniumLibrary">
<arg>document.getElementById("iconheader:frmMenu:LogOut").click()</arg>
<doc>Executes the given JavaScript code with possible arguments.</doc>
<msg timestamp="20250806 09:43:18.731" level="INFO">Executing JavaScript:
document.getElementById("iconheader:frmMenu:LogOut").click()
Without any arguments.</msg>
<status status="PASS" starttime="20250806 09:43:18.731" endtime="20250806 09:43:20.714"/>
</kw>
<kw name="Sleep" library="BuiltIn">
<arg>1 seconds</arg>
<doc>Pauses the test executed for the given time.</doc>
<msg timestamp="20250806 09:43:21.741" level="INFO">Slept 1 second</msg>
<status status="PASS" starttime="20250806 09:43:20.714" endtime="20250806 09:43:21.741"/>
</kw>
<kw name="Wait Until Page Contains" library="SeleniumLibrary">
<arg>Login</arg>
<arg>10s</arg>
<doc>Waits until ``text`` appears on the current page.</doc>
<status status="PASS" starttime="20250806 09:43:21.743" endtime="20250806 09:43:21.792"/>
</kw>
<status status="PASS" starttime="20250806 09:43:18.674" endtime="20250806 09:43:21.792"/>
</kw>
<doc>สามารถกดออกจากระบบ Transporter เพื่อดำเนินการต่อในขั้นตอนถัดไป</doc>
<tag>Standard_Test</tag>
<status status="PASS" starttime="20250806 09:43:18.674" endtime="20250806 09:43:21.792"/>
</test>
<test id="s1-s1-t5" name="[5] สามารถล็อคอินเข้าสู่ระบบ Transporter ได้" line="71">
<kw name="Transporter_Login" library="login_keywords">
<arg>${SSR Create USER}</arg>
<arg>${SSR Create PASS}</arg>
<kw name="Input Text" library="SeleniumLibrary">
<arg>id=loginForm:username</arg>
<arg>${username}</arg>
<doc>Types the given ``text`` into the text field identified by ``locator``.</doc>
<msg timestamp="20250806 09:43:21.808" level="INFO">Typing text 'tana_huawei' into text field 'id=loginForm:username'.</msg>
<status status="PASS" starttime="20250806 09:43:21.808" endtime="20250806 09:43:21.947"/>
</kw>
<kw name="Input Text" library="SeleniumLibrary">
<arg>id=loginForm:password</arg>
<arg>${password}</arg>
<doc>Types the given ``text`` into the text field identified by ``locator``.</doc>
<msg timestamp="20250806 09:43:21.947" level="INFO">Typing text '123' into text field 'id=loginForm:password'.</msg>
<status status="PASS" starttime="20250806 09:43:21.947" endtime="20250806 09:43:22.050"/>
</kw>
<kw name="Click Button" library="SeleniumLibrary">
<arg>xpath=${LOGIN BUTTON}</arg>
<doc>Clicks the button identified by ``locator``.</doc>
<msg timestamp="20250806 09:43:22.052" level="INFO">Clicking button 'xpath=//*[@id="loginForm:login"]'.</msg>
<status status="PASS" starttime="20250806 09:43:22.050" endtime="20250806 09:43:22.348"/>
</kw>
<status status="PASS" starttime="20250806 09:43:21.805" endtime="20250806 09:43:22.348"/>
</kw>
<kw name="Welcome Page Should Be Open" library="login_keywords">
<arg>${LOGIN TITLE}</arg>
<kw name="Title Should Be" library="SeleniumLibrary">
<arg>${Title}</arg>
<doc>Verifies that the current page title equals ``title``.</doc>
<msg timestamp="20250806 09:43:22.348" level="INFO">Page title is 'Transporter Web (TPT)'.</msg>
<status status="PASS" starttime="20250806 09:43:22.348" endtime="20250806 09:43:22.348"/>
</kw>
<status status="PASS" starttime="20250806 09:43:22.348" endtime="20250806 09:43:22.348"/>
</kw>
<kw name="Sleep" library="BuiltIn">
<arg>1 seconds</arg>
<doc>Pauses the test executed for the given time.</doc>
<msg timestamp="20250806 09:43:23.360" level="INFO">Slept 1 second</msg>
<status status="PASS" starttime="20250806 09:43:22.348" endtime="20250806 09:43:23.360"/>
</kw>
<doc>สามารถล็อคอินเข้าสู่ระบบ Transporter ได้โดยใช้บัญชีที่เกี่ยวข้อง</doc>
<tag>Standard_Test</tag>
<status status="PASS" starttime="20250806 09:43:21.792" endtime="20250806 09:43:23.360"/>
</test>
<test id="s1-s1-t6" name="[6] สามารถสร้าง SSR ได้" line="78">
<kw name="Click Menu List" library="menu_keywords">
<kw name="Click Element" library="SeleniumLibrary">
<arg>xpath=${Menu List}</arg>
<doc>Click the element identified by ``locator``.</doc>
<msg timestamp="20250806 09:43:23.378" level="INFO">Clicking element 'xpath=//form/div[1]/table/tbody/tr/td[1]/img'.</msg>
<status status="PASS" starttime="20250806 09:43:23.378" endtime="20250806 09:43:23.483"/>
</kw>
<status status="PASS" starttime="20250806 09:43:23.376" endtime="20250806 09:43:23.483"/>
</kw>
<kw name="Select Menu" library="menu_keywords">
<arg>${SSR Create Menu ID}</arg>
<kw name="Execute Javascript" library="SeleniumLibrary">
<arg>document.getElementById("${Menu}").click()</arg>
<doc>Executes the given JavaScript code with possible arguments.</doc>
<msg timestamp="20250806 09:43:23.485" level="INFO">Executing JavaScript:
document.getElementById("iconheader:frmMenu:SSRCreate").click()
Without any arguments.</msg>
<status status="PASS" starttime="20250806 09:43:23.484" endtime="20250806 09:43:23.928"/>
</kw>
<kw name="Sleep" library="BuiltIn">
<arg>1 seconds</arg>
<doc>Pauses the test executed for the given time.</doc>
<msg timestamp="20250806 09:43:24.931" level="INFO">Slept 1 second</msg>
<status status="PASS" starttime="20250806 09:43:23.928" endtime="20250806 09:43:24.931"/>
</kw>
<status status="PASS" starttime="20250806 09:43:23.484" endtime="20250806 09:43:24.933"/>
</kw>
<kw name="SSR Search Site Workflow Type" library="ssr_create_keywords">
<arg>${FBB OSP for TPT III Auto PO}</arg>
<kw name="Click Element" library="SeleniumLibrary">
<arg>xpath=${SSR Click Workflow Type}</arg>
<doc>Click the element identified by ``locator``.</doc>
<msg timestamp="20250806 09:43:24.939" level="INFO">Clicking element 'xpath=//table/tbody/tr[3]/td[3]/select'.</msg>
<status status="PASS" starttime="20250806 09:43:24.938" endtime="20250806 09:43:25.040"/>
</kw>
<kw name="Click Element" library="SeleniumLibrary">
<arg>xpath=${workflow type}</arg>
<doc>Click the element identified by ``locator``.</doc>
<msg timestamp="20250806 09:43:25.041" level="INFO">Clicking element 'xpath=//table[1]/tbody/tr[3]/td[3]/select/option[28]'.</msg>
<status status="PASS" starttime="20250806 09:43:25.041" endtime="20250806 09:43:25.077"/>
</kw>
<kw name="Sleep" library="BuiltIn">
<arg>0.5 seconds</arg>
<doc>Pauses the test executed for the given time.</doc>
<msg timestamp="20250806 09:43:25.581" level="INFO">Slept 500 milliseconds</msg>
<status status="PASS" starttime="20250806 09:43:25.077" endtime="20250806 09:43:25.581"/>
</kw>
<status status="PASS" starttime="20250806 09:43:24.936" endtime="20250806 09:43:25.581"/>
</kw>
<kw name="SSR Search Reference Site Code" library="ssr_create_keywords">
<arg>${SSR ID Reference Site Code}</arg>
<kw name="Input Text" library="SeleniumLibrary">
<arg>xpath=${SSR Reference Site Code}</arg>
<arg>${Reference Site Code}</arg>
<doc>Types the given ``text`` into the text field identified by ``locator``.</doc>
<msg timestamp="20250806 09:43:25.581" level="INFO">Typing text 'BSIF_202508060942' into text field 'xpath=//table/tbody/tr[4]/td[3]/input'.</msg>
<status status="PASS" starttime="20250806 09:43:25.581" endtime="20250806 09:43:25.757"/>
</kw>
<status status="PASS" starttime="20250806 09:43:25.581" endtime="20250806 09:43:25.757"/>
</kw>
<kw name="SSR Click Search Reference Site Code" library="ssr_create_keywords">
<kw name="Click Element" library="SeleniumLibrary">
<arg>xpath=${SSR Reference Site Code Search Button}</arg>
<doc>Click the element identified by ``locator``.</doc>
<msg timestamp="20250806 09:43:25.759" level="INFO">Clicking element 'xpath=//table/tbody/tr[11]/td/input[1]'.</msg>
<status status="PASS" starttime="20250806 09:43:25.757" endtime="20250806 09:43:25.804"/>
</kw>
<kw name="Sleep" library="BuiltIn">
<arg>0.5 seconds</arg>
<doc>Pauses the test executed for the given time.</doc>
<msg timestamp="20250806 09:43:26.318" level="INFO">Slept 500 milliseconds</msg>
<status status="PASS" starttime="20250806 09:43:25.804" endtime="20250806 09:43:26.319"/>
</kw>
<kw name="Wait Until Element Is Visible" library="SeleniumLibrary">
<arg>xpath=${Select SSR Reference Site Code First Row}</arg>
<arg>timeout=15s</arg>
<doc>Waits until the element ``locator`` is visible.</doc>
<status status="PASS" starttime="20250806 09:43:26.320" endtime="20250806 09:43:26.374"/>
</kw>
<status status="PASS" starttime="20250806 09:43:25.757" endtime="20250806 09:43:26.374"/>
</kw>
<kw name="SSR Select Reference Site Code" library="ssr_create_keywords">
<kw name="Execute Javascript" library="SeleniumLibrary">
<arg>window.scrollTo(0, document.body.scrollHeight)</arg>
<doc>Executes the given JavaScript code with possible arguments.</doc>
<msg timestamp="20250806 09:43:26.374" level="INFO">Executing JavaScript:
window.scrollTo(0, document.body.scrollHeight)
Without any arguments.</msg>
<status status="PASS" starttime="20250806 09:43:26.374" endtime="20250806 09:43:26.397"/>
</kw>
<kw name="Click Element" library="SeleniumLibrary">
<arg>xpath=${Select SSR Reference Site Code First Row}</arg>
<doc>Click the element identified by ``locator``.</doc>
<msg timestamp="20250806 09:43:26.397" level="INFO">Clicking element 'xpath=//table/tbody/tr/td[2]/div/a'.</msg>
<status status="PASS" starttime="20250806 09:43:26.397" endtime="20250806 09:43:26.904"/>
</kw>
<kw name="Wait Until Page Contains" library="SeleniumLibrary">
<arg>SSR &gt; SSR Routing Submitted New</arg>
<arg>timeout=15s</arg>
<doc>Waits until ``text`` appears on the current page.</doc>
<status status="PASS" starttime="20250806 09:43:26.905" endtime="20250806 09:43:26.923"/>
</kw>
<status status="PASS" starttime="20250806 09:43:26.374" endtime="20250806 09:43:26.923"/>
</kw>
<kw name="Get Column Values By Name" library="Excel_Template">
<var>${Input Latitude Start List}</var>
<arg>SSR_Routing_Submitted_Latitude_Start</arg>
<kw name="Open Workbook" library="RPA.Excel.Files">
<arg>${SOURCE_FILE}</arg>
<doc>Open an existing Excel workbook.</doc>
<msg timestamp="20250806 09:43:26.934" level="INFO">Opened workbook: &lt;RPA.Excel.Files.XlsxWorkbook object at 0x00000214CB207D48&gt;</msg>
<status status="PASS" starttime="20250806 09:43:26.924" endtime="20250806 09:43:26.934"/>
</kw>
<kw name="Read Worksheet As Table" library="RPA.Excel.Files">
<var>${rows}</var>
<arg>header=True</arg>
<doc>Read the contents of a worksheet into a Table container. Allows
sorting/filtering/manipulating using the ``RPA.Tables`` library.</doc>
<msg timestamp="20250806 09:43:26.938" level="INFO">Created table: Table(columns=['Test_Case_ID', 'Proferma_No', 'Import_Site_Template_File', 'SSR_Routing_Submitted_Latitude_Start', 'SSR_Routing_Submitted_Latitude_End', 'SSR_Routing_Submitted_Longitude_Start', 'SSR_Routing_Submitted_Longitude_End', 'SSR_Routing_Submitted_Cable_Distance', 'SSR_Routing_Submitted_Upload_File', 'DD_Submitted_Upload_file', 'Permission_Start_Submitted_Upload_file', 'PAT_BOQ_Submitted_Upload_file', 'FAT_Permission_iGIS_Submitted_Upload_file', 'Date Running', 'Run_Status', 'Reference_Site_Code', 'SSR_ID', 'Pre-PR', 'PO', 'Result'], rows=1)</msg>
<msg timestamp="20250806 09:43:26.940" level="INFO">${rows} = Table(columns=['Test_Case_ID', 'Proferma_No', 'Import_Site_Template_File', 'SSR_Routing_Submitted_Latitude_Start', 'SSR_Routing_Submitted_Latitude_End', 'SSR_Routing_Submitted_Longitude_Start', 'SSR_R...</msg>
<status status="PASS" starttime="20250806 09:43:26.938" endtime="20250806 09:43:26.940"/>
</kw>
<kw name="Create List" library="BuiltIn">
<var>${values}</var>
<doc>Returns a list containing given items.</doc>
<msg timestamp="20250806 09:43:26.940" level="INFO">${values} = []</msg>
<status status="PASS" starttime="20250806 09:43:26.940" endtime="20250806 09:43:26.940"/>
</kw>
<for flavor="IN">
<var>${row}</var>
<value>@{rows}</value>
<iter>
<var name="${row}">{'Test_Case_ID': '001', 'Proferma_No': 1010001072, 'Import_Site_Template_File': 'Import_Site_Template_Proforma OSP.xls', 'SSR_Routing_Submitted_Latitude_Start': 4.12345, 'SSR_Routing_Submitted_Latitud...</var>
<kw name="Get From Dictionary" library="Collections">
<var>${value}</var>
<arg>${row}</arg>
<arg>${column_name}</arg>
<doc>Returns a value from the given ``dictionary`` based on the given ``key``.</doc>
<msg timestamp="20250806 09:43:26.941" level="INFO">${value} = 4.12345</msg>
<status status="PASS" starttime="20250806 09:43:26.940" endtime="20250806 09:43:26.941"/>
</kw>
<kw name="Append To List" library="Collections">
<arg>${values}</arg>
<arg>${value}</arg>
<doc>Adds ``values`` to the end of ``list``.</doc>
<status status="PASS" starttime="20250806 09:43:26.941" endtime="20250806 09:43:26.941"/>
</kw>
<status status="PASS" starttime="20250806 09:43:26.940" endtime="20250806 09:43:26.941"/>
</iter>
<status status="PASS" starttime="20250806 09:43:26.940" endtime="20250806 09:43:26.941"/>
</for>
<kw name="Close Workbook" library="RPA.Excel.Files">
<doc>Close the active workbook.</doc>
<msg timestamp="20250806 09:43:26.941" level="INFO">Closing workbook: &lt;RPA.Excel.Files.XlsxWorkbook object at 0x00000214CB207D48&gt;</msg>
<status status="PASS" starttime="20250806 09:43:26.941" endtime="20250806 09:43:26.941"/>
</kw>
<msg timestamp="20250806 09:43:26.942" level="INFO">${Input Latitude Start List} = [4.12345]</msg>
<status status="PASS" starttime="20250806 09:43:26.923" endtime="20250806 09:43:26.942"/>
</kw>
<kw name="Set Variable" library="BuiltIn">
<var>${Input Latitude Start}</var>
<arg>${Input Latitude Start List[0]}</arg>
<doc>Returns the given values which can then be assigned to a variables.</doc>
<msg timestamp="20250806 09:43:26.946" level="INFO">${Input Latitude Start} = 4.12345</msg>
<status status="PASS" starttime="20250806 09:43:26.943" endtime="20250806 09:43:26.946"/>
</kw>
<kw name="Set Test Variable" library="BuiltIn">
<arg>${Input Latitude Start}</arg>
<doc>Makes a variable available everywhere within the scope of the current test.</doc>
<msg timestamp="20250806 09:43:26.947" level="INFO">${Input Latitude Start} = 4.12345</msg>
<status status="PASS" starttime="20250806 09:43:26.947" endtime="20250806 09:43:26.947"/>
</kw>
<kw name="Get Column Values By Name" library="Excel_Template">
<var>${Input Longitude Start List}</var>
<arg>SSR_Routing_Submitted_Longitude_Start</arg>
<kw name="Open Workbook" library="RPA.Excel.Files">
<arg>${SOURCE_FILE}</arg>
<doc>Open an existing Excel workbook.</doc>
<msg timestamp="20250806 09:43:26.958" level="INFO">Opened workbook: &lt;RPA.Excel.Files.XlsxWorkbook object at 0x00000214CB20D9C8&gt;</msg>
<status status="PASS" starttime="20250806 09:43:26.948" endtime="20250806 09:43:26.958"/>
</kw>
<kw name="Read Worksheet As Table" library="RPA.Excel.Files">
<var>${rows}</var>
<arg>header=True</arg>
<doc>Read the contents of a worksheet into a Table container. Allows
sorting/filtering/manipulating using the ``RPA.Tables`` library.</doc>
<msg timestamp="20250806 09:43:26.959" level="INFO">Created table: Table(columns=['Test_Case_ID', 'Proferma_No', 'Import_Site_Template_File', 'SSR_Routing_Submitted_Latitude_Start', 'SSR_Routing_Submitted_Latitude_End', 'SSR_Routing_Submitted_Longitude_Start', 'SSR_Routing_Submitted_Longitude_End', 'SSR_Routing_Submitted_Cable_Distance', 'SSR_Routing_Submitted_Upload_File', 'DD_Submitted_Upload_file', 'Permission_Start_Submitted_Upload_file', 'PAT_BOQ_Submitted_Upload_file', 'FAT_Permission_iGIS_Submitted_Upload_file', 'Date Running', 'Run_Status', 'Reference_Site_Code', 'SSR_ID', 'Pre-PR', 'PO', 'Result'], rows=1)</msg>
<msg timestamp="20250806 09:43:26.959" level="INFO">${rows} = Table(columns=['Test_Case_ID', 'Proferma_No', 'Import_Site_Template_File', 'SSR_Routing_Submitted_Latitude_Start', 'SSR_Routing_Submitted_Latitude_End', 'SSR_Routing_Submitted_Longitude_Start', 'SSR_R...</msg>
<status status="PASS" starttime="20250806 09:43:26.959" endtime="20250806 09:43:26.959"/>
</kw>
<kw name="Create List" library="BuiltIn">
<var>${values}</var>
<doc>Returns a list containing given items.</doc>
<msg timestamp="20250806 09:43:26.960" level="INFO">${values} = []</msg>
<status status="PASS" starttime="20250806 09:43:26.960" endtime="20250806 09:43:26.960"/>
</kw>
<for flavor="IN">
<var>${row}</var>
<value>@{rows}</value>
<iter>
<var name="${row}">{'Test_Case_ID': '001', 'Proferma_No': 1010001072, 'Import_Site_Template_File': 'Import_Site_Template_Proforma OSP.xls', 'SSR_Routing_Submitted_Latitude_Start': 4.12345, 'SSR_Routing_Submitted_Latitud...</var>
<kw name="Get From Dictionary" library="Collections">
<var>${value}</var>
<arg>${row}</arg>
<arg>${column_name}</arg>
<doc>Returns a value from the given ``dictionary`` based on the given ``key``.</doc>
<msg timestamp="20250806 09:43:26.961" level="INFO">${value} = 4.44444</msg>
<status status="PASS" starttime="20250806 09:43:26.961" endtime="20250806 09:43:26.961"/>
</kw>
<kw name="Append To List" library="Collections">
<arg>${values}</arg>
<arg>${value}</arg>
<doc>Adds ``values`` to the end of ``list``.</doc>
<status status="PASS" starttime="20250806 09:43:26.961" endtime="20250806 09:43:26.962"/>
</kw>
<status status="PASS" starttime="20250806 09:43:26.960" endtime="20250806 09:43:26.962"/>
</iter>
<status status="PASS" starttime="20250806 09:43:26.960" endtime="20250806 09:43:26.962"/>
</for>
<kw name="Close Workbook" library="RPA.Excel.Files">
<doc>Close the active workbook.</doc>
<msg timestamp="20250806 09:43:26.962" level="INFO">Closing workbook: &lt;RPA.Excel.Files.XlsxWorkbook object at 0x00000214CB20D9C8&gt;</msg>
<status status="PASS" starttime="20250806 09:43:26.962" endtime="20250806 09:43:26.962"/>
</kw>
<msg timestamp="20250806 09:43:26.962" level="INFO">${Input Longitude Start List} = [4.44444]</msg>
<status status="PASS" starttime="20250806 09:43:26.948" endtime="20250806 09:43:26.962"/>
</kw>
<kw name="Set Variable" library="BuiltIn">
<var>${Input Longitude Start}</var>
<arg>${Input Longitude Start List[0]}</arg>
<doc>Returns the given values which can then be assigned to a variables.</doc>
<msg timestamp="20250806 09:43:26.966" level="INFO">${Input Longitude Start} = 4.44444</msg>
<status status="PASS" starttime="20250806 09:43:26.963" endtime="20250806 09:43:26.966"/>
</kw>
<kw name="Set Test Variable" library="BuiltIn">
<arg>${Input Longitude Start}</arg>
<doc>Makes a variable available everywhere within the scope of the current test.</doc>
<msg timestamp="20250806 09:43:26.967" level="INFO">${Input Longitude Start} = 4.44444</msg>
<status status="PASS" starttime="20250806 09:43:26.967" endtime="20250806 09:43:26.968"/>
</kw>
<kw name="Get Column Values By Name" library="Excel_Template">
<var>${Input Latitude End List}</var>
<arg>SSR_Routing_Submitted_Latitude_End</arg>
<kw name="Open Workbook" library="RPA.Excel.Files">
<arg>${SOURCE_FILE}</arg>
<doc>Open an existing Excel workbook.</doc>
<msg timestamp="20250806 09:43:26.978" level="INFO">Opened workbook: &lt;RPA.Excel.Files.XlsxWorkbook object at 0x00000214CB1C45C8&gt;</msg>
<status status="PASS" starttime="20250806 09:43:26.968" endtime="20250806 09:43:26.978"/>
</kw>
<kw name="Read Worksheet As Table" library="RPA.Excel.Files">
<var>${rows}</var>
<arg>header=True</arg>
<doc>Read the contents of a worksheet into a Table container. Allows
sorting/filtering/manipulating using the ``RPA.Tables`` library.</doc>
<msg timestamp="20250806 09:43:26.978" level="INFO">Created table: Table(columns=['Test_Case_ID', 'Proferma_No', 'Import_Site_Template_File', 'SSR_Routing_Submitted_Latitude_Start', 'SSR_Routing_Submitted_Latitude_End', 'SSR_Routing_Submitted_Longitude_Start', 'SSR_Routing_Submitted_Longitude_End', 'SSR_Routing_Submitted_Cable_Distance', 'SSR_Routing_Submitted_Upload_File', 'DD_Submitted_Upload_file', 'Permission_Start_Submitted_Upload_file', 'PAT_BOQ_Submitted_Upload_file', 'FAT_Permission_iGIS_Submitted_Upload_file', 'Date Running', 'Run_Status', 'Reference_Site_Code', 'SSR_ID', 'Pre-PR', 'PO', 'Result'], rows=1)</msg>
<msg timestamp="20250806 09:43:26.978" level="INFO">${rows} = Table(columns=['Test_Case_ID', 'Proferma_No', 'Import_Site_Template_File', 'SSR_Routing_Submitted_Latitude_Start', 'SSR_Routing_Submitted_Latitude_End', 'SSR_Routing_Submitted_Longitude_Start', 'SSR_R...</msg>
<status status="PASS" starttime="20250806 09:43:26.978" endtime="20250806 09:43:26.978"/>
</kw>
<kw name="Create List" library="BuiltIn">
<var>${values}</var>
<doc>Returns a list containing given items.</doc>
<msg timestamp="20250806 09:43:26.978" level="INFO">${values} = []</msg>
<status status="PASS" starttime="20250806 09:43:26.978" endtime="20250806 09:43:26.978"/>
</kw>
<for flavor="IN">
<var>${row}</var>
<value>@{rows}</value>
<iter>
<var name="${row}">{'Test_Case_ID': '001', 'Proferma_No': 1010001072, 'Import_Site_Template_File': 'Import_Site_Template_Proforma OSP.xls', 'SSR_Routing_Submitted_Latitude_Start': 4.12345, 'SSR_Routing_Submitted_Latitud...</var>
<kw name="Get From Dictionary" library="Collections">
<var>${value}</var>
<arg>${row}</arg>
<arg>${column_name}</arg>
<doc>Returns a value from the given ``dictionary`` based on the given ``key``.</doc>
<msg timestamp="20250806 09:43:26.978" level="INFO">${value} = 5.67897</msg>
<status status="PASS" starttime="20250806 09:43:26.978" endtime="20250806 09:43:26.978"/>
</kw>
<kw name="Append To List" library="Collections">
<arg>${values}</arg>
<arg>${value}</arg>
<doc>Adds ``values`` to the end of ``list``.</doc>
<status status="PASS" starttime="20250806 09:43:26.978" endtime="20250806 09:43:26.978"/>
</kw>
<status status="PASS" starttime="20250806 09:43:26.978" endtime="20250806 09:43:26.978"/>
</iter>
<status status="PASS" starttime="20250806 09:43:26.978" endtime="20250806 09:43:26.978"/>
</for>
<kw name="Close Workbook" library="RPA.Excel.Files">
<doc>Close the active workbook.</doc>
<msg timestamp="20250806 09:43:26.978" level="INFO">Closing workbook: &lt;RPA.Excel.Files.XlsxWorkbook object at 0x00000214CB1C45C8&gt;</msg>
<status status="PASS" starttime="20250806 09:43:26.978" endtime="20250806 09:43:26.978"/>
</kw>
<msg timestamp="20250806 09:43:26.978" level="INFO">${Input Latitude End List} = [5.67897]</msg>
<status status="PASS" starttime="20250806 09:43:26.968" endtime="20250806 09:43:26.978"/>
</kw>
<kw name="Set Variable" library="BuiltIn">
<var>${Input Latitude End}</var>
<arg>${Input Latitude End List[0]}</arg>
<doc>Returns the given values which can then be assigned to a variables.</doc>
<msg timestamp="20250806 09:43:26.988" level="INFO">${Input Latitude End} = 5.67897</msg>
<status status="PASS" starttime="20250806 09:43:26.978" endtime="20250806 09:43:26.988"/>
</kw>
<kw name="Set Test Variable" library="BuiltIn">
<arg>${Input Latitude End}</arg>
<doc>Makes a variable available everywhere within the scope of the current test.</doc>
<msg timestamp="20250806 09:43:26.988" level="INFO">${Input Latitude End} = 5.67897</msg>
<status status="PASS" starttime="20250806 09:43:26.988" endtime="20250806 09:43:26.988"/>
</kw>
<kw name="Get Column Values By Name" library="Excel_Template">
<var>${Input Longitude End List}</var>
<arg>SSR_Routing_Submitted_Longitude_End</arg>
<kw name="Open Workbook" library="RPA.Excel.Files">
<arg>${SOURCE_FILE}</arg>
<doc>Open an existing Excel workbook.</doc>
<msg timestamp="20250806 09:43:26.993" level="INFO">Opened workbook: &lt;RPA.Excel.Files.XlsxWorkbook object at 0x00000214CB188CC8&gt;</msg>
<status status="PASS" starttime="20250806 09:43:26.988" endtime="20250806 09:43:26.993"/>
</kw>
<kw name="Read Worksheet As Table" library="RPA.Excel.Files">
<var>${rows}</var>
<arg>header=True</arg>
<doc>Read the contents of a worksheet into a Table container. Allows
sorting/filtering/manipulating using the ``RPA.Tables`` library.</doc>
<msg timestamp="20250806 09:43:26.993" level="INFO">Created table: Table(columns=['Test_Case_ID', 'Proferma_No', 'Import_Site_Template_File', 'SSR_Routing_Submitted_Latitude_Start', 'SSR_Routing_Submitted_Latitude_End', 'SSR_Routing_Submitted_Longitude_Start', 'SSR_Routing_Submitted_Longitude_End', 'SSR_Routing_Submitted_Cable_Distance', 'SSR_Routing_Submitted_Upload_File', 'DD_Submitted_Upload_file', 'Permission_Start_Submitted_Upload_file', 'PAT_BOQ_Submitted_Upload_file', 'FAT_Permission_iGIS_Submitted_Upload_file', 'Date Running', 'Run_Status', 'Reference_Site_Code', 'SSR_ID', 'Pre-PR', 'PO', 'Result'], rows=1)</msg>
<msg timestamp="20250806 09:43:26.993" level="INFO">${rows} = Table(columns=['Test_Case_ID', 'Proferma_No', 'Import_Site_Template_File', 'SSR_Routing_Submitted_Latitude_Start', 'SSR_Routing_Submitted_Latitude_End', 'SSR_Routing_Submitted_Longitude_Start', 'SSR_R...</msg>
<status status="PASS" starttime="20250806 09:43:26.993" endtime="20250806 09:43:26.993"/>
</kw>
<kw name="Create List" library="BuiltIn">
<var>${values}</var>
<doc>Returns a list containing given items.</doc>
<msg timestamp="20250806 09:43:26.993" level="INFO">${values} = []</msg>
<status status="PASS" starttime="20250806 09:43:26.993" endtime="20250806 09:43:26.993"/>
</kw>
<for flavor="IN">
<var>${row}</var>
<value>@{rows}</value>
<iter>
<var name="${row}">{'Test_Case_ID': '001', 'Proferma_No': 1010001072, 'Import_Site_Template_File': 'Import_Site_Template_Proforma OSP.xls', 'SSR_Routing_Submitted_Latitude_Start': 4.12345, 'SSR_Routing_Submitted_Latitud...</var>
<kw name="Get From Dictionary" library="Collections">
<var>${value}</var>
<arg>${row}</arg>
<arg>${column_name}</arg>
<doc>Returns a value from the given ``dictionary`` based on the given ``key``.</doc>
<msg timestamp="20250806 09:43:26.993" level="INFO">${value} = 7.34567</msg>
<status status="PASS" starttime="20250806 09:43:26.993" endtime="20250806 09:43:26.993"/>
</kw>
<kw name="Append To List" library="Collections">
<arg>${values}</arg>
<arg>${value}</arg>
<doc>Adds ``values`` to the end of ``list``.</doc>
<status status="PASS" starttime="20250806 09:43:26.993" endtime="20250806 09:43:26.993"/>
</kw>
<status status="PASS" starttime="20250806 09:43:26.993" endtime="20250806 09:43:26.993"/>
</iter>
<status status="PASS" starttime="20250806 09:43:26.993" endtime="20250806 09:43:26.993"/>
</for>
<kw name="Close Workbook" library="RPA.Excel.Files">
<doc>Close the active workbook.</doc>
[...]
<arg>column=15</arg>
<arg>value=${Step}</arg>
<doc>Set a cell value in the given worksheet.</doc>
<status status="PASS" starttime="20250806 09:46:31.999" endtime="20250806 09:46:31.999"/>
</kw>
<kw name="Save Workbook" library="RPA.Excel.Files">
<doc>Save the active workbook.</doc>
<status status="PASS" starttime="20250806 09:46:31.999" endtime="20250806 09:46:32.065"/>
</kw>
<kw name="Close Workbook" library="RPA.Excel.Files">
<doc>Close the active workbook.</doc>
<msg timestamp="20250806 09:46:32.065" level="INFO">Closing workbook: &lt;RPA.Excel.Files.XlsxWorkbook object at 0x00000214CB23E9C8&gt;</msg>
<status status="PASS" starttime="20250806 09:46:32.065" endtime="20250806 09:46:32.065"/>
</kw>
<status status="PASS" starttime="20250806 09:46:31.982" endtime="20250806 09:46:32.065"/>
</kw>
<doc>สามารถเข้าเมนู SSR Tracking เพื่อเช็คเลข Pre-PR No ได้</doc>
<tag>Standard_Test</tag>
<status status="PASS" starttime="20250806 09:46:27.240" endtime="20250806 09:46:32.065"/>
</test>
<test id="s1-s1-t32" name="[32] สามารถกดออกจากระบบ Transporter ได้" line="432">
<kw name="Log Out" library="Logout_keywords">
<kw name="Click Menu List" library="menu_keywords">
<kw name="Click Element" library="SeleniumLibrary">
<arg>xpath=${Menu List}</arg>
<doc>Click the element identified by ``locator``.</doc>
<msg timestamp="20250806 09:46:32.065" level="INFO">Clicking element 'xpath=//form/div[1]/table/tbody/tr/td[1]/img'.</msg>
<status status="PASS" starttime="20250806 09:46:32.065" endtime="20250806 09:46:32.115"/>
</kw>
<status status="PASS" starttime="20250806 09:46:32.065" endtime="20250806 09:46:32.115"/>
</kw>
<kw name="Execute Javascript" library="SeleniumLibrary">
<arg>document.getElementById("iconheader:frmMenu:LogOut").click()</arg>
<doc>Executes the given JavaScript code with possible arguments.</doc>
<msg timestamp="20250806 09:46:32.116" level="INFO">Executing JavaScript:
document.getElementById("iconheader:frmMenu:LogOut").click()
Without any arguments.</msg>
<status status="PASS" starttime="20250806 09:46:32.116" endtime="20250806 09:46:32.288"/>
</kw>
<kw name="Sleep" library="BuiltIn">
<arg>1 seconds</arg>
<doc>Pauses the test executed for the given time.</doc>
<msg timestamp="20250806 09:46:33.304" level="INFO">Slept 1 second</msg>
<status status="PASS" starttime="20250806 09:46:32.288" endtime="20250806 09:46:33.304"/>
</kw>
<kw name="Wait Until Page Contains" library="SeleniumLibrary">
<arg>Login</arg>
<arg>10s</arg>
<doc>Waits until ``text`` appears on the current page.</doc>
<status status="PASS" starttime="20250806 09:46:33.304" endtime="20250806 09:46:33.352"/>
</kw>
<status status="PASS" starttime="20250806 09:46:32.065" endtime="20250806 09:46:33.352"/>
</kw>
<kw name="Close Browser" library="SeleniumLibrary">
<doc>Closes the current browser.</doc>
<status status="PASS" starttime="20250806 09:46:33.352" endtime="20250806 09:46:36.764"/>
</kw>
<doc>สามารถกดออกจากระบบ Transporter ได้</doc>
<tag>Standard_Test</tag>
<status status="PASS" starttime="20250806 09:46:32.065" endtime="20250806 09:46:36.764"/>
</test>
<test id="s1-s1-t33" name="[33] สามารถล็อคอินเข้าสู่ระบบ My Net-Work Stagging ได้" line="438">
<kw name="Open Browser To My net-work" library="login_keywords">
<kw name="Open Browser" library="SeleniumLibrary">
<arg>${Mynetwork URL}</arg>
<arg>${BROWSER}</arg>
<doc>Opens a new browser instance to the optional ``url``.</doc>
<msg timestamp="20250806 09:46:36.777" level="INFO">Opening browser 'Chrome' to base url 'https://test-mynetwork.ais.co.th/login'.</msg>
<status status="PASS" starttime="20250806 09:46:36.777" endtime="20250806 09:46:55.816"/>
</kw>
<kw name="Maximize Browser Window" library="SeleniumLibrary">
<doc>Maximizes current browser window.</doc>
<status status="PASS" starttime="20250806 09:46:55.818" endtime="20250806 09:46:55.936"/>
</kw>
<kw name="Set Selenium Timeout" library="SeleniumLibrary">
<arg>10 seconds</arg>
<doc>Sets the timeout that is used by various keywords.</doc>
<status status="PASS" starttime="20250806 09:46:55.936" endtime="20250806 09:46:55.945"/>
</kw>
<status status="PASS" starttime="20250806 09:46:36.777" endtime="20250806 09:46:55.945"/>
</kw>
<kw name="Welcome Page Should Be Open" library="login_keywords">
<arg>${LOGIN TITLE MY NETWORK}</arg>
<kw name="Title Should Be" library="SeleniumLibrary">
<arg>${Title}</arg>
<doc>Verifies that the current page title equals ``title``.</doc>
<msg timestamp="20250806 09:46:55.965" level="INFO">Page title is 'MY NETWORK SYSTEM'.</msg>
<status status="PASS" starttime="20250806 09:46:55.946" endtime="20250806 09:46:55.965"/>
</kw>
<status status="PASS" starttime="20250806 09:46:55.946" endtime="20250806 09:46:55.965"/>
</kw>
<kw name="Login Mynetwork" library="My_network">
<arg>${Mynetwork User}</arg>
<arg>${Mynetwork Pass}</arg>
<kw name="Input Text" library="SeleniumLibrary">
<arg>xpath=${Mynetwork Input User}</arg>
<arg>${User}</arg>
<doc>Types the given ``text`` into the text field identified by ``locator``.</doc>
<msg timestamp="20250806 09:46:55.970" level="INFO">Typing text 'wareerav' into text field 'xpath=//form/div[1]/div/input'.</msg>
<status status="PASS" starttime="20250806 09:46:55.969" endtime="20250806 09:46:56.117"/>
</kw>
<kw name="Input Text" library="SeleniumLibrary">
<arg>xpath=${Mynetwork Input Pass}</arg>
<arg>${Pass}</arg>
<doc>Types the given ``text`` into the text field identified by ``locator``.</doc>
<msg timestamp="20250806 09:46:56.118" level="INFO">Typing text '1' into text field 'xpath=//form/div[2]/div/input'.</msg>
<status status="PASS" starttime="20250806 09:46:56.117" endtime="20250806 09:46:56.208"/>
</kw>
<kw name="Click Element" library="SeleniumLibrary">
<arg>xpath=${Mynetwork Login Button}</arg>
<doc>Click the element identified by ``locator``.</doc>
<msg timestamp="20250806 09:46:56.208" level="INFO">Clicking element 'xpath=//form/div[3]/div/input'.</msg>
<status status="PASS" starttime="20250806 09:46:56.208" endtime="20250806 09:46:56.266"/>
</kw>
<status status="PASS" starttime="20250806 09:46:55.967" endtime="20250806 09:46:56.266"/>
</kw>
<kw name="Sleep" library="BuiltIn">
<arg>1 seconds</arg>
<doc>Pauses the test executed for the given time.</doc>
<msg timestamp="20250806 09:46:57.270" level="INFO">Slept 1 second</msg>
<status status="PASS" starttime="20250806 09:46:56.266" endtime="20250806 09:46:57.270"/>
</kw>
<kw name="Select Mynetwork Menu" library="My_network">
<kw name="Wait Until Element Is Visible" library="SeleniumLibrary">
<arg>xpath=${Mynetwork Menu List}</arg>
<arg>timeout=15s</arg>
<doc>Waits until the element ``locator`` is visible.</doc>
<status status="PASS" starttime="20250806 09:46:57.272" endtime="20250806 09:46:58.822"/>
</kw>
<kw name="Sleep" library="BuiltIn">
<arg>3 seconds</arg>
<doc>Pauses the test executed for the given time.</doc>
<msg timestamp="20250806 09:47:01.834" level="INFO">Slept 3 seconds</msg>
<status status="PASS" starttime="20250806 09:46:58.822" endtime="20250806 09:47:01.834"/>
</kw>
<kw name="Click Element" library="SeleniumLibrary">
<arg>xpath=${Mynetwork Menu List}</arg>
<doc>Click the element identified by ``locator``.</doc>
<msg timestamp="20250806 09:47:01.834" level="INFO">Clicking element 'xpath=//*[@id="btn-toggle-side-menu"]'.</msg>
<status status="PASS" starttime="20250806 09:47:01.834" endtime="20250806 09:47:01.877"/>
</kw>
<kw name="Sleep" library="BuiltIn">
<arg>1 seconds</arg>
<doc>Pauses the test executed for the given time.</doc>
<msg timestamp="20250806 09:47:02.888" level="INFO">Slept 1 second</msg>
<status status="PASS" starttime="20250806 09:47:01.877" endtime="20250806 09:47:02.888"/>
</kw>
<status status="PASS" starttime="20250806 09:46:57.272" endtime="20250806 09:47:02.888"/>
</kw>
<kw name="Select Mynetwork Sub Menu" library="My_network">
<arg>${Pre PR}</arg>
<kw name="Sleep" library="BuiltIn">
<arg>1 seconds</arg>
<doc>Pauses the test executed for the given time.</doc>
<msg timestamp="20250806 09:47:03.903" level="INFO">Slept 1 second</msg>
<status status="PASS" starttime="20250806 09:47:02.892" endtime="20250806 09:47:03.904"/>
</kw>
<kw name="Click Element" library="SeleniumLibrary">
<arg>xpath=${menu}</arg>
<doc>Click the element identified by ``locator``.</doc>
<msg timestamp="20250806 09:47:03.906" level="INFO">Clicking element 'xpath=//ais-mynetwork-menu-side/ul/li[5]/a'.</msg>
<msg timestamp="20250806 09:47:04.151" level="INFO" html="true">&lt;/td&gt;&lt;/tr&gt;&lt;tr&gt;&lt;td colspan="3"&gt;&lt;a href="selenium-screenshot-1.png"&gt;&lt;img src="selenium-screenshot-1.png" width="800px"&gt;&lt;/a&gt;</msg>
<msg timestamp="20250806 09:47:04.151" level="FAIL">ElementNotInteractableException: Message: element not interactable
  (Session info: chrome=114.0.5735.199)
Stacktrace:
Backtrace:
	GetHandleVerifier [0x0038A813+48355]
	(No symbol) [0x0031C4B1]
	(No symbol) [0x00225220]
	(No symbol) [0x00251846]
	(No symbol) [0x00249F5C]
	(No symbol) [0x0026A73C]
	(No symbol) [0x00249A36]
	(No symbol) [0x0026AA94]
	(No symbol) [0x0027C922]
	(No symbol) [0x0026A536]
	(No symbol) [0x002482DC]
	(No symbol) [0x002493DD]
	GetHandleVerifier [0x005EAABD+2539405]
	GetHandleVerifier [0x0062A78F+2800735]
	GetHandleVerifier [0x0062456C+2775612]
	GetHandleVerifier [0x004151E0+616112]
	(No symbol) [0x00325F8C]
	(No symbol) [0x00322328]
	(No symbol) [0x0032240B]
	(No symbol) [0x00314FF7]
	BaseThreadInitThunk [0x77115D49+25]
	RtlInitializeExceptionChain [0x7792D1AB+107]
	RtlGetAppContainerNamedObjectPath [0x7792D131+561]
</msg>
<status status="FAIL" starttime="20250806 09:47:03.904" endtime="20250806 09:47:04.182"/>
</kw>
<status status="FAIL" starttime="20250806 09:47:02.892" endtime="20250806 09:47:04.182"/>
</kw>
<kw name="Select Mynetwork Sub Menu" library="My_network">
<arg>${Search Pre PR}</arg>
<status status="NOT RUN" starttime="20250806 09:47:04.182" endtime="20250806 09:47:04.182"/>
</kw>
<kw name="Mynetwork Serach Doc ID" library="My_network">
<arg>${Pre PR No}</arg>
<status status="NOT RUN" starttime="20250806 09:47:04.182" endtime="20250806 09:47:04.182"/>
</kw>
<kw name="Mynetwork Click Serach Doc ID" library="My_network">
<status status="NOT RUN" starttime="20250806 09:47:04.182" endtime="20250806 09:47:04.182"/>
</kw>
<kw name="Mynetwork Click View Pre-PR" library="My_network">
<status status="NOT RUN" starttime="20250806 09:47:04.182" endtime="20250806 09:47:04.182"/>
</kw>
<kw name="Get PO Detail" library="My_network">
<var>${PO Number}</var>
<status status="NOT RUN" starttime="20250806 09:47:04.182" endtime="20250806 09:47:04.182"/>
</kw>
<kw name="Set Global Variable" library="BuiltIn">
<arg>${PO Number}</arg>
<doc>Makes a variable available globally in all tests and suites.</doc>
<status status="NOT RUN" starttime="20250806 09:47:04.182" endtime="20250806 09:47:04.182"/>
</kw>
<kw name="Write Value PO" library="Excel_Template">
<arg>${PO Number}</arg>
<status status="NOT RUN" starttime="20250806 09:47:04.182" endtime="20250806 09:47:04.182"/>
</kw>
<kw name="Sleep" library="BuiltIn">
<arg>1 seconds</arg>
<doc>Pauses the test executed for the given time.</doc>
<status status="NOT RUN" starttime="20250806 09:47:04.182" endtime="20250806 09:47:04.182"/>
</kw>
<kw name="Write Value To Excel Status" library="Excel_Template">
<arg>TC_012 My network Steps</arg>
<status status="NOT RUN" starttime="20250806 09:47:04.182" endtime="20250806 09:47:04.182"/>
</kw>
<doc>สามารถล็อคอิน My Net-Work Stagging และทำการตรวจเลข PO ได้</doc>
<tag>Standard_Test</tag>
<status status="FAIL" starttime="20250806 09:46:36.764" endtime="20250806 09:47:04.182">ElementNotInteractableException: Message: element not interactable
  (Session info: chrome=114.0.5735.199)
Stacktrace:
Backtrace:
	GetHandleVerifier [0x0038A813+48355]
	(No symbol) [0x0031C4B1]
	(No symbol) [0x00225220]
	(No symbol) [0x00251846]
	(No symbol) [0x00249F5C]
	(No symbol) [0x0026A73C]
	(No symbol) [0x00249A36]
	(No symbol) [0x0026AA94]
	(No symbol) [0x0027C922]
	(No symbol) [0x0026A536]
	(No symbol) [0x002482DC]
	(No symbol) [0x002493DD]
	GetHandleVerifier [0x005EAABD+2539405]
	GetHandleVerifier [0x0062A78F+2800735]
	GetHandleVerifier [0x0062456C+2775612]
	GetHandleVerifier [0x004151E0+616112]
	(No symbol) [0x00325F8C]
	(No symbol) [0x00322328]
	(No symbol) [0x0032240B]
	(No symbol) [0x00314FF7]
	BaseThreadInitThunk [0x77115D49+25]
	RtlInitializeExceptionChain [0x7792D1AB+107]
	RtlGetAppContainerNamedObjectPath [0x7792D131+561]
</status>
</test>
<test id="s1-s1-t34" name="[34] ทำการปิด Browser My Net-Work" line="459">
<kw name="Close Browser" library="SeleniumLibrary">
<doc>Closes the current browser.</doc>
<status status="PASS" starttime="20250806 09:47:04.182" endtime="20250806 09:47:07.169"/>
</kw>
<doc>ทำการปิด Browser My Net-Work</doc>
<tag>Standard_Test</tag>
<status status="PASS" starttime="20250806 09:47:04.182" endtime="20250806 09:47:07.169"/>
</test>
<test id="s1-s1-t35" name="[35] ทำการรอ Approved 2 นาที" line="465">
<kw name="Sleep" library="BuiltIn">
<arg>120 seconds</arg>
<doc>Pauses the test executed for the given time.</doc>
<status status="FAIL" starttime="20250806 09:47:07.180" endtime="20250806 09:47:30.240"/>
</kw>
<doc>ทำการรอ Approved 2 นาทีจากขั้นตอน PAT/BOQ Approved</doc>
<tag>Standard_Test</tag>
<status status="FAIL" starttime="20250806 09:47:07.169" endtime="20250806 09:47:30.241">Execution terminated by signal</status>
</test>
<test id="s1-s1-t36" name="[36] สามารถเปิดเว็บ Transporter ได้" line="470">
<doc>Open Browser To Web Transporter</doc>
<tag>robot:exit</tag>
<tag>Standard_Test</tag>
<status status="FAIL" starttime="20250806 09:47:30.244" endtime="20250806 09:47:30.244">Test execution stopped due to a fatal error.</status>
</test>
<test id="s1-s1-t37" name="[37] สามารถล็อคอินเข้าสู่ระบบ Transporter ได้" line="477">
<doc>สามารถล็อคอินเข้าสู่ระบบ Transporter ได้</doc>
<tag>robot:exit</tag>
<tag>Standard_Test</tag>
<status status="FAIL" starttime="20250806 09:47:30.244" endtime="20250806 09:47:30.259">Test execution stopped due to a fatal error.</status>
</test>
<test id="s1-s1-t38" name="[38] สามารถเข้าเมนู SSR Tracking ได้" line="484">
<doc>สามารถเข้าเมนู SSR Tracking ได้ และตรวจสอบสถานะ PAT/BOQ Approved</doc>
<tag>robot:exit</tag>
<tag>Standard_Test</tag>
<status status="FAIL" starttime="20250806 09:47:30.259" endtime="20250806 09:47:30.259">Test execution stopped due to a fatal error.</status>
</test>
<test id="s1-s1-t39" name="[39] สามารถทำรายการ Load PO ได้" line="500">
<doc>สามารถทำรายการ Load PO ได้จนจบขั้นตอน</doc>
<tag>Load_PO</tag>
<tag>robot:exit</tag>
<tag>Standard_Test</tag>
<status status="FAIL" starttime="20250806 09:47:30.275" endtime="20250806 09:47:30.276">Test execution stopped due to a fatal error.</status>
</test>
<test id="s1-s1-t40" name="[40] ทำการปิด Browser My Net-Work" line="516">
<doc>ทำการปิด Browser My Net-Work</doc>
<tag>robot:exit</tag>
<tag>Standard_Test</tag>
<status status="FAIL" starttime="20250806 09:47:30.276" endtime="20250806 09:47:30.287">Test execution stopped due to a fatal error.</status>
</test>
<test id="s1-s1-t41" name="[41] ทำการเปิด Browser AMM ได้" line="521">
<doc>ทำการเปิด Browser AMM และทำการ Run Batch ได้</doc>
<tag>robot:exit</tag>
<tag>Standard_Test</tag>
<status status="FAIL" starttime="20250806 09:47:30.287" endtime="20250806 09:47:30.293">Test execution stopped due to a fatal error.</status>
</test>
<test id="s1-s1-t42" name="[42] ทำการปิด Browser AMM" line="530">
<doc>ทำการปิด Browser AMM ได้</doc>
<tag>robot:exit</tag>
<tag>Standard_Test</tag>
<status status="FAIL" starttime="20250806 09:47:30.293" endtime="20250806 09:47:30.298">Test execution stopped due to a fatal error.</status>
</test>
<test id="s1-s1-t43" name="[43] ทำการเปิด Browser Transporter" line="535">
<doc>ทำการเปิด Browser Transporter</doc>
<tag>robot:exit</tag>
<tag>Standard_Test</tag>
<status status="FAIL" starttime="20250806 09:47:30.298" endtime="20250806 09:47:30.303">Test execution stopped due to a fatal error.</status>
</test>
<test id="s1-s1-t44" name="[44] สามารถล็อคอินเข้าสู่ระบบ Transporter ได้" line="541">
<doc>สามารถล็อคอินเข้าสู่ระบบ Transporter ได้</doc>
<tag>robot:exit</tag>
<tag>Standard_Test</tag>
<status status="FAIL" starttime="20250806 09:47:30.303" endtime="20250806 09:47:30.307">Test execution stopped due to a fatal error.</status>
</test>
<test id="s1-s1-t45" name="[45] สามารถทำรายการ GR Approved ได้" line="548">
<doc>สามารถทำรายการ GR Approved ได้จนจบขั้นตอน</doc>
<tag>robot:exit</tag>
<tag>Standard_Test</tag>
<status status="FAIL" starttime="20250806 09:47:30.307" endtime="20250806 09:47:30.307">Test execution stopped due to a fatal error.</status>
</test>
<test id="s1-s1-t46" name="[46] สามารถกดออกจากระบบ Transporter ได้" line="570">
<doc>สามารถกดออกจากระบบ Transporter ได้</doc>
<tag>robot:exit</tag>
<tag>Standard_Test</tag>
<status status="FAIL" starttime="20250806 09:47:30.307" endtime="20250806 09:47:30.307">Test execution stopped due to a fatal error.</status>
</test>
<test id="s1-s1-t47" name="[47] ทำการรอ GR Approved 1.30 นาที" line="575">
<doc>ทำการรอ GR Approved 1.30 นาที</doc>
<tag>robot:exit</tag>
<tag>Standard_Test</tag>
<status status="FAIL" starttime="20250806 09:47:30.323" endtime="20250806 09:47:30.323">Test execution stopped due to a fatal error.</status>
</test>
<test id="s1-s1-t48" name="[48] สามารถล็อคอินเข้าสู่ระบบ Transporter ได้" line="580">
<doc>สามารถล็อคอินเข้าสู่ระบบ Transporter ได้</doc>
<tag>robot:exit</tag>
<tag>Standard_Test</tag>
<status status="FAIL" starttime="20250806 09:47:30.323" endtime="20250806 09:47:30.323">Test execution stopped due to a fatal error.</status>
</test>
<test id="s1-s1-t49" name="[49] สามารถทำรายการ FAT/Permission Submitted ได้" line="587">
<doc>สามารถทำรายการ FAT/Permission Submitted ได้จนจบขั้นตอน</doc>
<tag>robot:exit</tag>
<tag>Standard_Test</tag>
<status status="FAIL" starttime="20250806 09:47:30.323" endtime="20250806 09:47:30.323">Test execution stopped due to a fatal error.</status>
</test>
<test id="s1-s1-t50" name="[50] สามารถกดออกจากระบบ Transporter ได้" line="613">
<doc>สามารถกดออกจากระบบ Transporter ได้</doc>
<tag>robot:exit</tag>
<tag>Standard_Test</tag>
<status status="FAIL" starttime="20250806 09:47:30.323" endtime="20250806 09:47:30.323">Test execution stopped due to a fatal error.</status>
</test>
<test id="s1-s1-t51" name="[51] สามารถล็อคอินเข้าสู่ระบบ Transporter ได้" line="618">
<doc>สามารถล็อคอินเข้าสู่ระบบ Transporter ได้</doc>
<tag>robot:exit</tag>
<tag>Standard_Test</tag>
<status status="FAIL" starttime="20250806 09:47:30.339" endtime="20250806 09:47:30.339">Test execution stopped due to a fatal error.</status>
</test>
<test id="s1-s1-t52" name="[52] สามารถทำรายการ FAT/Permission Approved ได้" line="625">
<doc>FAT/Permission Approved</doc>
<tag>robot:exit</tag>
<tag>Standard_Test</tag>
<status status="FAIL" starttime="20250806 09:47:30.339" endtime="20250806 09:47:30.339">Test execution stopped due to a fatal error.</status>
</test>
<test id="s1-s1-t53" name="[53] ทำการตรวจสอบขั้นตอนทั้งหมด" line="643">
<doc>ทำการตรวจสอบขั้นตอนทั้งหมดและทำการรายงานผล</doc>
<tag>robot:exit</tag>
<tag>Standard_Test</tag>
<status status="FAIL" starttime="20250806 09:47:30.339" endtime="20250806 09:47:30.339">Test execution stopped due to a fatal error.</status>
</test>
<status status="FAIL" starttime="20250806 09:42:40.846" endtime="20250806 09:47:30.339"/>
</suite>
<status status="FAIL" starttime="20250806 09:42:40.823" endtime="20250806 09:47:30.339"/>
</suite>
<statistics>
<total>
<stat pass="33" fail="20" skip="0">All Tests</stat>
</total>
<tag>
<stat pass="33" fail="2" skip="0" info="combined" combined="NOT robot:exit">NOT robot:exit</stat>
<stat pass="0" fail="1" skip="0">Load_PO</stat>
<stat pass="33" fail="20" skip="0">Standard_Test</stat>
</tag>
<suite>
<stat pass="33" fail="20" skip="0" id="s1" name="FBB OSP for TPT III">FBB OSP for TPT III</stat>
<stat pass="33" fail="20" skip="0" id="s1-s1" name="FBB OSP for TPT III">FBB OSP for TPT III.FBB OSP for TPT III</stat>
</suite>
</statistics>
<errors>
</errors>
</robot>
